Using pre-set license
Built from '2021.3/staging' branch; Version is '2021.3.0f1 (6eacc8284459) revision 7253192'; Using compiler version '192829333'; Build Type 'Release'
OS: 'Windows 11  (10.0.22000) 64bit Core' Language: 'es' Physical Memory: 16198 MB
BatchMode: 1, IsHumanControllingUs: 0, StartBugReporterOnCrash: 0, Is64bit: 1, IsPro: 1

COMMAND LINE ARGUMENTS:
C:\Program Files\Unity\Hub\Editor\2021.3.0f1\Editor\Unity.exe
-adb2
-batchMode
-noUpm
-name
AssetImportWorker1
-projectPath
C:/Users/artur/OneDrive/Escritorio/FICGames/TheCode3D
-logFile
Logs/AssetImportWorker1.log
-srvPort
15444
Successfully changed project path to: C:/Users/artur/OneDrive/Escritorio/FICGames/TheCode3D
C:/Users/artur/OneDrive/Escritorio/FICGames/TheCode3D
[UnityMemory] Configuration Parameters - Can be set up in boot.config
    "memorysetup-bucket-allocator-granularity=16"
    "memorysetup-bucket-allocator-bucket-count=8"
    "memorysetup-bucket-allocator-block-size=33554432"
    "memorysetup-bucket-allocator-block-count=8"
    "memorysetup-main-allocator-block-size=16777216"
    "memorysetup-thread-allocator-block-size=16777216"
    "memorysetup-gfx-main-allocator-block-size=16777216"
    "memorysetup-gfx-thread-allocator-block-size=16777216"
    "memorysetup-cache-allocator-block-size=4194304"
    "memorysetup-typetree-allocator-block-size=2097152"
    "memorysetup-profiler-bucket-allocator-granularity=16"
    "memorysetup-profiler-bucket-allocator-bucket-count=8"
    "memorysetup-profiler-bucket-allocator-block-size=33554432"
    "memorysetup-profiler-bucket-allocator-block-count=8"
    "memorysetup-profiler-allocator-block-size=16777216"
    "memorysetup-profiler-editor-allocator-block-size=1048576"
    "memorysetup-temp-allocator-size-main=16777216"
    "memorysetup-job-temp-allocator-block-size=2097152"
    "memorysetup-job-temp-allocator-block-size-background=1048576"
    "memorysetup-job-temp-allocator-reduction-small-platforms=262144"
    "memorysetup-temp-allocator-size-background-worker=32768"
    "memorysetup-temp-allocator-size-job-worker=262144"
    "memorysetup-temp-allocator-size-preload-manager=33554432"
    "memorysetup-temp-allocator-size-nav-mesh-worker=65536"
    "memorysetup-temp-allocator-size-audio-worker=65536"
    "memorysetup-temp-allocator-size-cloud-worker=32768"
    "memorysetup-temp-allocator-size-gi-baking-worker=262144"
    "memorysetup-temp-allocator-size-gfx=262144"
Refreshing native plugins compatible for Editor in 163.17 ms, found 2 plugins.
Preloading 0 native plugins for Editor in 0.00 ms.
Initialize engine version: 2021.3.0f1 (6eacc8284459)
[Subsystems] Discovering subsystems at path C:/Program Files/Unity/Hub/Editor/2021.3.0f1/Editor/Data/Resources/UnitySubsystems
[Subsystems] Discovering subsystems at path C:/Users/artur/OneDrive/Escritorio/FICGames/TheCode3D/Assets
GfxDevice: creating device client; threaded=0; jobified=0
Direct3D:
    Version:  Direct3D 11.0 [level 11.1]
    Renderer: NVIDIA GeForce GTX 1050 with Max-Q Design (ID=0x1c8d)
    Vendor:   NVIDIA
    VRAM:     1979 MB
    Driver:   27.21.14.6259
Initialize mono
Mono path[0] = 'C:/Program Files/Unity/Hub/Editor/2021.3.0f1/Editor/Data/Managed'
Mono path[1] = 'C:/Program Files/Unity/Hub/Editor/2021.3.0f1/Editor/Data/MonoBleedingEdge/lib/mono/unityjit-win32'
Mono config path = 'C:/Program Files/Unity/Hub/Editor/2021.3.0f1/Editor/Data/MonoBleedingEdge/etc'
Using monoOptions --debugger-agent=transport=dt_socket,embedding=1,server=y,suspend=n,address=127.0.0.1:56984
Begin MonoManager ReloadAssembly
Registering precompiled unity dll's ...
Register platform support module: C:/Program Files/Unity/Hub/Editor/2021.3.0f1/Editor/Data/PlaybackEngines/WindowsStandaloneSupport/UnityEditor.WindowsStandalone.Extensions.dll
Registered in 0.017461 seconds.
Native extension for WindowsStandalone target not found
Refreshing native plugins compatible for Editor in 145.96 ms, found 2 plugins.
Preloading 0 native plugins for Editor in 0.00 ms.
Mono: successfully reloaded assembly
- Completed reload, in  3.576 seconds
Domain Reload Profiling:
	ReloadAssembly (3578ms)
		BeginReloadAssembly (296ms)
			ExecutionOrderSort (0ms)
			DisableScriptedObjects (0ms)
			BackupInstance (0ms)
			ReleaseScriptingObjects (0ms)
			CreateAndSetChildDomain (2ms)
		EndReloadAssembly (2817ms)
			LoadAssemblies (289ms)
			RebuildTransferFunctionScriptingTraits (0ms)
			SetupTypeCache (573ms)
			ReleaseScriptCaches (0ms)
			RebuildScriptCaches (559ms)
			SetupLoadedEditorAssemblies (1412ms)
				LogAssemblyErrors (0ms)
				InitializePlatformSupportModulesInManaged (24ms)
				SetLoadedEditorAssemblies (1ms)
				RefreshPlugins (146ms)
				BeforeProcessingInitializeOnLoad (31ms)
				ProcessInitializeOnLoadAttributes (790ms)
				ProcessInitializeOnLoadMethodAttributes (420ms)
				AfterProcessingInitializeOnLoad (1ms)
				EditorAssembliesLoaded (0ms)
			ExecutionOrderSort2 (0ms)
			AwakeInstancesAfterBackupRestoration (0ms)
Platform modules already initialized, skipping
Registering precompiled user dll's ...
Registered in 0.007860 seconds.
Begin MonoManager ReloadAssembly
Symbol file LoadedFromMemory is not a mono symbol file
Native extension for WindowsStandalone target not found
Refreshing native plugins compatible for Editor in 1.05 ms, found 2 plugins.
Preloading 0 native plugins for Editor in 0.00 ms.
Mono: successfully reloaded assembly
- Completed reload, in  4.923 seconds
Domain Reload Profiling:
	ReloadAssembly (4930ms)
		BeginReloadAssembly (474ms)
			ExecutionOrderSort (0ms)
			DisableScriptedObjects (17ms)
			BackupInstance (0ms)
			ReleaseScriptingObjects (0ms)
			CreateAndSetChildDomain (62ms)
		EndReloadAssembly (3697ms)
			LoadAssemblies (655ms)
			RebuildTransferFunctionScriptingTraits (0ms)
			SetupTypeCache (910ms)
			ReleaseScriptCaches (1ms)
			RebuildScriptCaches (410ms)
			SetupLoadedEditorAssemblies (1631ms)
				LogAssemblyErrors (0ms)
				InitializePlatformSupportModulesInManaged (20ms)
				SetLoadedEditorAssemblies (3ms)
				RefreshPlugins (1ms)
				BeforeProcessingInitializeOnLoad (168ms)
				ProcessInitializeOnLoadAttributes (1340ms)
				ProcessInitializeOnLoadMethodAttributes (81ms)
				AfterProcessingInitializeOnLoad (17ms)
				EditorAssembliesLoaded (0ms)
			ExecutionOrderSort2 (0ms)
			AwakeInstancesAfterBackupRestoration (18ms)
Platform modules already initialized, skipping
========================================================================
Worker process is ready to serve import requests
Launched and connected shader compiler UnityShaderCompiler.exe after 0.84 seconds
Refreshing native plugins compatible for Editor in 3.85 ms, found 2 plugins.
Preloading 0 native plugins for Editor in 0.00 ms.
Unloading 1544 Unused Serialized files (Serialized files now loaded: 0)
Unloading 16 unused Assets / (56.5 KB). Loaded Objects now: 2026.
Memory consumption went from 81.5 MB to 81.4 MB.
Total: 10.398700 ms (FindLiveObjects: 0.274200 ms CreateObjectMapping: 0.173100 ms MarkObjects: 9.770400 ms  DeleteObjects: 0.179000 ms)

AssetImportParameters requested are different than current active one (requested -> active):
  custom:video-decoder-ogg-theora: a1e56fd34408186e4bbccfd4996cb3dc -> 
  custom:container-muxer-webm: aa71ff27fc2769a1b78a27578f13a17b -> 
  custom:container-demuxer-webm: 4f35f7cbe854078d1ac9338744f61a02 -> 
  custom:video-encoder-webm-vp8: eb34c28f22e8b96e1ab97ce403110664 -> 
  custom:audio-encoder-webm-vorbis: bf7c407c2cedff20999df2af8eb42d56 -> 
  custom:framework-win-MediaFoundation: 216162199b28c13a410421893ffa2e32 -> 
  custom:container-demuxer-ogg: 62fdf1f143b41e24485cea50d1cbac27 -> 
  custom:video-decoder-webm-vp8: 9c59270c3fd7afecdb556c50c9e8de78 -> 
  custom:audio-decoder-ogg-vorbis: bf7c407c2cedff20999df2af8eb42d56 -> 
========================================================================
Received Import Request.
  Time since last request: 3556.765337 seconds.
  path: Assets/Wand and Circles/Polygon City Free Pack - Environment and Interior/DEMO/ReflectionProbe-0.exr
  artifactKey: Guid(5b8cf7fd48ea21b47829da468c97f6cc) Importer(815301076,1909f56bfc062723c751e8b465ee728b)
Start importing Assets/Wand and Circles/Polygon City Free Pack - Environment and Interior/DEMO/ReflectionProbe-0.exr using Guid(5b8cf7fd48ea21b47829da468c97f6cc) Importer(815301076,1909f56bfc062723c751e8b465ee728b)  -> (artifact id: 'f67fba91d71a655ede16387deb44ef6a') in 0.457776 seconds 
========================================================================
Received Import Request.
  Time since last request: 264.404203 seconds.
  path: Assets/Wand and Circles/Polygon City Free Pack - Environment and Interior/Materials/StoneColors/1.mat
  artifactKey: Guid(5105c16617b77e54281e310f2b309cf6) Importer(815301076,1909f56bfc062723c751e8b465ee728b)
Start importing Assets/Wand and Circles/Polygon City Free Pack - Environment and Interior/Materials/StoneColors/1.mat using Guid(5105c16617b77e54281e310f2b309cf6) Importer(815301076,1909f56bfc062723c751e8b465ee728b)  -> (artifact id: '51513446a2ffbf845a1d69bdd4463096') in 3.107192 seconds 
========================================================================
Received Import Request.
  Time since last request: 0.000052 seconds.
  path: Assets/Wand and Circles/Polygon City Free Pack - Environment and Interior/Materials/StoneColors/2.mat
  artifactKey: Guid(55c9c530793a5b64cab6886075450671) Importer(815301076,1909f56bfc062723c751e8b465ee728b)
Start importing Assets/Wand and Circles/Polygon City Free Pack - Environment and Interior/Materials/StoneColors/2.mat using Guid(55c9c530793a5b64cab6886075450671) Importer(815301076,1909f56bfc062723c751e8b465ee728b)  -> (artifact id: 'de985f7f75a7aa9eb30a007b75194cc1') in 0.043763 seconds 
========================================================================
Received Import Request.
  Time since last request: 0.000037 seconds.
  path: Assets/Wand and Circles/Polygon City Free Pack - Environment and Interior/Fbx/Materials/Gradients_3.004.mat
  artifactKey: Guid(7a99bb9e21a947a4b977d00bf0b6ecb7) Importer(815301076,1909f56bfc062723c751e8b465ee728b)
Start importing Assets/Wand and Circles/Polygon City Free Pack - Environment and Interior/Fbx/Materials/Gradients_3.004.mat using Guid(7a99bb9e21a947a4b977d00bf0b6ecb7) Importer(815301076,1909f56bfc062723c751e8b465ee728b)  -> (artifact id: '43d23c069125fc3f9bc36f3b9154839b') in 0.910701 seconds 
========================================================================
Received Import Request.
  Time since last request: 0.000044 seconds.
  path: Assets/Wand and Circles/Polygon City Free Pack - Environment and Interior/Materials/PaperTexture.mat
  artifactKey: Guid(41a8b341ff5320d499cd2dcc490a87f9) Importer(815301076,1909f56bfc062723c751e8b465ee728b)
Start importing Assets/Wand and Circles/Polygon City Free Pack - Environment and Interior/Materials/PaperTexture.mat using Guid(41a8b341ff5320d499cd2dcc490a87f9) Importer(815301076,1909f56bfc062723c751e8b465ee728b)  -> (artifact id: 'ae4d4c51e784fba2a8ef4e2e61b43640') in 0.061362 seconds 
========================================================================
Received Import Request.
  Time since last request: 0.000050 seconds.
  path: Assets/GLASSOFCOINS - FPS low poly fps/sniper rifle 2/sniper rifle 2.fbx
  artifactKey: Guid(3083a36aaa5642f468195b299e70b38e) Importer(815301076,1909f56bfc062723c751e8b465ee728b)
Start importing Assets/GLASSOFCOINS - FPS low poly fps/sniper rifle 2/sniper rifle 2.fbx using Guid(3083a36aaa5642f468195b299e70b38e) Importer(815301076,1909f56bfc062723c751e8b465ee728b)  -> (artifact id: '459be4c34af95e8aecbb54d5748e1059') in 0.451115 seconds 
========================================================================
Received Import Request.
  Time since last request: 0.000041 seconds.
  path: Assets/Wand and Circles/Polygon City Free Pack - Environment and Interior/Materials/Gradients_3.mat
  artifactKey: Guid(eb39674776ca99140885fd3de5757672) Importer(815301076,1909f56bfc062723c751e8b465ee728b)
Start importing Assets/Wand and Circles/Polygon City Free Pack - Environment and Interior/Materials/Gradients_3.mat using Guid(eb39674776ca99140885fd3de5757672) Importer(815301076,1909f56bfc062723c751e8b465ee728b)  -> (artifact id: 'fc3efe2138a46acea160541b44f23abb') in 0.061238 seconds 
========================================================================
Received Import Request.
  Time since last request: 0.000125 seconds.
  path: Assets/GLASSOFCOINS - FPS low poly fps/sniper rifle 1/sniper rifle 1.fbx
  artifactKey: Guid(1f2bd1c22d3be4c468a13bca7f4a129c) Importer(815301076,1909f56bfc062723c751e8b465ee728b)
Start importing Assets/GLASSOFCOINS - FPS low poly fps/sniper rifle 1/sniper rifle 1.fbx using Guid(1f2bd1c22d3be4c468a13bca7f4a129c) Importer(815301076,1909f56bfc062723c751e8b465ee728b)  -> (artifact id: '65961a9f5535fe9bb26a11482ac78f71') in 0.198852 seconds 
========================================================================
Received Import Request.
  Time since last request: 0.000048 seconds.
  path: Assets/GLASSOFCOINS - FPS low poly fps/bullets/bullets.fbx
  artifactKey: Guid(103b89bf599bf4844990447bba2b460f) Importer(815301076,1909f56bfc062723c751e8b465ee728b)
Start importing Assets/GLASSOFCOINS - FPS low poly fps/bullets/bullets.fbx using Guid(103b89bf599bf4844990447bba2b460f) Importer(815301076,1909f56bfc062723c751e8b465ee728b)  -> (artifact id: 'ba72e45d0e3b49a60210a9ff3937c071') in 0.159369 seconds 
========================================================================
Received Import Request.
  Time since last request: 0.000063 seconds.
  path: Assets/GLASSOFCOINS - FPS low poly fps/smg2(sub-machine gun)/smg2(sub-machine gun).fbx
  artifactKey: Guid(9dc5517fd53dccb40b195e1098d5ebb4) Importer(815301076,1909f56bfc062723c751e8b465ee728b)
Start importing Assets/GLASSOFCOINS - FPS low poly fps/smg2(sub-machine gun)/smg2(sub-machine gun).fbx using Guid(9dc5517fd53dccb40b195e1098d5ebb4) Importer(815301076,1909f56bfc062723c751e8b465ee728b)  -> (artifact id: '172261300627fd143f97cb2bf0b78612') in 0.259770 seconds 
========================================================================
Received Import Request.
  Time since last request: 0.000049 seconds.
  path: Assets/GLASSOFCOINS - FPS low poly fps/throwables/throwables.fbx
  artifactKey: Guid(0296b04e27ab65b43be4999dfba2abdb) Importer(815301076,1909f56bfc062723c751e8b465ee728b)
Start importing Assets/GLASSOFCOINS - FPS low poly fps/throwables/throwables.fbx using Guid(0296b04e27ab65b43be4999dfba2abdb) Importer(815301076,1909f56bfc062723c751e8b465ee728b)  -> (artifact id: '710fc10d0a3bc57f219dc3ff9959fb7d') in 0.178281 seconds 
========================================================================
Received Import Request.
  Time since last request: 0.000412 seconds.
  path: Assets/GLASSOFCOINS - FPS low poly fps/shotgun1/shotgun1.fbx
  artifactKey: Guid(3b05f053ef217764798ada4e18051b01) Importer(815301076,1909f56bfc062723c751e8b465ee728b)
Start importing Assets/GLASSOFCOINS - FPS low poly fps/shotgun1/shotgun1.fbx using Guid(3b05f053ef217764798ada4e18051b01) Importer(815301076,1909f56bfc062723c751e8b465ee728b)  -> (artifact id: '28f397640058e03dbef32199127bb404') in 0.166569 seconds 
Editor requested this worker to shutdown with reason: Scaling down because of idle timeout
AssetImportWorker is now disconnected from the server
Process exiting
Exiting without the bug reporter. Application will terminate with return code 0