Using pre-set license
Built from '2021.3/staging' branch; Version is '2021.3.0f1 (6eacc8284459) revision 7253192'; Using compiler version '192829333'; Build Type 'Release'
OS: 'Windows 11  (10.0.22000) 64bit Core' Language: 'es' Physical Memory: 16198 MB
BatchMode: 1, IsHumanControllingUs: 0, StartBugReporterOnCrash: 0, Is64bit: 1, IsPro: 1

COMMAND LINE ARGUMENTS:
C:\Program Files\Unity\Hub\Editor\2021.3.0f1\Editor\Unity.exe
-adb2
-batchMode
-noUpm
-name
AssetImportWorker4
-projectPath
C:/Users/artur/OneDrive/Escritorio/FICGames/TheCode3D
-logFile
Logs/AssetImportWorker4.log
-srvPort
15444
Successfully changed project path to: C:/Users/artur/OneDrive/Escritorio/FICGames/TheCode3D
C:/Users/artur/OneDrive/Escritorio/FICGames/TheCode3D
[UnityMemory] Configuration Parameters - Can be set up in boot.config
    "memorysetup-bucket-allocator-granularity=16"
    "memorysetup-bucket-allocator-bucket-count=8"
    "memorysetup-bucket-allocator-block-size=33554432"
    "memorysetup-bucket-allocator-block-count=8"
    "memorysetup-main-allocator-block-size=16777216"
    "memorysetup-thread-allocator-block-size=16777216"
    "memorysetup-gfx-main-allocator-block-size=16777216"
    "memorysetup-gfx-thread-allocator-block-size=16777216"
    "memorysetup-cache-allocator-block-size=4194304"
    "memorysetup-typetree-allocator-block-size=2097152"
    "memorysetup-profiler-bucket-allocator-granularity=16"
    "memorysetup-profiler-bucket-allocator-bucket-count=8"
    "memorysetup-profiler-bucket-allocator-block-size=33554432"
    "memorysetup-profiler-bucket-allocator-block-count=8"
    "memorysetup-profiler-allocator-block-size=16777216"
    "memorysetup-profiler-editor-allocator-block-size=1048576"
    "memorysetup-temp-allocator-size-main=16777216"
    "memorysetup-job-temp-allocator-block-size=2097152"
    "memorysetup-job-temp-allocator-block-size-background=1048576"
    "memorysetup-job-temp-allocator-reduction-small-platforms=262144"
    "memorysetup-temp-allocator-size-background-worker=32768"
    "memorysetup-temp-allocator-size-job-worker=262144"
    "memorysetup-temp-allocator-size-preload-manager=33554432"
    "memorysetup-temp-allocator-size-nav-mesh-worker=65536"
    "memorysetup-temp-allocator-size-audio-worker=65536"
    "memorysetup-temp-allocator-size-cloud-worker=32768"
    "memorysetup-temp-allocator-size-gi-baking-worker=262144"
    "memorysetup-temp-allocator-size-gfx=262144"
Refreshing native plugins compatible for Editor in 89.19 ms, found 2 plugins.
Preloading 0 native plugins for Editor in 0.00 ms.
Initialize engine version: 2021.3.0f1 (6eacc8284459)
[Subsystems] Discovering subsystems at path C:/Program Files/Unity/Hub/Editor/2021.3.0f1/Editor/Data/Resources/UnitySubsystems
[Subsystems] Discovering subsystems at path C:/Users/artur/OneDrive/Escritorio/FICGames/TheCode3D/Assets
GfxDevice: creating device client; threaded=0; jobified=0
Direct3D:
    Version:  Direct3D 11.0 [level 11.1]
    Renderer: NVIDIA GeForce GTX 1050 with Max-Q Design (ID=0x1c8d)
    Vendor:   NVIDIA
    VRAM:     1979 MB
    Driver:   27.21.14.6259
Initialize mono
Mono path[0] = 'C:/Program Files/Unity/Hub/Editor/2021.3.0f1/Editor/Data/Managed'
Mono path[1] = 'C:/Program Files/Unity/Hub/Editor/2021.3.0f1/Editor/Data/MonoBleedingEdge/lib/mono/unityjit-win32'
Mono config path = 'C:/Program Files/Unity/Hub/Editor/2021.3.0f1/Editor/Data/MonoBleedingEdge/etc'
Using monoOptions --debugger-agent=transport=dt_socket,embedding=1,server=y,suspend=n,address=127.0.0.1:56864
Begin MonoManager ReloadAssembly
Registering precompiled unity dll's ...
Register platform support module: C:/Program Files/Unity/Hub/Editor/2021.3.0f1/Editor/Data/PlaybackEngines/WindowsStandaloneSupport/UnityEditor.WindowsStandalone.Extensions.dll
Registered in 0.014700 seconds.
Native extension for WindowsStandalone target not found
Refreshing native plugins compatible for Editor in 91.42 ms, found 2 plugins.
Preloading 0 native plugins for Editor in 0.00 ms.
Mono: successfully reloaded assembly
- Completed reload, in  2.056 seconds
Domain Reload Profiling:
	ReloadAssembly (2058ms)
		BeginReloadAssembly (349ms)
			ExecutionOrderSort (0ms)
			DisableScriptedObjects (0ms)
			BackupInstance (0ms)
			ReleaseScriptingObjects (0ms)
			CreateAndSetChildDomain (3ms)
		EndReloadAssembly (1344ms)
			LoadAssemblies (319ms)
			RebuildTransferFunctionScriptingTraits (0ms)
			SetupTypeCache (364ms)
			ReleaseScriptCaches (0ms)
			RebuildScriptCaches (93ms)
			SetupLoadedEditorAssemblies (728ms)
				LogAssemblyErrors (0ms)
				InitializePlatformSupportModulesInManaged (22ms)
				SetLoadedEditorAssemblies (1ms)
				RefreshPlugins (92ms)
				BeforeProcessingInitializeOnLoad (4ms)
				ProcessInitializeOnLoadAttributes (463ms)
				ProcessInitializeOnLoadMethodAttributes (148ms)
				AfterProcessingInitializeOnLoad (0ms)
				EditorAssembliesLoaded (0ms)
			ExecutionOrderSort2 (0ms)
			AwakeInstancesAfterBackupRestoration (0ms)
Platform modules already initialized, skipping
Registering precompiled user dll's ...
Registered in 0.008686 seconds.
Begin MonoManager ReloadAssembly
Symbol file LoadedFromMemory is not a mono symbol file
Native extension for WindowsStandalone target not found
Refreshing native plugins compatible for Editor in 0.88 ms, found 2 plugins.
Preloading 0 native plugins for Editor in 0.00 ms.
Mono: successfully reloaded assembly
- Completed reload, in  2.731 seconds
Domain Reload Profiling:
	ReloadAssembly (2733ms)
		BeginReloadAssembly (320ms)
			ExecutionOrderSort (0ms)
			DisableScriptedObjects (18ms)
			BackupInstance (0ms)
			ReleaseScriptingObjects (0ms)
			CreateAndSetChildDomain (53ms)
		EndReloadAssembly (1969ms)
			LoadAssemblies (217ms)
			RebuildTransferFunctionScriptingTraits (0ms)
			SetupTypeCache (609ms)
			ReleaseScriptCaches (1ms)
			RebuildScriptCaches (131ms)
			SetupLoadedEditorAssemblies (887ms)
				LogAssemblyErrors (0ms)
				InitializePlatformSupportModulesInManaged (14ms)
				SetLoadedEditorAssemblies (1ms)
				RefreshPlugins (1ms)
				BeforeProcessingInitializeOnLoad (166ms)
				ProcessInitializeOnLoadAttributes (618ms)
				ProcessInitializeOnLoadMethodAttributes (73ms)
				AfterProcessingInitializeOnLoad (15ms)
				EditorAssembliesLoaded (0ms)
			ExecutionOrderSort2 (0ms)
			AwakeInstancesAfterBackupRestoration (16ms)
Platform modules already initialized, skipping
========================================================================
Worker process is ready to serve import requests
Launched and connected shader compiler UnityShaderCompiler.exe after 0.16 seconds
Refreshing native plugins compatible for Editor in 0.90 ms, found 2 plugins.
Preloading 0 native plugins for Editor in 0.00 ms.
Unloading 1544 Unused Serialized files (Serialized files now loaded: 0)
Unloading 16 unused Assets / (57.2 KB). Loaded Objects now: 2026.
Memory consumption went from 81.5 MB to 81.4 MB.
Total: 6.910000 ms (FindLiveObjects: 0.297600 ms CreateObjectMapping: 0.203000 ms MarkObjects: 6.192500 ms  DeleteObjects: 0.213700 ms)

AssetImportParameters requested are different than current active one (requested -> active):
  custom:video-decoder-ogg-theora: a1e56fd34408186e4bbccfd4996cb3dc -> 
  custom:container-muxer-webm: aa71ff27fc2769a1b78a27578f13a17b -> 
  custom:container-demuxer-webm: 4f35f7cbe854078d1ac9338744f61a02 -> 
  custom:video-encoder-webm-vp8: eb34c28f22e8b96e1ab97ce403110664 -> 
  custom:audio-encoder-webm-vorbis: bf7c407c2cedff20999df2af8eb42d56 -> 
  custom:framework-win-MediaFoundation: 216162199b28c13a410421893ffa2e32 -> 
  custom:container-demuxer-ogg: 62fdf1f143b41e24485cea50d1cbac27 -> 
  custom:video-decoder-webm-vp8: 9c59270c3fd7afecdb556c50c9e8de78 -> 
  custom:audio-decoder-ogg-vorbis: bf7c407c2cedff20999df2af8eb42d56 -> 
========================================================================
Received Import Request.
  Time since last request: 5037.781779 seconds.
  path: Assets/Wand and Circles/Polygon City Free Pack - Environment and Interior/Prefabs/Fences/1/Fence.prefab
  artifactKey: Guid(15f08be0a2a1d9249a2eaf827e358d3e) Importer(815301076,1909f56bfc062723c751e8b465ee728b)
Start importing Assets/Wand and Circles/Polygon City Free Pack - Environment and Interior/Prefabs/Fences/1/Fence.prefab using Guid(15f08be0a2a1d9249a2eaf827e358d3e) Importer(815301076,1909f56bfc062723c751e8b465ee728b)  -> (artifact id: 'c0b1d4999bd71af9aeb89c593f8fa13c') in 0.355187 seconds 
========================================================================
Received Import Request.
  Time since last request: 6.643258 seconds.
  path: Assets/Wand and Circles/Polygon City Free Pack - Environment and Interior/Prefabs/Trees/Tree.prefab
  artifactKey: Guid(6c771fc20661c1649a92a4a195de964f) Importer(815301076,1909f56bfc062723c751e8b465ee728b)
Start importing Assets/Wand and Circles/Polygon City Free Pack - Environment and Interior/Prefabs/Trees/Tree.prefab using Guid(6c771fc20661c1649a92a4a195de964f) Importer(815301076,1909f56bfc062723c751e8b465ee728b)  -> (artifact id: '64f920dddaf9cd3ecc1ec7cb2968480c') in 0.089637 seconds 
========================================================================
Received Import Request.
  Time since last request: 0.000043 seconds.
  path: Assets/Wand and Circles/Polygon City Free Pack - Environment and Interior/Prefabs/Trees/Tree_4.prefab
  artifactKey: Guid(f4d2489e02987df4982f3e366aaef83f) Importer(815301076,1909f56bfc062723c751e8b465ee728b)
Start importing Assets/Wand and Circles/Polygon City Free Pack - Environment and Interior/Prefabs/Trees/Tree_4.prefab using Guid(f4d2489e02987df4982f3e366aaef83f) Importer(815301076,1909f56bfc062723c751e8b465ee728b)  -> (artifact id: '8fc57da0b0580a05aabd799a37a729ad') in 0.085315 seconds 
========================================================================
Received Import Request.
  Time since last request: 0.764319 seconds.
  path: Assets/Wand and Circles/Polygon City Free Pack - Environment and Interior/Prefabs/Trees/Tree_6.prefab
  artifactKey: Guid(6c1f2f3b773f6da48bfc2f52765a2383) Importer(815301076,1909f56bfc062723c751e8b465ee728b)
Start importing Assets/Wand and Circles/Polygon City Free Pack - Environment and Interior/Prefabs/Trees/Tree_6.prefab using Guid(6c1f2f3b773f6da48bfc2f52765a2383) Importer(815301076,1909f56bfc062723c751e8b465ee728b)  -> (artifact id: 'dcd6ac80f6b81adae3905998a4315af4') in 0.033773 seconds 
========================================================================
Received Import Request.
  Time since last request: 0.054181 seconds.
  path: Assets/Wand and Circles/Polygon City Free Pack - Environment and Interior/Prefabs/Trees/Tree_7.prefab
  artifactKey: Guid(702e3bcb3cd9c344d86166500986baa5) Importer(815301076,1909f56bfc062723c751e8b465ee728b)
Start importing Assets/Wand and Circles/Polygon City Free Pack - Environment and Interior/Prefabs/Trees/Tree_7.prefab using Guid(702e3bcb3cd9c344d86166500986baa5) Importer(815301076,1909f56bfc062723c751e8b465ee728b)  -> (artifact id: 'ccc50e5c90609cd7e154d01bffa1f8b5') in 0.034761 seconds 
========================================================================
Received Import Request.
  Time since last request: 1.072403 seconds.
  path: Assets/Wand and Circles/Polygon City Free Pack - Environment and Interior/Prefabs/Trees/Tree_8.prefab
  artifactKey: Guid(21c9b1ab961ddd34989d733abf038cd9) Importer(815301076,1909f56bfc062723c751e8b465ee728b)
Start importing Assets/Wand and Circles/Polygon City Free Pack - Environment and Interior/Prefabs/Trees/Tree_8.prefab using Guid(21c9b1ab961ddd34989d733abf038cd9) Importer(815301076,1909f56bfc062723c751e8b465ee728b)  -> (artifact id: '718a761f1321201a52ff32e556cbeb6b') in 0.034377 seconds 
========================================================================
Received Import Request.
  Time since last request: 0.048722 seconds.
  path: Assets/Wand and Circles/Polygon City Free Pack - Environment and Interior/Prefabs/Trees/Tree_10.prefab
  artifactKey: Guid(bfbce5118cbf07a4080589fa3093e346) Importer(815301076,1909f56bfc062723c751e8b465ee728b)
Start importing Assets/Wand and Circles/Polygon City Free Pack - Environment and Interior/Prefabs/Trees/Tree_10.prefab using Guid(bfbce5118cbf07a4080589fa3093e346) Importer(815301076,1909f56bfc062723c751e8b465ee728b)  -> (artifact id: '265cede8f7dcf655726ceb0263de7235') in 0.041233 seconds 
========================================================================
Received Import Request.
  Time since last request: 0.000042 seconds.
  path: Assets/Wand and Circles/Polygon City Free Pack - Environment and Interior/Prefabs/Trees/Tree_12.prefab
  artifactKey: Guid(ac05a7233a0bff44cbcaefc72dc71ea9) Importer(815301076,1909f56bfc062723c751e8b465ee728b)
Start importing Assets/Wand and Circles/Polygon City Free Pack - Environment and Interior/Prefabs/Trees/Tree_12.prefab using Guid(ac05a7233a0bff44cbcaefc72dc71ea9) Importer(815301076,1909f56bfc062723c751e8b465ee728b)  -> (artifact id: 'b8073dd926c9962da86364d9c351e1eb') in 0.051675 seconds 
========================================================================
Received Import Request.
  Time since last request: 0.086772 seconds.
  path: Assets/Wand and Circles/Polygon City Free Pack - Environment and Interior/Prefabs/Trees/Tree_13.prefab
  artifactKey: Guid(2c35a7d7245e9b6418c2cb730ff1c39a) Importer(815301076,1909f56bfc062723c751e8b465ee728b)
Start importing Assets/Wand and Circles/Polygon City Free Pack - Environment and Interior/Prefabs/Trees/Tree_13.prefab using Guid(2c35a7d7245e9b6418c2cb730ff1c39a) Importer(815301076,1909f56bfc062723c751e8b465ee728b)  -> (artifact id: 'c53502a8b4f13e2714d52aa83d527f1f') in 0.096649 seconds 
========================================================================
Received Import Request.
  Time since last request: 0.140742 seconds.
  path: Assets/Wand and Circles/Polygon City Free Pack - Environment and Interior/Prefabs/Trees/Tree_15.prefab
  artifactKey: Guid(8350df8b16289e445b22dedbeca77d01) Importer(815301076,1909f56bfc062723c751e8b465ee728b)
Start importing Assets/Wand and Circles/Polygon City Free Pack - Environment and Interior/Prefabs/Trees/Tree_15.prefab using Guid(8350df8b16289e445b22dedbeca77d01) Importer(815301076,1909f56bfc062723c751e8b465ee728b)  -> (artifact id: '1fdbe4aecc700d1a924cba89ce92c23c') in 0.079488 seconds 
========================================================================
Received Import Request.
  Time since last request: 0.263647 seconds.
  path: Assets/Wand and Circles/Polygon City Free Pack - Environment and Interior/Prefabs/Trees/Tree_16.prefab
  artifactKey: Guid(6339566973fe3ed47a437d5d03eea9b2) Importer(815301076,1909f56bfc062723c751e8b465ee728b)
Start importing Assets/Wand and Circles/Polygon City Free Pack - Environment and Interior/Prefabs/Trees/Tree_16.prefab using Guid(6339566973fe3ed47a437d5d03eea9b2) Importer(815301076,1909f56bfc062723c751e8b465ee728b)  -> (artifact id: 'a5fe4a030f3c13974e940e4ddae11c9f') in 0.036743 seconds 
========================================================================
Received Import Request.
  Time since last request: 0.058415 seconds.
  path: Assets/Wand and Circles/Polygon City Free Pack - Environment and Interior/Prefabs/Trees/Tree_18.prefab
  artifactKey: Guid(2ac3a172a93203841ae7b3e7cad387bc) Importer(815301076,1909f56bfc062723c751e8b465ee728b)
Start importing Assets/Wand and Circles/Polygon City Free Pack - Environment and Interior/Prefabs/Trees/Tree_18.prefab using Guid(2ac3a172a93203841ae7b3e7cad387bc) Importer(815301076,1909f56bfc062723c751e8b465ee728b)  -> (artifact id: '3e42f0f66ab90bbd1b03834672b8fa24') in 0.039484 seconds 
========================================================================
Received Import Request.
  Time since last request: 0.000903 seconds.
  path: Assets/Wand and Circles/Polygon City Free Pack - Environment and Interior/Prefabs/Trees/Tree_19.prefab
  artifactKey: Guid(c0b4cbb041eed7545bc2f895ea7f15b4) Importer(815301076,1909f56bfc062723c751e8b465ee728b)
Start importing Assets/Wand and Circles/Polygon City Free Pack - Environment and Interior/Prefabs/Trees/Tree_19.prefab using Guid(c0b4cbb041eed7545bc2f895ea7f15b4) Importer(815301076,1909f56bfc062723c751e8b465ee728b)  -> (artifact id: '3097e52cb86a5c60c2cf30283152be0c') in 0.119435 seconds 
========================================================================
Received Import Request.
  Time since last request: 0.000050 seconds.
  path: Assets/Wand and Circles/Polygon City Free Pack - Environment and Interior/Prefabs/Trees/Tree_22.prefab
  artifactKey: Guid(5e1fb6f0e76eb1e4cb15c28228754928) Importer(815301076,1909f56bfc062723c751e8b465ee728b)
Start importing Assets/Wand and Circles/Polygon City Free Pack - Environment and Interior/Prefabs/Trees/Tree_22.prefab using Guid(5e1fb6f0e76eb1e4cb15c28228754928) Importer(815301076,1909f56bfc062723c751e8b465ee728b)  -> (artifact id: '3f1b241df303dfb543f86697c82f229a') in 0.060871 seconds 
========================================================================
Received Import Request.
  Time since last request: 0.003011 seconds.
  path: Assets/Wand and Circles/Polygon City Free Pack - Environment and Interior/Prefabs/Trees/Tree_27.prefab
  artifactKey: Guid(54f02fb8d2ae6594aa1211478bf71052) Importer(815301076,1909f56bfc062723c751e8b465ee728b)
Start importing Assets/Wand and Circles/Polygon City Free Pack - Environment and Interior/Prefabs/Trees/Tree_27.prefab using Guid(54f02fb8d2ae6594aa1211478bf71052) Importer(815301076,1909f56bfc062723c751e8b465ee728b)  -> (artifact id: '903886fe14dae3747ce52a3725fc2b7e') in 0.067002 seconds 
========================================================================
Received Import Request.
  Time since last request: 0.001272 seconds.
  path: Assets/Wand and Circles/Polygon City Free Pack - Environment and Interior/Prefabs/Trees/Tree_31.prefab
  artifactKey: Guid(85a12af49221efe4cb985b3f96a788cb) Importer(815301076,1909f56bfc062723c751e8b465ee728b)
Start importing Assets/Wand and Circles/Polygon City Free Pack - Environment and Interior/Prefabs/Trees/Tree_31.prefab using Guid(85a12af49221efe4cb985b3f96a788cb) Importer(815301076,1909f56bfc062723c751e8b465ee728b)  -> (artifact id: 'ce7496af37d3054f3f3a2d946da6ddff') in 0.064051 seconds 
========================================================================
Received Import Request.
  Time since last request: 0.002136 seconds.
  path: Assets/Wand and Circles/Polygon City Free Pack - Environment and Interior/Prefabs/Trees/Tree_34.prefab
  artifactKey: Guid(ebdc43a1651b3c14fb50f61b67f8daed) Importer(815301076,1909f56bfc062723c751e8b465ee728b)
Start importing Assets/Wand and Circles/Polygon City Free Pack - Environment and Interior/Prefabs/Trees/Tree_34.prefab using Guid(ebdc43a1651b3c14fb50f61b67f8daed) Importer(815301076,1909f56bfc062723c751e8b465ee728b)  -> (artifact id: '53b730f0fd5a914d5ac136b50b6ad73f') in 0.074796 seconds 
========================================================================
Received Import Request.
  Time since last request: 0.003932 seconds.
  path: Assets/Wand and Circles/Polygon City Free Pack - Environment and Interior/Prefabs/Trees/Tree_29.prefab
  artifactKey: Guid(0b3ba913a71cfba43abcae30095e3cf7) Importer(815301076,1909f56bfc062723c751e8b465ee728b)
Start importing Assets/Wand and Circles/Polygon City Free Pack - Environment and Interior/Prefabs/Trees/Tree_29.prefab using Guid(0b3ba913a71cfba43abcae30095e3cf7) Importer(815301076,1909f56bfc062723c751e8b465ee728b)  -> (artifact id: '7b46509ba966edb918f87e3fc0941307') in 0.042228 seconds 
========================================================================
Received Import Request.
  Time since last request: 0.338887 seconds.
  path: Assets/Wand and Circles/Polygon City Free Pack - Environment and Interior/Prefabs/Trees/Tree_36.prefab
  artifactKey: Guid(f8db5d927ce7e6a489506c6760bc4b7b) Importer(815301076,1909f56bfc062723c751e8b465ee728b)
Start importing Assets/Wand and Circles/Polygon City Free Pack - Environment and Interior/Prefabs/Trees/Tree_36.prefab using Guid(f8db5d927ce7e6a489506c6760bc4b7b) Importer(815301076,1909f56bfc062723c751e8b465ee728b)  -> (artifact id: 'a87df9e873adbd72d01de7e06d62471a') in 0.040191 seconds 
========================================================================
Received Import Request.
  Time since last request: 0.059577 seconds.
  path: Assets/Wand and Circles/Polygon City Free Pack - Environment and Interior/Prefabs/Trees/Tree_37.prefab
  artifactKey: Guid(3412a07407075b246a14e3fe1ac3a50d) Importer(815301076,1909f56bfc062723c751e8b465ee728b)
Start importing Assets/Wand and Circles/Polygon City Free Pack - Environment and Interior/Prefabs/Trees/Tree_37.prefab using Guid(3412a07407075b246a14e3fe1ac3a50d) Importer(815301076,1909f56bfc062723c751e8b465ee728b)  -> (artifact id: '0af5acb5ed4147bcc0f175c63a5de745') in 0.046112 seconds 
========================================================================
Received Import Request.
  Time since last request: 220.767913 seconds.
  path: Assets/Scenes/Level1.unity
  artifactKey: Guid(6ec40681f9d062c4ba22c168a80aa791) Importer(815301076,1909f56bfc062723c751e8b465ee728b)
Start importing Assets/Scenes/Level1.unity using Guid(6ec40681f9d062c4ba22c168a80aa791) Importer(815301076,1909f56bfc062723c751e8b465ee728b)  -> (artifact id: 'a1b5cd50fe1d0b23b8699e6e037245ac') in 0.005548 seconds 
========================================================================
Received Import Request.
  Time since last request: 28.022050 seconds.
  path: Assets/Wand and Circles/Polygon City Free Pack - Environment and Interior/Prefabs/Grass/Grass.prefab
  artifactKey: Guid(8aca8d6c10c99fa4ab1bce2dcea74ca7) Importer(815301076,1909f56bfc062723c751e8b465ee728b)
Start importing Assets/Wand and Circles/Polygon City Free Pack - Environment and Interior/Prefabs/Grass/Grass.prefab using Guid(8aca8d6c10c99fa4ab1bce2dcea74ca7) Importer(815301076,1909f56bfc062723c751e8b465ee728b)  -> (artifact id: '541dbf2cab0c367bd1579ee6f4775317') in 0.103267 seconds 
========================================================================
Received Import Request.
  Time since last request: 0.002004 seconds.
  path: Assets/Wand and Circles/Polygon City Free Pack - Environment and Interior/Prefabs/Grass/Grass_5.prefab
  artifactKey: Guid(12b4eebf8d4563549ac51c8eea79737a) Importer(815301076,1909f56bfc062723c751e8b465ee728b)
Start importing Assets/Wand and Circles/Polygon City Free Pack - Environment and Interior/Prefabs/Grass/Grass_5.prefab using Guid(12b4eebf8d4563549ac51c8eea79737a) Importer(815301076,1909f56bfc062723c751e8b465ee728b)  -> (artifact id: 'abf85d46cd78ddfdb6b30dcbcd4676db') in 0.056982 seconds 
========================================================================
Received Import Request.
  Time since last request: 0.000426 seconds.
  path: Assets/Wand and Circles/Polygon City Free Pack - Environment and Interior/Prefabs/Grass/Grass_1.prefab
  artifactKey: Guid(bfe4d5d391c63d845bb094f83f140706) Importer(815301076,1909f56bfc062723c751e8b465ee728b)
Start importing Assets/Wand and Circles/Polygon City Free Pack - Environment and Interior/Prefabs/Grass/Grass_1.prefab using Guid(bfe4d5d391c63d845bb094f83f140706) Importer(815301076,1909f56bfc062723c751e8b465ee728b)  -> (artifact id: '93d2eaf6c7d0818a5ed073d585de54eb') in 0.047105 seconds 
========================================================================
Received Import Request.
  Time since last request: 0.000329 seconds.
  path: Assets/Wand and Circles/Polygon City Free Pack - Environment and Interior/Prefabs/Grass/Grass_3.prefab
  artifactKey: Guid(42b30bc62c7d1b84a96865dc9cf52934) Importer(815301076,1909f56bfc062723c751e8b465ee728b)
Start importing Assets/Wand and Circles/Polygon City Free Pack - Environment and Interior/Prefabs/Grass/Grass_3.prefab using Guid(42b30bc62c7d1b84a96865dc9cf52934) Importer(815301076,1909f56bfc062723c751e8b465ee728b)  -> (artifact id: '278c09ac4ff2bfbcf44de69f46fbce1d') in 0.060041 seconds 
========================================================================
Received Import Request.
  Time since last request: 1.055889 seconds.
  path: Assets/Wand and Circles/Polygon City Free Pack - Environment and Interior/Prefabs/Grass/Grass_6.prefab
  artifactKey: Guid(31347e402e4454040a611165ab198d94) Importer(815301076,1909f56bfc062723c751e8b465ee728b)
Start importing Assets/Wand and Circles/Polygon City Free Pack - Environment and Interior/Prefabs/Grass/Grass_6.prefab using Guid(31347e402e4454040a611165ab198d94) Importer(815301076,1909f56bfc062723c751e8b465ee728b)  -> (artifact id: '5e2abdb33be29de1a6131fc693420dad') in 0.032198 seconds 
========================================================================
Received Import Request.
  Time since last request: 0.038165 seconds.
  path: Assets/Wand and Circles/Polygon City Free Pack - Environment and Interior/Prefabs/Grass/Grass_7.prefab
  artifactKey: Guid(9bc53fc656ad0c046b71755ba0218977) Importer(815301076,1909f56bfc062723c751e8b465ee728b)
Start importing Assets/Wand and Circles/Polygon City Free Pack - Environment and Interior/Prefabs/Grass/Grass_7.prefab using Guid(9bc53fc656ad0c046b71755ba0218977) Importer(815301076,1909f56bfc062723c751e8b465ee728b)  -> (artifact id: '6d255b88e1be4379ef90363b64197751') in 0.037003 seconds 
========================================================================
Received Import Request.
  Time since last request: 0.280425 seconds.
  path: Assets/Wand and Circles/Polygon City Free Pack - Environment and Interior/Prefabs/Grass/Grass_9.prefab
  artifactKey: Guid(49ef492c893e3e549a7d1f8983d641d2) Importer(815301076,1909f56bfc062723c751e8b465ee728b)
Start importing Assets/Wand and Circles/Polygon City Free Pack - Environment and Interior/Prefabs/Grass/Grass_9.prefab using Guid(49ef492c893e3e549a7d1f8983d641d2) Importer(815301076,1909f56bfc062723c751e8b465ee728b)  -> (artifact id: 'f93a097bc9f37aa5a00fa323779a442a') in 0.102668 seconds 
========================================================================
Received Import Request.
  Time since last request: 0.000064 seconds.
  path: Assets/Wand and Circles/Polygon City Free Pack - Environment and Interior/Prefabs/Grass/Grass_12.prefab
  artifactKey: Guid(0d3028055436e3449aea68abe0492d38) Importer(815301076,1909f56bfc062723c751e8b465ee728b)
Start importing Assets/Wand and Circles/Polygon City Free Pack - Environment and Interior/Prefabs/Grass/Grass_12.prefab using Guid(0d3028055436e3449aea68abe0492d38) Importer(815301076,1909f56bfc062723c751e8b465ee728b)  -> (artifact id: '519d75d121f9035a31c80d3e92a26693') in 0.061629 seconds 
========================================================================
Received Import Request.
  Time since last request: 11.654244 seconds.
  path: Assets/Wand and Circles/Polygon City Free Pack - Environment and Interior/Prefabs/Grass/Grass_13.prefab
  artifactKey: Guid(2f41411069fdac54a96b89d596a7a69a) Importer(815301076,1909f56bfc062723c751e8b465ee728b)
Start importing Assets/Wand and Circles/Polygon City Free Pack - Environment and Interior/Prefabs/Grass/Grass_13.prefab using Guid(2f41411069fdac54a96b89d596a7a69a) Importer(815301076,1909f56bfc062723c751e8b465ee728b)  -> (artifact id: '834880df245a98729c57bbcadf77fcbf') in 0.095423 seconds 
========================================================================
Received Import Request.
  Time since last request: 0.400987 seconds.
  path: Assets/Wand and Circles/Polygon City Free Pack - Environment and Interior/Prefabs/Grass/Grass_16.prefab
  artifactKey: Guid(0f8a761de1ebdd741b7d97d57d054f10) Importer(815301076,1909f56bfc062723c751e8b465ee728b)
Start importing Assets/Wand and Circles/Polygon City Free Pack - Environment and Interior/Prefabs/Grass/Grass_16.prefab using Guid(0f8a761de1ebdd741b7d97d57d054f10) Importer(815301076,1909f56bfc062723c751e8b465ee728b)  -> (artifact id: 'b87d57e858c7f49e8bae67e3ff6b549e') in 0.036908 seconds 
========================================================================
Received Import Request.
  Time since last request: 0.000041 seconds.
  path: Assets/Wand and Circles/Polygon City Free Pack - Environment and Interior/Prefabs/Grass/Grass_17.prefab
  artifactKey: Guid(42ef4532f0580b4458e6dd59afbf8a59) Importer(815301076,1909f56bfc062723c751e8b465ee728b)
Start importing Assets/Wand and Circles/Polygon City Free Pack - Environment and Interior/Prefabs/Grass/Grass_17.prefab using Guid(42ef4532f0580b4458e6dd59afbf8a59) Importer(815301076,1909f56bfc062723c751e8b465ee728b)  -> (artifact id: '55f3061cd1182c87719a3b4701f07397') in 0.086524 seconds 
========================================================================
Received Import Request.
  Time since last request: 0.662856 seconds.
  path: Assets/Wand and Circles/Polygon City Free Pack - Environment and Interior/Prefabs/Grass/Grass_19.prefab
  artifactKey: Guid(d6c03edb0e4cc8542b7c9b665293b34d) Importer(815301076,1909f56bfc062723c751e8b465ee728b)
Start importing Assets/Wand and Circles/Polygon City Free Pack - Environment and Interior/Prefabs/Grass/Grass_19.prefab using Guid(d6c03edb0e4cc8542b7c9b665293b34d) Importer(815301076,1909f56bfc062723c751e8b465ee728b)  -> (artifact id: 'bb88bd28e16a07c143295da0fcbbf729') in 0.033095 seconds 
========================================================================
Received Import Request.
  Time since last request: 0.001543 seconds.
  path: Assets/Wand and Circles/Polygon City Free Pack - Environment and Interior/Prefabs/Grass/Grass_21.prefab
  artifactKey: Guid(36de556be22e6784590c12214e0092e3) Importer(815301076,1909f56bfc062723c751e8b465ee728b)
Start importing Assets/Wand and Circles/Polygon City Free Pack - Environment and Interior/Prefabs/Grass/Grass_21.prefab using Guid(36de556be22e6784590c12214e0092e3) Importer(815301076,1909f56bfc062723c751e8b465ee728b)  -> (artifact id: 'bc81f64ac2a1fb165af1c345bc594eca') in 0.105545 seconds 
========================================================================
Received Import Request.
  Time since last request: 0.000037 seconds.
  path: Assets/Wand and Circles/Polygon City Free Pack - Environment and Interior/Prefabs/Grass/Grass_23.prefab
  artifactKey: Guid(d978425175226224082194bc9a1de580) Importer(815301076,1909f56bfc062723c751e8b465ee728b)
Start importing Assets/Wand and Circles/Polygon City Free Pack - Environment and Interior/Prefabs/Grass/Grass_23.prefab using Guid(d978425175226224082194bc9a1de580) Importer(815301076,1909f56bfc062723c751e8b465ee728b)  -> (artifact id: '5f72da21ce5090a56fbfe478a2fe0db3') in 0.062800 seconds 
========================================================================
Received Import Request.
  Time since last request: 3.190402 seconds.
  path: Assets/Wand and Circles/Polygon City Free Pack - Environment and Interior/Prefabs/Props/Box.prefab
  artifactKey: Guid(a647882968665e14d8ed54bbf178a156) Importer(815301076,1909f56bfc062723c751e8b465ee728b)
Start importing Assets/Wand and Circles/Polygon City Free Pack - Environment and Interior/Prefabs/Props/Box.prefab using Guid(a647882968665e14d8ed54bbf178a156) Importer(815301076,1909f56bfc062723c751e8b465ee728b)  -> (artifact id: '0441d92bf46e05210afa99efedf7e7f9') in 0.039690 seconds 
========================================================================
Received Import Request.
  Time since last request: 0.000940 seconds.
  path: Assets/Wand and Circles/Polygon City Free Pack - Environment and Interior/Prefabs/Props/Cupboard 1.prefab
  artifactKey: Guid(e8db974ebe3341040b8eaf2eecbabb8e) Importer(815301076,1909f56bfc062723c751e8b465ee728b)
Start importing Assets/Wand and Circles/Polygon City Free Pack - Environment and Interior/Prefabs/Props/Cupboard 1.prefab using Guid(e8db974ebe3341040b8eaf2eecbabb8e) Importer(815301076,1909f56bfc062723c751e8b465ee728b)  -> (artifact id: '5aca942d3c9dc7ae392fe581a9ff0ebd') in 0.066410 seconds 
========================================================================
Received Import Request.
  Time since last request: 0.001437 seconds.
  path: Assets/Wand and Circles/Polygon City Free Pack - Environment and Interior/Prefabs/Props/Cupboard.prefab
  artifactKey: Guid(fda8a4d4e28ea4e4e8e6046ec86a4767) Importer(815301076,1909f56bfc062723c751e8b465ee728b)
Start importing Assets/Wand and Circles/Polygon City Free Pack - Environment and Interior/Prefabs/Props/Cupboard.prefab using Guid(fda8a4d4e28ea4e4e8e6046ec86a4767) Importer(815301076,1909f56bfc062723c751e8b465ee728b)  -> (artifact id: '2c9113b85366afeaf40365520086d5b1') in 0.045933 seconds 
========================================================================
Received Import Request.
  Time since last request: 5.373190 seconds.
  path: Assets/Wand and Circles/Polygon City Free Pack - Environment and Interior/Prefabs/Props/Awning 1.prefab
  artifactKey: Guid(07bf097e10bf7f04eacc639499655663) Importer(815301076,1909f56bfc062723c751e8b465ee728b)
Start importing Assets/Wand and Circles/Polygon City Free Pack - Environment and Interior/Prefabs/Props/Awning 1.prefab using Guid(07bf097e10bf7f04eacc639499655663) Importer(815301076,1909f56bfc062723c751e8b465ee728b)  -> (artifact id: '336bf72b680efdc21e62fe508143ee7a') in 0.091059 seconds 
========================================================================
Received Import Request.
  Time since last request: 0.000041 seconds.
  path: Assets/Wand and Circles/Polygon City Free Pack - Environment and Interior/Prefabs/Props/Barrel 4.prefab
  artifactKey: Guid(f16e4caecb55b0b489beca4bedc29547) Importer(815301076,1909f56bfc062723c751e8b465ee728b)
Start importing Assets/Wand and Circles/Polygon City Free Pack - Environment and Interior/Prefabs/Props/Barrel 4.prefab using Guid(f16e4caecb55b0b489beca4bedc29547) Importer(815301076,1909f56bfc062723c751e8b465ee728b)  -> (artifact id: '52a241c2814192ac7775fca38dbeee93') in 0.084580 seconds 
========================================================================
Received Import Request.
  Time since last request: 0.000056 seconds.
  path: Assets/Wand and Circles/Polygon City Free Pack - Environment and Interior/Prefabs/Props/Barrel 1.prefab
  artifactKey: Guid(fff4e5e4aefa66e4b9dfcbe9839a687e) Importer(815301076,1909f56bfc062723c751e8b465ee728b)
Start importing Assets/Wand and Circles/Polygon City Free Pack - Environment and Interior/Prefabs/Props/Barrel 1.prefab using Guid(fff4e5e4aefa66e4b9dfcbe9839a687e) Importer(815301076,1909f56bfc062723c751e8b465ee728b)  -> (artifact id: '071bcb5b85ecaeaa716dc3cf0a5a4c04') in 0.046242 seconds 
========================================================================
Received Import Request.
  Time since last request: 1.493943 seconds.
  path: Assets/Wand and Circles/Polygon City Free Pack - Environment and Interior/Prefabs/Props/Barrel.prefab
  artifactKey: Guid(2e324f98fec5eb644937a11ec2aa516f) Importer(815301076,1909f56bfc062723c751e8b465ee728b)
Start importing Assets/Wand and Circles/Polygon City Free Pack - Environment and Interior/Prefabs/Props/Barrel.prefab using Guid(2e324f98fec5eb644937a11ec2aa516f) Importer(815301076,1909f56bfc062723c751e8b465ee728b)  -> (artifact id: '813955250ccc48f5eb5fbb890531c8c1') in 0.057171 seconds 
========================================================================
Received Import Request.
  Time since last request: 0.000034 seconds.
  path: Assets/Wand and Circles/Polygon City Free Pack - Environment and Interior/Prefabs/Props/Book 1.prefab
  artifactKey: Guid(2cbe4e2044f02244aacc1bd01bc68118) Importer(815301076,1909f56bfc062723c751e8b465ee728b)
Start importing Assets/Wand and Circles/Polygon City Free Pack - Environment and Interior/Prefabs/Props/Book 1.prefab using Guid(2cbe4e2044f02244aacc1bd01bc68118) Importer(815301076,1909f56bfc062723c751e8b465ee728b)  -> (artifact id: '22c78e0c703d19284033b85322850e27') in 0.066339 seconds 
========================================================================
Received Import Request.
  Time since last request: 0.000055 seconds.
  path: Assets/Wand and Circles/Polygon City Free Pack - Environment and Interior/Prefabs/Props/Electric pole 1.prefab
  artifactKey: Guid(920207195d0c93943be182a86eac11d3) Importer(815301076,1909f56bfc062723c751e8b465ee728b)
Start importing Assets/Wand and Circles/Polygon City Free Pack - Environment and Interior/Prefabs/Props/Electric pole 1.prefab using Guid(920207195d0c93943be182a86eac11d3) Importer(815301076,1909f56bfc062723c751e8b465ee728b)  -> (artifact id: '64835402b33665b16c8aabad9aa2f9da') in 0.074376 seconds 
========================================================================
Received Import Request.
  Time since last request: 0.000077 seconds.
  path: Assets/Wand and Circles/Polygon City Free Pack - Environment and Interior/Prefabs/Props/Light.prefab
  artifactKey: Guid(a90d7daea184ae8419eedab1f4729247) Importer(815301076,1909f56bfc062723c751e8b465ee728b)
Start importing Assets/Wand and Circles/Polygon City Free Pack - Environment and Interior/Prefabs/Props/Light.prefab using Guid(a90d7daea184ae8419eedab1f4729247) Importer(815301076,1909f56bfc062723c751e8b465ee728b)  -> (artifact id: 'ea9f85fe8be05e37e0423e091f76a9cb') in 0.086999 seconds 
========================================================================
Received Import Request.
  Time since last request: 0.005148 seconds.
  path: Assets/Wand and Circles/Polygon City Free Pack - Environment and Interior/Prefabs/Props/Metall box 1.prefab
  artifactKey: Guid(6652ae6947dd55c4fb422e220702f33e) Importer(815301076,1909f56bfc062723c751e8b465ee728b)
Start importing Assets/Wand and Circles/Polygon City Free Pack - Environment and Interior/Prefabs/Props/Metall box 1.prefab using Guid(6652ae6947dd55c4fb422e220702f33e) Importer(815301076,1909f56bfc062723c751e8b465ee728b)  -> (artifact id: 'd87e8d00e034331a533fe4ed20e89fdc') in 0.046780 seconds 
========================================================================
Received Import Request.
  Time since last request: 0.003065 seconds.
  path: Assets/Wand and Circles/Polygon City Free Pack - Environment and Interior/Prefabs/Props/Door.prefab
  artifactKey: Guid(8f8380511e772364183918aa8e6b339f) Importer(815301076,1909f56bfc062723c751e8b465ee728b)
Start importing Assets/Wand and Circles/Polygon City Free Pack - Environment and Interior/Prefabs/Props/Door.prefab using Guid(8f8380511e772364183918aa8e6b339f) Importer(815301076,1909f56bfc062723c751e8b465ee728b)  -> (artifact id: '4519b1ca5dc455fdf92a36f43ac5b905') in 0.089873 seconds 
========================================================================
Received Import Request.
  Time since last request: 0.000320 seconds.
  path: Assets/Wand and Circles/Polygon City Free Pack - Environment and Interior/Prefabs/Props/List 3.prefab
  artifactKey: Guid(ced3ba66be2e0d54fafc23d462f82d07) Importer(815301076,1909f56bfc062723c751e8b465ee728b)
Start importing Assets/Wand and Circles/Polygon City Free Pack - Environment and Interior/Prefabs/Props/List 3.prefab using Guid(ced3ba66be2e0d54fafc23d462f82d07) Importer(815301076,1909f56bfc062723c751e8b465ee728b)  -> (artifact id: 'a5f541b53c6129ff432fea8a42ad0aa5') in 0.065771 seconds 
========================================================================
Received Import Request.
  Time since last request: 0.000046 seconds.
  path: Assets/Wand and Circles/Polygon City Free Pack - Environment and Interior/Prefabs/Props/Bottle 2.prefab
  artifactKey: Guid(d28303eaf6a5a2343911f662a49ab3e3) Importer(815301076,1909f56bfc062723c751e8b465ee728b)
Start importing Assets/Wand and Circles/Polygon City Free Pack - Environment and Interior/Prefabs/Props/Bottle 2.prefab using Guid(d28303eaf6a5a2343911f662a49ab3e3) Importer(815301076,1909f56bfc062723c751e8b465ee728b)  -> (artifact id: '35471ab163e08b0063c1e5bb546c8711') in 0.065886 seconds 
========================================================================
Received Import Request.
  Time since last request: 0.005263 seconds.
  path: Assets/Wand and Circles/Polygon City Free Pack - Environment and Interior/Prefabs/Props/Bottle 1.prefab
  artifactKey: Guid(1d644aa325163a44bb8a197a3f996219) Importer(815301076,1909f56bfc062723c751e8b465ee728b)
Start importing Assets/Wand and Circles/Polygon City Free Pack - Environment and Interior/Prefabs/Props/Bottle 1.prefab using Guid(1d644aa325163a44bb8a197a3f996219) Importer(815301076,1909f56bfc062723c751e8b465ee728b)  -> (artifact id: '5d110e70f8571f10e3a65e543bac8ded') in 0.060861 seconds 
========================================================================
Received Import Request.
  Time since last request: 0.000213 seconds.
  path: Assets/Wand and Circles/Polygon City Free Pack - Environment and Interior/Prefabs/Props/Elctric box.prefab
  artifactKey: Guid(87c5afd32f8830745b4d89bd7f80ec7e) Importer(815301076,1909f56bfc062723c751e8b465ee728b)
Start importing Assets/Wand and Circles/Polygon City Free Pack - Environment and Interior/Prefabs/Props/Elctric box.prefab using Guid(87c5afd32f8830745b4d89bd7f80ec7e) Importer(815301076,1909f56bfc062723c751e8b465ee728b)  -> (artifact id: 'b18806960c9bfcb836d0a6e5aeb79485') in 0.075363 seconds 
========================================================================
Received Import Request.
  Time since last request: 0.000620 seconds.
  path: Assets/Wand and Circles/Polygon City Free Pack - Environment and Interior/Prefabs/Props/Box 2.prefab
  artifactKey: Guid(95d6657cddf8d8045adf9eb975d04854) Importer(815301076,1909f56bfc062723c751e8b465ee728b)
Start importing Assets/Wand and Circles/Polygon City Free Pack - Environment and Interior/Prefabs/Props/Box 2.prefab using Guid(95d6657cddf8d8045adf9eb975d04854) Importer(815301076,1909f56bfc062723c751e8b465ee728b)  -> (artifact id: '51c9fb3875a28fb030ffa5d60bdaf6ec') in 0.071937 seconds 
========================================================================
Received Import Request.
  Time since last request: 0.000039 seconds.
  path: Assets/Wand and Circles/Polygon City Free Pack - Environment and Interior/Prefabs/Props/Bench 1.prefab
  artifactKey: Guid(0f0554495f4250448907c4ed18b9c25e) Importer(815301076,1909f56bfc062723c751e8b465ee728b)
Start importing Assets/Wand and Circles/Polygon City Free Pack - Environment and Interior/Prefabs/Props/Bench 1.prefab using Guid(0f0554495f4250448907c4ed18b9c25e) Importer(815301076,1909f56bfc062723c751e8b465ee728b)  -> (artifact id: '14c04243f1228a7a4fd55a856b1f278b') in 0.041782 seconds 
========================================================================
Received Import Request.
  Time since last request: 0.061311 seconds.
  path: Assets/Wand and Circles/Polygon City Free Pack - Environment and Interior/Prefabs/Props/Metall box.prefab
  artifactKey: Guid(e5d70f5b7498c1a45a05f1fef3758827) Importer(815301076,1909f56bfc062723c751e8b465ee728b)
Start importing Assets/Wand and Circles/Polygon City Free Pack - Environment and Interior/Prefabs/Props/Metall box.prefab using Guid(e5d70f5b7498c1a45a05f1fef3758827) Importer(815301076,1909f56bfc062723c751e8b465ee728b)  -> (artifact id: 'f03ff2c9887c852a2c9d0809376bc664') in 0.077741 seconds 
========================================================================
Received Import Request.
  Time since last request: 0.000037 seconds.
  path: Assets/Wand and Circles/Polygon City Free Pack - Environment and Interior/Prefabs/Props/Post lamp.prefab
  artifactKey: Guid(3f986823c4e971c4e8d4fd2f45c78ee8) Importer(815301076,1909f56bfc062723c751e8b465ee728b)
Start importing Assets/Wand and Circles/Polygon City Free Pack - Environment and Interior/Prefabs/Props/Post lamp.prefab using Guid(3f986823c4e971c4e8d4fd2f45c78ee8) Importer(815301076,1909f56bfc062723c751e8b465ee728b)  -> (artifact id: '79b4b69e0cf3301fc7156714c63b0bd3') in 0.141783 seconds 
========================================================================
Received Import Request.
  Time since last request: 0.000054 seconds.
  path: Assets/Wand and Circles/Polygon City Free Pack - Environment and Interior/Prefabs/Props/Slate 2.prefab
  artifactKey: Guid(e26f74f67e2209848bc7d1d1abe9e033) Importer(815301076,1909f56bfc062723c751e8b465ee728b)
Start importing Assets/Wand and Circles/Polygon City Free Pack - Environment and Interior/Prefabs/Props/Slate 2.prefab using Guid(e26f74f67e2209848bc7d1d1abe9e033) Importer(815301076,1909f56bfc062723c751e8b465ee728b)  -> (artifact id: 'c3ff9a8281f0f86644af8b64b157f1fe') in 0.062245 seconds 
========================================================================
Received Import Request.
  Time since last request: 0.007775 seconds.
  path: Assets/Wand and Circles/Polygon City Free Pack - Environment and Interior/Prefabs/Props/Picture.prefab
  artifactKey: Guid(7443c13deea56c241abfd1d60393ad30) Importer(815301076,1909f56bfc062723c751e8b465ee728b)
Start importing Assets/Wand and Circles/Polygon City Free Pack - Environment and Interior/Prefabs/Props/Picture.prefab using Guid(7443c13deea56c241abfd1d60393ad30) Importer(815301076,1909f56bfc062723c751e8b465ee728b)  -> (artifact id: '31c17963ba8afc6774092860f15bab7d') in 0.069950 seconds 
========================================================================
Received Import Request.
  Time since last request: 0.000042 seconds.
  path: Assets/Wand and Circles/Polygon City Free Pack - Environment and Interior/Prefabs/Props/Sofa.prefab
  artifactKey: Guid(847dc63611126744f9e33d17a54095c0) Importer(815301076,1909f56bfc062723c751e8b465ee728b)
Start importing Assets/Wand and Circles/Polygon City Free Pack - Environment and Interior/Prefabs/Props/Sofa.prefab using Guid(847dc63611126744f9e33d17a54095c0) Importer(815301076,1909f56bfc062723c751e8b465ee728b)  -> (artifact id: 'eeed0e65203caa1dad8fd2f44e7b94a5') in 0.075971 seconds 
========================================================================
Received Import Request.
  Time since last request: 0.007785 seconds.
  path: Assets/Wand and Circles/Polygon City Free Pack - Environment and Interior/Prefabs/Props/Shelf.prefab
  artifactKey: Guid(c6577cd2d2a21dc49bbd62c5a96e4f40) Importer(815301076,1909f56bfc062723c751e8b465ee728b)
Start importing Assets/Wand and Circles/Polygon City Free Pack - Environment and Interior/Prefabs/Props/Shelf.prefab using Guid(c6577cd2d2a21dc49bbd62c5a96e4f40) Importer(815301076,1909f56bfc062723c751e8b465ee728b)  -> (artifact id: '8485233bfc12e80d8f0c5c4138cf1baf') in 0.074625 seconds 
========================================================================
Received Import Request.
  Time since last request: 0.000044 seconds.
  path: Assets/Wand and Circles/Polygon City Free Pack - Environment and Interior/Prefabs/Props/Picture 1.prefab
  artifactKey: Guid(b475f1010a08a4441affc2f238c9d56f) Importer(815301076,1909f56bfc062723c751e8b465ee728b)
Start importing Assets/Wand and Circles/Polygon City Free Pack - Environment and Interior/Prefabs/Props/Picture 1.prefab using Guid(b475f1010a08a4441affc2f238c9d56f) Importer(815301076,1909f56bfc062723c751e8b465ee728b)  -> (artifact id: '9caa81fbbc421dec192ec9a2482f504c') in 0.094990 seconds 
========================================================================
Received Import Request.
  Time since last request: 0.233772 seconds.
  path: Assets/Wand and Circles/Polygon City Free Pack - Environment and Interior/Prefabs/Props/Table 4.prefab
  artifactKey: Guid(7afe8b9214bd0d6429abb8fa1ad2e3c3) Importer(815301076,1909f56bfc062723c751e8b465ee728b)
Start importing Assets/Wand and Circles/Polygon City Free Pack - Environment and Interior/Prefabs/Props/Table 4.prefab using Guid(7afe8b9214bd0d6429abb8fa1ad2e3c3) Importer(815301076,1909f56bfc062723c751e8b465ee728b)  -> (artifact id: 'f5aeafbe9ac945ac179fc7a97cf18c25') in 0.101734 seconds 
========================================================================
Received Import Request.
  Time since last request: 0.000056 seconds.
  path: Assets/Wand and Circles/Polygon City Free Pack - Environment and Interior/Prefabs/Props/Toilet.prefab
  artifactKey: Guid(628b07135f7dd2e4da2f339ea390b994) Importer(815301076,1909f56bfc062723c751e8b465ee728b)
Start importing Assets/Wand and Circles/Polygon City Free Pack - Environment and Interior/Prefabs/Props/Toilet.prefab using Guid(628b07135f7dd2e4da2f339ea390b994) Importer(815301076,1909f56bfc062723c751e8b465ee728b)  -> (artifact id: '67b3b357bc495bfa21ac2e22b10a7a5e') in 0.062192 seconds 
========================================================================
Received Import Request.
  Time since last request: 0.000045 seconds.
  path: Assets/Wand and Circles/Polygon City Free Pack - Environment and Interior/Prefabs/Props/Wooden pillar.prefab
  artifactKey: Guid(8614bee1378968648b8e09148f0a2fab) Importer(815301076,1909f56bfc062723c751e8b465ee728b)
Start importing Assets/Wand and Circles/Polygon City Free Pack - Environment and Interior/Prefabs/Props/Wooden pillar.prefab using Guid(8614bee1378968648b8e09148f0a2fab) Importer(815301076,1909f56bfc062723c751e8b465ee728b)  -> (artifact id: '0ddc885c492b39f47449ef534b43d2ab') in 0.055434 seconds 
========================================================================
Received Import Request.
  Time since last request: 171.857740 seconds.
  path: Assets/Wand and Circles/Polygon City Free Pack - Environment and Interior/Prefabs/Stones/Big Stones/Big stone_0.prefab
  artifactKey: Guid(9ba39673b4ed1ab45b49a16faf85bc9b) Importer(815301076,1909f56bfc062723c751e8b465ee728b)
Start importing Assets/Wand and Circles/Polygon City Free Pack - Environment and Interior/Prefabs/Stones/Big Stones/Big stone_0.prefab using Guid(9ba39673b4ed1ab45b49a16faf85bc9b) Importer(815301076,1909f56bfc062723c751e8b465ee728b)  -> (artifact id: '34194b33cf17f85ec534b77dbb2f296e') in 0.063647 seconds 
========================================================================
Received Import Request.
  Time since last request: 0.000113 seconds.
  path: Assets/Wand and Circles/Polygon City Free Pack - Environment and Interior/Prefabs/Stones/Big Stones/Big stone_2.prefab
  artifactKey: Guid(df7a67d7c28de8847be08621839e032c) Importer(815301076,1909f56bfc062723c751e8b465ee728b)
Start importing Assets/Wand and Circles/Polygon City Free Pack - Environment and Interior/Prefabs/Stones/Big Stones/Big stone_2.prefab using Guid(df7a67d7c28de8847be08621839e032c) Importer(815301076,1909f56bfc062723c751e8b465ee728b)  -> (artifact id: 'bf18c31c178c4da8ecd4357f52e57e47') in 0.065903 seconds 
========================================================================
Received Import Request.
  Time since last request: 0.000084 seconds.
  path: Assets/Wand and Circles/Polygon City Free Pack - Environment and Interior/Prefabs/Stones/Big Stones/Big stone_3.prefab
  artifactKey: Guid(754cf91f22b8fd14495f7dd8ce051aae) Importer(815301076,1909f56bfc062723c751e8b465ee728b)
Start importing Assets/Wand and Circles/Polygon City Free Pack - Environment and Interior/Prefabs/Stones/Big Stones/Big stone_3.prefab using Guid(754cf91f22b8fd14495f7dd8ce051aae) Importer(815301076,1909f56bfc062723c751e8b465ee728b)  -> (artifact id: '882f8dfde12eda352a4498359234bef1') in 0.041748 seconds 
========================================================================
Received Import Request.
  Time since last request: 9.617837 seconds.
  path: Assets/Wand and Circles/Polygon City Free Pack - Environment and Interior/Prefabs/Stones/Little Stones/Little Stone_0.prefab
  artifactKey: Guid(4a30ba79df7f1754e8b69e78fd648cf8) Importer(815301076,1909f56bfc062723c751e8b465ee728b)
Start importing Assets/Wand and Circles/Polygon City Free Pack - Environment and Interior/Prefabs/Stones/Little Stones/Little Stone_0.prefab using Guid(4a30ba79df7f1754e8b69e78fd648cf8) Importer(815301076,1909f56bfc062723c751e8b465ee728b)  -> (artifact id: '639dfa55c0b7a8b14c812ca2be331585') in 0.037048 seconds 
========================================================================
Received Import Request.
  Time since last request: 0.000040 seconds.
  path: Assets/Wand and Circles/Polygon City Free Pack - Environment and Interior/Prefabs/Stones/Little Stones/Little Stone_6.prefab
  artifactKey: Guid(60b52e7ce30261149bd54f899ae72260) Importer(815301076,1909f56bfc062723c751e8b465ee728b)
Start importing Assets/Wand and Circles/Polygon City Free Pack - Environment and Interior/Prefabs/Stones/Little Stones/Little Stone_6.prefab using Guid(60b52e7ce30261149bd54f899ae72260) Importer(815301076,1909f56bfc062723c751e8b465ee728b)  -> (artifact id: '5204d6f345dfd03a3e0ff154008bd0ea') in 0.073969 seconds 
========================================================================
Received Import Request.
  Time since last request: 0.012557 seconds.
  path: Assets/Wand and Circles/Polygon City Free Pack - Environment and Interior/Prefabs/Stones/Little Stones/Little Stone_3.prefab
  artifactKey: Guid(97c7ef7ead6228b48aa04ea61808e57b) Importer(815301076,1909f56bfc062723c751e8b465ee728b)
Start importing Assets/Wand and Circles/Polygon City Free Pack - Environment and Interior/Prefabs/Stones/Little Stones/Little Stone_3.prefab using Guid(97c7ef7ead6228b48aa04ea61808e57b) Importer(815301076,1909f56bfc062723c751e8b465ee728b)  -> (artifact id: 'fa7f18bf47bb30c82d90b2a069f86b56') in 0.085160 seconds 
========================================================================
Received Import Request.
  Time since last request: 4.572809 seconds.
  path: Assets/Wand and Circles/Polygon City Free Pack - Environment and Interior/Prefabs/Stones/Big Stones/Big stone.prefab
  artifactKey: Guid(001f45d171dd9a3489fcc609fbe7856e) Importer(815301076,1909f56bfc062723c751e8b465ee728b)
Start importing Assets/Wand and Circles/Polygon City Free Pack - Environment and Interior/Prefabs/Stones/Big Stones/Big stone.prefab using Guid(001f45d171dd9a3489fcc609fbe7856e) Importer(815301076,1909f56bfc062723c751e8b465ee728b)  -> (artifact id: '7baee27586377cd9967fb3515fdf470b') in 0.035826 seconds 
========================================================================
Received Import Request.
  Time since last request: 284.455183 seconds.
  path: Assets/Wand and Circles/Polygon City Free Pack - Environment and Interior/Prefabs/Props/Box 3.prefab
  artifactKey: Guid(e789afaff5a84fc4d97c4b23d69ccb47) Importer(815301076,1909f56bfc062723c751e8b465ee728b)
Start importing Assets/Wand and Circles/Polygon City Free Pack - Environment and Interior/Prefabs/Props/Box 3.prefab using Guid(e789afaff5a84fc4d97c4b23d69ccb47) Importer(815301076,1909f56bfc062723c751e8b465ee728b)  -> (artifact id: 'e957a00fbdfca3990ec975b343703208') in 0.032135 seconds 
========================================================================
Received Import Request.
  Time since last request: 581.303617 seconds.
  path: Assets/Wand and Circles/Polygon City Free Pack - Environment and Interior/Prefabs/Fences/2/Fence.prefab
  artifactKey: Guid(17f622dcda5a9394dbc83f3bb64651de) Importer(815301076,1909f56bfc062723c751e8b465ee728b)
Start importing Assets/Wand and Circles/Polygon City Free Pack - Environment and Interior/Prefabs/Fences/2/Fence.prefab using Guid(17f622dcda5a9394dbc83f3bb64651de) Importer(815301076,1909f56bfc062723c751e8b465ee728b)  -> (artifact id: 'ef0967342c422c9e7376c3c02b0b5a42') in 0.070975 seconds 
========================================================================
Received Import Request.
  Time since last request: 0.000461 seconds.
  path: Assets/Wand and Circles/Polygon City Free Pack - Environment and Interior/Prefabs/Fences/2/Fence_1.prefab
  artifactKey: Guid(b5cca5778649b0646b6d85d6be69713c) Importer(815301076,1909f56bfc062723c751e8b465ee728b)
Start importing Assets/Wand and Circles/Polygon City Free Pack - Environment and Interior/Prefabs/Fences/2/Fence_1.prefab using Guid(b5cca5778649b0646b6d85d6be69713c) Importer(815301076,1909f56bfc062723c751e8b465ee728b)  -> (artifact id: '59f1c14c84439f681158a32d4d232b94') in 0.027927 seconds 
========================================================================
Received Import Request.
  Time since last request: 0.793330 seconds.
  path: Assets/Wand and Circles/Polygon City Free Pack - Environment and Interior/Prefabs/Fences/3/Fence.prefab
  artifactKey: Guid(91b6254eb9adcfa4eaa64a308f18a28e) Importer(815301076,1909f56bfc062723c751e8b465ee728b)
Start importing Assets/Wand and Circles/Polygon City Free Pack - Environment and Interior/Prefabs/Fences/3/Fence.prefab using Guid(91b6254eb9adcfa4eaa64a308f18a28e) Importer(815301076,1909f56bfc062723c751e8b465ee728b)  -> (artifact id: '702487b3f8d60f38becf81ba81140d38') in 0.028998 seconds 
========================================================================
Received Import Request.
  Time since last request: 0.008625 seconds.
  path: Assets/Wand and Circles/Polygon City Free Pack - Environment and Interior/Prefabs/Fences/3/Fence_2.prefab
  artifactKey: Guid(86c9e2af07b060247add50b61d48f372) Importer(815301076,1909f56bfc062723c751e8b465ee728b)
Start importing Assets/Wand and Circles/Polygon City Free Pack - Environment and Interior/Prefabs/Fences/3/Fence_2.prefab using Guid(86c9e2af07b060247add50b61d48f372) Importer(815301076,1909f56bfc062723c751e8b465ee728b)  -> (artifact id: '05c2ca4cbb8ca29b77163561fc125c26') in 0.059807 seconds 
========================================================================
Received Import Request.
  Time since last request: 0.007755 seconds.
  path: Assets/Wand and Circles/Polygon City Free Pack - Environment and Interior/Prefabs/Fences/3/Fence_3.prefab
  artifactKey: Guid(a1069bb3bb6fbb24ea6799d8c3893313) Importer(815301076,1909f56bfc062723c751e8b465ee728b)
Start importing Assets/Wand and Circles/Polygon City Free Pack - Environment and Interior/Prefabs/Fences/3/Fence_3.prefab using Guid(a1069bb3bb6fbb24ea6799d8c3893313) Importer(815301076,1909f56bfc062723c751e8b465ee728b)  -> (artifact id: '9909347911a211d5a26ba758e11b5045') in 0.056967 seconds 
========================================================================
Received Import Request.
  Time since last request: 0.382391 seconds.
  path: Assets/Wand and Circles/Polygon City Free Pack - Environment and Interior/Prefabs/Fences/4/Fence.prefab
  artifactKey: Guid(3183c04cbebbbf541b36b54848aa67b7) Importer(815301076,1909f56bfc062723c751e8b465ee728b)
Start importing Assets/Wand and Circles/Polygon City Free Pack - Environment and Interior/Prefabs/Fences/4/Fence.prefab using Guid(3183c04cbebbbf541b36b54848aa67b7) Importer(815301076,1909f56bfc062723c751e8b465ee728b)  -> (artifact id: 'e748b885a9288b14dfe3c184ddab7640') in 0.033484 seconds 
========================================================================
Received Import Request.
  Time since last request: 0.614707 seconds.
  path: Assets/Wand and Circles/Polygon City Free Pack - Environment and Interior/Prefabs/Fences/5/Fence.prefab
  artifactKey: Guid(cf765da42a5ee9649b66a9a055efebe6) Importer(815301076,1909f56bfc062723c751e8b465ee728b)
Start importing Assets/Wand and Circles/Polygon City Free Pack - Environment and Interior/Prefabs/Fences/5/Fence.prefab using Guid(cf765da42a5ee9649b66a9a055efebe6) Importer(815301076,1909f56bfc062723c751e8b465ee728b)  -> (artifact id: '75b26492403bc50d4b362859945e099a') in 0.025930 seconds 
========================================================================
Received Import Request.
  Time since last request: 0.873243 seconds.
  path: Assets/Wand and Circles/Polygon City Free Pack - Environment and Interior/Prefabs/Fences/6/Fence.prefab
  artifactKey: Guid(668e384c1edabbb43bf5851ac7e2aca4) Importer(815301076,1909f56bfc062723c751e8b465ee728b)
Start importing Assets/Wand and Circles/Polygon City Free Pack - Environment and Interior/Prefabs/Fences/6/Fence.prefab using Guid(668e384c1edabbb43bf5851ac7e2aca4) Importer(815301076,1909f56bfc062723c751e8b465ee728b)  -> (artifact id: 'b7cdc70b6b0ef1765c5f4513710b90da') in 0.036383 seconds 
========================================================================
Received Import Request.
  Time since last request: 0.000095 seconds.
  path: Assets/Wand and Circles/Polygon City Free Pack - Environment and Interior/Prefabs/Fences/6/Fence_3.prefab
  artifactKey: Guid(4e84b50e3d50fed4ebf8f73e3164baa5) Importer(815301076,1909f56bfc062723c751e8b465ee728b)
Start importing Assets/Wand and Circles/Polygon City Free Pack - Environment and Interior/Prefabs/Fences/6/Fence_3.prefab using Guid(4e84b50e3d50fed4ebf8f73e3164baa5) Importer(815301076,1909f56bfc062723c751e8b465ee728b)  -> (artifact id: 'c0a20fdf3f65ad43a72980d5e49913b2') in 0.044545 seconds 
========================================================================
Received Import Request.
  Time since last request: 0.001202 seconds.
  path: Assets/Wand and Circles/Polygon City Free Pack - Environment and Interior/Prefabs/Fences/6/Fence_1.prefab
  artifactKey: Guid(0b8b5e6cb5750d54fb94a76440aedcc2) Importer(815301076,1909f56bfc062723c751e8b465ee728b)
Start importing Assets/Wand and Circles/Polygon City Free Pack - Environment and Interior/Prefabs/Fences/6/Fence_1.prefab using Guid(0b8b5e6cb5750d54fb94a76440aedcc2) Importer(815301076,1909f56bfc062723c751e8b465ee728b)  -> (artifact id: 'ab1e14993c6d61db5568c391ec524a50') in 0.052961 seconds 
