Using pre-set license
Built from '2021.3/staging' branch; Version is '2021.3.0f1 (6eacc8284459) revision 7253192'; Using compiler version '192829333'; Build Type 'Release'
OS: 'Windows 11  (10.0.22000) 64bit Core' Language: 'es' Physical Memory: 16198 MB
BatchMode: 1, IsHumanControllingUs: 0, StartBugReporterOnCrash: 0, Is64bit: 1, IsPro: 1

COMMAND LINE ARGUMENTS:
C:\Program Files\Unity\Hub\Editor\2021.3.0f1\Editor\Unity.exe
-adb2
-batchMode
-noUpm
-name
AssetImportWorker5
-projectPath
C:/Users/artur/OneDrive/Escritorio/FICGames/TheCode3D
-logFile
Logs/AssetImportWorker5.log
-srvPort
15444
Successfully changed project path to: C:/Users/artur/OneDrive/Escritorio/FICGames/TheCode3D
C:/Users/artur/OneDrive/Escritorio/FICGames/TheCode3D
[UnityMemory] Configuration Parameters - Can be set up in boot.config
    "memorysetup-bucket-allocator-granularity=16"
    "memorysetup-bucket-allocator-bucket-count=8"
    "memorysetup-bucket-allocator-block-size=33554432"
    "memorysetup-bucket-allocator-block-count=8"
    "memorysetup-main-allocator-block-size=16777216"
    "memorysetup-thread-allocator-block-size=16777216"
    "memorysetup-gfx-main-allocator-block-size=16777216"
    "memorysetup-gfx-thread-allocator-block-size=16777216"
    "memorysetup-cache-allocator-block-size=4194304"
    "memorysetup-typetree-allocator-block-size=2097152"
    "memorysetup-profiler-bucket-allocator-granularity=16"
    "memorysetup-profiler-bucket-allocator-bucket-count=8"
    "memorysetup-profiler-bucket-allocator-block-size=33554432"
    "memorysetup-profiler-bucket-allocator-block-count=8"
    "memorysetup-profiler-allocator-block-size=16777216"
    "memorysetup-profiler-editor-allocator-block-size=1048576"
    "memorysetup-temp-allocator-size-main=16777216"
    "memorysetup-job-temp-allocator-block-size=2097152"
    "memorysetup-job-temp-allocator-block-size-background=1048576"
    "memorysetup-job-temp-allocator-reduction-small-platforms=262144"
    "memorysetup-temp-allocator-size-background-worker=32768"
    "memorysetup-temp-allocator-size-job-worker=262144"
    "memorysetup-temp-allocator-size-preload-manager=33554432"
    "memorysetup-temp-allocator-size-nav-mesh-worker=65536"
    "memorysetup-temp-allocator-size-audio-worker=65536"
    "memorysetup-temp-allocator-size-cloud-worker=32768"
    "memorysetup-temp-allocator-size-gi-baking-worker=262144"
    "memorysetup-temp-allocator-size-gfx=262144"
Refreshing native plugins compatible for Editor in 130.87 ms, found 2 plugins.
Preloading 0 native plugins for Editor in 0.00 ms.
Initialize engine version: 2021.3.0f1 (6eacc8284459)
[Subsystems] Discovering subsystems at path C:/Program Files/Unity/Hub/Editor/2021.3.0f1/Editor/Data/Resources/UnitySubsystems
[Subsystems] Discovering subsystems at path C:/Users/artur/OneDrive/Escritorio/FICGames/TheCode3D/Assets
GfxDevice: creating device client; threaded=0; jobified=0
Direct3D:
    Version:  Direct3D 11.0 [level 11.1]
    Renderer: NVIDIA GeForce GTX 1050 with Max-Q Design (ID=0x1c8d)
    Vendor:   NVIDIA
    VRAM:     1979 MB
    Driver:   27.21.14.6259
Initialize mono
Mono path[0] = 'C:/Program Files/Unity/Hub/Editor/2021.3.0f1/Editor/Data/Managed'
Mono path[1] = 'C:/Program Files/Unity/Hub/Editor/2021.3.0f1/Editor/Data/MonoBleedingEdge/lib/mono/unityjit-win32'
Mono config path = 'C:/Program Files/Unity/Hub/Editor/2021.3.0f1/Editor/Data/MonoBleedingEdge/etc'
Using monoOptions --debugger-agent=transport=dt_socket,embedding=1,server=y,suspend=n,address=127.0.0.1:56332
Begin MonoManager ReloadAssembly
Registering precompiled unity dll's ...
Register platform support module: C:/Program Files/Unity/Hub/Editor/2021.3.0f1/Editor/Data/PlaybackEngines/WindowsStandaloneSupport/UnityEditor.WindowsStandalone.Extensions.dll
Registered in 0.012859 seconds.
Native extension for WindowsStandalone target not found
Refreshing native plugins compatible for Editor in 104.20 ms, found 2 plugins.
Preloading 0 native plugins for Editor in 0.00 ms.
Mono: successfully reloaded assembly
- Completed reload, in  2.076 seconds
Domain Reload Profiling:
	ReloadAssembly (2078ms)
		BeginReloadAssembly (208ms)
			ExecutionOrderSort (0ms)
			DisableScriptedObjects (0ms)
			BackupInstance (0ms)
			ReleaseScriptingObjects (0ms)
			CreateAndSetChildDomain (2ms)
		EndReloadAssembly (1518ms)
			LoadAssemblies (203ms)
			RebuildTransferFunctionScriptingTraits (0ms)
			SetupTypeCache (394ms)
			ReleaseScriptCaches (0ms)
			RebuildScriptCaches (90ms)
			SetupLoadedEditorAssemblies (863ms)
				LogAssemblyErrors (0ms)
				InitializePlatformSupportModulesInManaged (23ms)
				SetLoadedEditorAssemblies (1ms)
				RefreshPlugins (104ms)
				BeforeProcessingInitializeOnLoad (5ms)
				ProcessInitializeOnLoadAttributes (529ms)
				ProcessInitializeOnLoadMethodAttributes (200ms)
				AfterProcessingInitializeOnLoad (0ms)
				EditorAssembliesLoaded (1ms)
			ExecutionOrderSort2 (0ms)
			AwakeInstancesAfterBackupRestoration (0ms)
Platform modules already initialized, skipping
Registering precompiled user dll's ...
Registered in 0.011941 seconds.
Begin MonoManager ReloadAssembly
Symbol file LoadedFromMemory is not a mono symbol file
Native extension for WindowsStandalone target not found
Refreshing native plugins compatible for Editor in 0.99 ms, found 2 plugins.
Preloading 0 native plugins for Editor in 0.00 ms.
Mono: successfully reloaded assembly
- Completed reload, in  2.866 seconds
Domain Reload Profiling:
	ReloadAssembly (2869ms)
		BeginReloadAssembly (329ms)
			ExecutionOrderSort (0ms)
			DisableScriptedObjects (20ms)
			BackupInstance (0ms)
			ReleaseScriptingObjects (0ms)
			CreateAndSetChildDomain (53ms)
		EndReloadAssembly (2104ms)
			LoadAssemblies (239ms)
			RebuildTransferFunctionScriptingTraits (0ms)
			SetupTypeCache (628ms)
			ReleaseScriptCaches (1ms)
			RebuildScriptCaches (131ms)
			SetupLoadedEditorAssemblies (942ms)
				LogAssemblyErrors (0ms)
				InitializePlatformSupportModulesInManaged (16ms)
				SetLoadedEditorAssemblies (2ms)
				RefreshPlugins (1ms)
				BeforeProcessingInitializeOnLoad (166ms)
				ProcessInitializeOnLoadAttributes (651ms)
				ProcessInitializeOnLoadMethodAttributes (91ms)
				AfterProcessingInitializeOnLoad (15ms)
				EditorAssembliesLoaded (0ms)
			ExecutionOrderSort2 (0ms)
			AwakeInstancesAfterBackupRestoration (21ms)
Platform modules already initialized, skipping
========================================================================
Worker process is ready to serve import requests
Launched and connected shader compiler UnityShaderCompiler.exe after 0.17 seconds
Refreshing native plugins compatible for Editor in 0.86 ms, found 2 plugins.
Preloading 0 native plugins for Editor in 0.00 ms.
Unloading 1544 Unused Serialized files (Serialized files now loaded: 0)
Unloading 16 unused Assets / (57.2 KB). Loaded Objects now: 2026.
Memory consumption went from 81.5 MB to 81.4 MB.
Total: 6.730900 ms (FindLiveObjects: 0.313900 ms CreateObjectMapping: 0.190200 ms MarkObjects: 6.023800 ms  DeleteObjects: 0.200000 ms)

AssetImportParameters requested are different than current active one (requested -> active):
  custom:video-decoder-ogg-theora: a1e56fd34408186e4bbccfd4996cb3dc -> 
  custom:container-muxer-webm: aa71ff27fc2769a1b78a27578f13a17b -> 
  custom:container-demuxer-webm: 4f35f7cbe854078d1ac9338744f61a02 -> 
  custom:video-encoder-webm-vp8: eb34c28f22e8b96e1ab97ce403110664 -> 
  custom:audio-encoder-webm-vorbis: bf7c407c2cedff20999df2af8eb42d56 -> 
  custom:framework-win-MediaFoundation: 216162199b28c13a410421893ffa2e32 -> 
  custom:container-demuxer-ogg: 62fdf1f143b41e24485cea50d1cbac27 -> 
  custom:video-decoder-webm-vp8: 9c59270c3fd7afecdb556c50c9e8de78 -> 
  custom:audio-decoder-ogg-vorbis: bf7c407c2cedff20999df2af8eb42d56 -> 
========================================================================
Received Import Request.
  Time since last request: 5311.677994 seconds.
  path: Assets/Wand and Circles/Polygon City Free Pack - Environment and Interior/Prefabs/Grass/Grass_15.prefab
  artifactKey: Guid(43c2b40910fdc7347a9b24eaa8cf4a2e) Importer(815301076,1909f56bfc062723c751e8b465ee728b)
Start importing Assets/Wand and Circles/Polygon City Free Pack - Environment and Interior/Prefabs/Grass/Grass_15.prefab using Guid(43c2b40910fdc7347a9b24eaa8cf4a2e) Importer(815301076,1909f56bfc062723c751e8b465ee728b)  -> (artifact id: '8eb401c7dea3484ab4ca0762d3e8229f') in 0.410718 seconds 
========================================================================
Received Import Request.
  Time since last request: 0.894709 seconds.
  path: Assets/Wand and Circles/Polygon City Free Pack - Environment and Interior/Prefabs/Grass/Grass_22.prefab
  artifactKey: Guid(95b8860f96b65e7499d76592a6923051) Importer(815301076,1909f56bfc062723c751e8b465ee728b)
Start importing Assets/Wand and Circles/Polygon City Free Pack - Environment and Interior/Prefabs/Grass/Grass_22.prefab using Guid(95b8860f96b65e7499d76592a6923051) Importer(815301076,1909f56bfc062723c751e8b465ee728b)  -> (artifact id: 'f0c9311ca396b755f37c1644b6c49903') in 0.077997 seconds 
========================================================================
Received Import Request.
  Time since last request: 0.000058 seconds.
  path: Assets/Wand and Circles/Polygon City Free Pack - Environment and Interior/Prefabs/Grass/Grass_24.prefab
  artifactKey: Guid(03f3f04fb7bde914ca33a9fe5d6ceb9b) Importer(815301076,1909f56bfc062723c751e8b465ee728b)
Start importing Assets/Wand and Circles/Polygon City Free Pack - Environment and Interior/Prefabs/Grass/Grass_24.prefab using Guid(03f3f04fb7bde914ca33a9fe5d6ceb9b) Importer(815301076,1909f56bfc062723c751e8b465ee728b)  -> (artifact id: '416135e5521bf0c384b8fc590e396204') in 0.084907 seconds 
========================================================================
Received Import Request.
  Time since last request: 3.200910 seconds.
  path: Assets/Wand and Circles/Polygon City Free Pack - Environment and Interior/Prefabs/Props/Cistern.prefab
  artifactKey: Guid(44079a24b89f07c4797e49b48d45b768) Importer(815301076,1909f56bfc062723c751e8b465ee728b)
Start importing Assets/Wand and Circles/Polygon City Free Pack - Environment and Interior/Prefabs/Props/Cistern.prefab using Guid(44079a24b89f07c4797e49b48d45b768) Importer(815301076,1909f56bfc062723c751e8b465ee728b)  -> (artifact id: '742ab0f5f7b81f55a266eb4101e9a4c6') in 0.046306 seconds 
========================================================================
Received Import Request.
  Time since last request: 0.000050 seconds.
  path: Assets/Wand and Circles/Polygon City Free Pack - Environment and Interior/Prefabs/Props/Crane.prefab
  artifactKey: Guid(43215c6557efd6f4cbe7e7042d1d319c) Importer(815301076,1909f56bfc062723c751e8b465ee728b)
Start importing Assets/Wand and Circles/Polygon City Free Pack - Environment and Interior/Prefabs/Props/Crane.prefab using Guid(43215c6557efd6f4cbe7e7042d1d319c) Importer(815301076,1909f56bfc062723c751e8b465ee728b)  -> (artifact id: '08aba1e003c0fd9330fc7832b2a87c49') in 0.066726 seconds 
========================================================================
Received Import Request.
  Time since last request: 5.428150 seconds.
  path: Assets/Wand and Circles/Polygon City Free Pack - Environment and Interior/Prefabs/Props/Awning.prefab
  artifactKey: Guid(420fe52ab6f4a194094884806f3777fa) Importer(815301076,1909f56bfc062723c751e8b465ee728b)
Start importing Assets/Wand and Circles/Polygon City Free Pack - Environment and Interior/Prefabs/Props/Awning.prefab using Guid(420fe52ab6f4a194094884806f3777fa) Importer(815301076,1909f56bfc062723c751e8b465ee728b)  -> (artifact id: '1d13e7885d763d84dec7982954ebe051') in 0.104514 seconds 
========================================================================
Received Import Request.
  Time since last request: 0.000054 seconds.
  path: Assets/Wand and Circles/Polygon City Free Pack - Environment and Interior/Prefabs/Props/Barrel 3.prefab
  artifactKey: Guid(98f66ccba0443a14a8dffc0d78794889) Importer(815301076,1909f56bfc062723c751e8b465ee728b)
Start importing Assets/Wand and Circles/Polygon City Free Pack - Environment and Interior/Prefabs/Props/Barrel 3.prefab using Guid(98f66ccba0443a14a8dffc0d78794889) Importer(815301076,1909f56bfc062723c751e8b465ee728b)  -> (artifact id: 'dbd1e23a0300cf2eac5001599377d301') in 0.072047 seconds 
========================================================================
Received Import Request.
  Time since last request: 1.563244 seconds.
  path: Assets/Wand and Circles/Polygon City Free Pack - Environment and Interior/Prefabs/Props/Battery.prefab
  artifactKey: Guid(12df0d05126af19479270fb722a69acb) Importer(815301076,1909f56bfc062723c751e8b465ee728b)
Start importing Assets/Wand and Circles/Polygon City Free Pack - Environment and Interior/Prefabs/Props/Battery.prefab using Guid(12df0d05126af19479270fb722a69acb) Importer(815301076,1909f56bfc062723c751e8b465ee728b)  -> (artifact id: 'c24b68629b4732d2cbfa0dfc3d1a984c') in 0.069334 seconds 
========================================================================
Received Import Request.
  Time since last request: 0.000041 seconds.
  path: Assets/Wand and Circles/Polygon City Free Pack - Environment and Interior/Prefabs/Props/Bed.prefab
  artifactKey: Guid(2bb28de3bad3c464d9eac3553f03a80d) Importer(815301076,1909f56bfc062723c751e8b465ee728b)
Start importing Assets/Wand and Circles/Polygon City Free Pack - Environment and Interior/Prefabs/Props/Bed.prefab using Guid(2bb28de3bad3c464d9eac3553f03a80d) Importer(815301076,1909f56bfc062723c751e8b465ee728b)  -> (artifact id: '0c83e281203adee5d6356e7f0e7672fa') in 0.075541 seconds 
========================================================================
Received Import Request.
  Time since last request: 0.000316 seconds.
  path: Assets/Wand and Circles/Polygon City Free Pack - Environment and Interior/Prefabs/Props/Ladder.prefab
  artifactKey: Guid(a4023a85447d60345a8dfe3c3e23dd02) Importer(815301076,1909f56bfc062723c751e8b465ee728b)
Start importing Assets/Wand and Circles/Polygon City Free Pack - Environment and Interior/Prefabs/Props/Ladder.prefab using Guid(a4023a85447d60345a8dfe3c3e23dd02) Importer(815301076,1909f56bfc062723c751e8b465ee728b)  -> (artifact id: 'f8536df4c8adf3de96e95b2ac12bd569') in 0.078939 seconds 
========================================================================
Received Import Request.
  Time since last request: 0.000107 seconds.
  path: Assets/Wand and Circles/Polygon City Free Pack - Environment and Interior/Prefabs/Props/Door 1.prefab
  artifactKey: Guid(7e5df01eff461484683f1acd930b6d53) Importer(815301076,1909f56bfc062723c751e8b465ee728b)
Start importing Assets/Wand and Circles/Polygon City Free Pack - Environment and Interior/Prefabs/Props/Door 1.prefab using Guid(7e5df01eff461484683f1acd930b6d53) Importer(815301076,1909f56bfc062723c751e8b465ee728b)  -> (artifact id: 'c6b9c4fdabe6ec892deb16358bbb7c80') in 0.062002 seconds 
========================================================================
Received Import Request.
  Time since last request: 0.000039 seconds.
  path: Assets/Wand and Circles/Polygon City Free Pack - Environment and Interior/Prefabs/Props/Light 1.prefab
  artifactKey: Guid(10d6e047ec581124a80eb334b1da64f4) Importer(815301076,1909f56bfc062723c751e8b465ee728b)
Start importing Assets/Wand and Circles/Polygon City Free Pack - Environment and Interior/Prefabs/Props/Light 1.prefab using Guid(10d6e047ec581124a80eb334b1da64f4) Importer(815301076,1909f56bfc062723c751e8b465ee728b)  -> (artifact id: '29aeb0a228cc4ac2a9815c3b37a61bff') in 0.059762 seconds 
========================================================================
Received Import Request.
  Time since last request: 0.000501 seconds.
  path: Assets/Wand and Circles/Polygon City Free Pack - Environment and Interior/Prefabs/Props/Curtains 1.prefab
  artifactKey: Guid(f2a6796b117e92a42aa70e7d447728f9) Importer(815301076,1909f56bfc062723c751e8b465ee728b)
Start importing Assets/Wand and Circles/Polygon City Free Pack - Environment and Interior/Prefabs/Props/Curtains 1.prefab using Guid(f2a6796b117e92a42aa70e7d447728f9) Importer(815301076,1909f56bfc062723c751e8b465ee728b)  -> (artifact id: 'e0abc7c43c156302563a7c3893c4f2a7') in 0.068277 seconds 
========================================================================
Received Import Request.
  Time since last request: 0.000554 seconds.
  path: Assets/Wand and Circles/Polygon City Free Pack - Environment and Interior/Prefabs/Props/Electric pole.prefab
  artifactKey: Guid(a3e635465fb6fd24fb52f0273c0b42ef) Importer(815301076,1909f56bfc062723c751e8b465ee728b)
Start importing Assets/Wand and Circles/Polygon City Free Pack - Environment and Interior/Prefabs/Props/Electric pole.prefab using Guid(a3e635465fb6fd24fb52f0273c0b42ef) Importer(815301076,1909f56bfc062723c751e8b465ee728b)  -> (artifact id: 'aef1c89865551643b654b1713d641de0') in 0.069261 seconds 
========================================================================
Received Import Request.
  Time since last request: 0.000042 seconds.
  path: Assets/Wand and Circles/Polygon City Free Pack - Environment and Interior/Prefabs/Props/Bottle.prefab
  artifactKey: Guid(8575136039de953429462a2d62d64eb4) Importer(815301076,1909f56bfc062723c751e8b465ee728b)
Start importing Assets/Wand and Circles/Polygon City Free Pack - Environment and Interior/Prefabs/Props/Bottle.prefab using Guid(8575136039de953429462a2d62d64eb4) Importer(815301076,1909f56bfc062723c751e8b465ee728b)  -> (artifact id: '89d3aaf8ed1220b320d0ca88186156f6') in 0.056278 seconds 
========================================================================
Received Import Request.
  Time since last request: 0.003770 seconds.
  path: Assets/Wand and Circles/Polygon City Free Pack - Environment and Interior/Prefabs/Props/Box cap.prefab
  artifactKey: Guid(ec267ebad9ef10c45bc6b17ee8de56c4) Importer(815301076,1909f56bfc062723c751e8b465ee728b)
Start importing Assets/Wand and Circles/Polygon City Free Pack - Environment and Interior/Prefabs/Props/Box cap.prefab using Guid(ec267ebad9ef10c45bc6b17ee8de56c4) Importer(815301076,1909f56bfc062723c751e8b465ee728b)  -> (artifact id: 'c627e91b369b537fb86b89a56953da07') in 0.076268 seconds 
========================================================================
Received Import Request.
  Time since last request: 0.001429 seconds.
  path: Assets/Wand and Circles/Polygon City Free Pack - Environment and Interior/Prefabs/Props/Fridge.prefab
  artifactKey: Guid(d7a575db7bbe41d45840465d98cab954) Importer(815301076,1909f56bfc062723c751e8b465ee728b)
Start importing Assets/Wand and Circles/Polygon City Free Pack - Environment and Interior/Prefabs/Props/Fridge.prefab using Guid(d7a575db7bbe41d45840465d98cab954) Importer(815301076,1909f56bfc062723c751e8b465ee728b)  -> (artifact id: 'a4295a21cbd040f6756578de6b247b68') in 0.060344 seconds 
========================================================================
Received Import Request.
  Time since last request: 0.000041 seconds.
  path: Assets/Wand and Circles/Polygon City Free Pack - Environment and Interior/Prefabs/Props/Door 2.prefab
  artifactKey: Guid(1808544e00d22df4ca12ecd30676e19f) Importer(815301076,1909f56bfc062723c751e8b465ee728b)
Start importing Assets/Wand and Circles/Polygon City Free Pack - Environment and Interior/Prefabs/Props/Door 2.prefab using Guid(1808544e00d22df4ca12ecd30676e19f) Importer(815301076,1909f56bfc062723c751e8b465ee728b)  -> (artifact id: '04f333063f36e8ff299dba5fdd62e368') in 0.088780 seconds 
========================================================================
Received Import Request.
  Time since last request: 0.000996 seconds.
  path: Assets/Wand and Circles/Polygon City Free Pack - Environment and Interior/Prefabs/Props/List 4.prefab
  artifactKey: Guid(e9be7dd7fa3c9904ea1bb289919b2ad9) Importer(815301076,1909f56bfc062723c751e8b465ee728b)
Start importing Assets/Wand and Circles/Polygon City Free Pack - Environment and Interior/Prefabs/Props/List 4.prefab using Guid(e9be7dd7fa3c9904ea1bb289919b2ad9) Importer(815301076,1909f56bfc062723c751e8b465ee728b)  -> (artifact id: 'ca1ced6698aa3e8f1219afbd2e331c1a') in 0.060968 seconds 
========================================================================
Received Import Request.
  Time since last request: 0.070336 seconds.
  path: Assets/Wand and Circles/Polygon City Free Pack - Environment and Interior/Prefabs/Props/Nightstand 2.prefab
  artifactKey: Guid(83ea41a9b78eb5144bdcbe48cf52192b) Importer(815301076,1909f56bfc062723c751e8b465ee728b)
Start importing Assets/Wand and Circles/Polygon City Free Pack - Environment and Interior/Prefabs/Props/Nightstand 2.prefab using Guid(83ea41a9b78eb5144bdcbe48cf52192b) Importer(815301076,1909f56bfc062723c751e8b465ee728b)  -> (artifact id: '9bc6387777dba2eeb7934ca0a85bdec2') in 0.052690 seconds 
========================================================================
Received Import Request.
  Time since last request: 0.000044 seconds.
  path: Assets/Wand and Circles/Polygon City Free Pack - Environment and Interior/Prefabs/Props/Pallet.prefab
  artifactKey: Guid(dd11050be8051f5419100fbcbf626e87) Importer(815301076,1909f56bfc062723c751e8b465ee728b)
Start importing Assets/Wand and Circles/Polygon City Free Pack - Environment and Interior/Prefabs/Props/Pallet.prefab using Guid(dd11050be8051f5419100fbcbf626e87) Importer(815301076,1909f56bfc062723c751e8b465ee728b)  -> (artifact id: '3bc5647e2f16cbdfa6e7d1e5bd64e0a1') in 0.073263 seconds 
========================================================================
Received Import Request.
  Time since last request: 0.000047 seconds.
  path: Assets/Wand and Circles/Polygon City Free Pack - Environment and Interior/Prefabs/Props/Pallet 1.prefab
  artifactKey: Guid(136ee68e8f52f01478e231fa062211a9) Importer(815301076,1909f56bfc062723c751e8b465ee728b)
Start importing Assets/Wand and Circles/Polygon City Free Pack - Environment and Interior/Prefabs/Props/Pallet 1.prefab using Guid(136ee68e8f52f01478e231fa062211a9) Importer(815301076,1909f56bfc062723c751e8b465ee728b)  -> (artifact id: '819f111886c6e363abd018a25f480233') in 0.060891 seconds 
========================================================================
Received Import Request.
  Time since last request: 0.000040 seconds.
  path: Assets/Wand and Circles/Polygon City Free Pack - Environment and Interior/Prefabs/Props/Table 1.prefab
  artifactKey: Guid(8de402e62bdbe2d4c8f5ee062868613c) Importer(815301076,1909f56bfc062723c751e8b465ee728b)
Start importing Assets/Wand and Circles/Polygon City Free Pack - Environment and Interior/Prefabs/Props/Table 1.prefab using Guid(8de402e62bdbe2d4c8f5ee062868613c) Importer(815301076,1909f56bfc062723c751e8b465ee728b)  -> (artifact id: '903b1f5a77c48fa36de604b921adc8e2') in 0.075381 seconds 
========================================================================
Received Import Request.
  Time since last request: 0.000040 seconds.
  path: Assets/Wand and Circles/Polygon City Free Pack - Environment and Interior/Prefabs/Props/Slate.prefab
  artifactKey: Guid(730c2f644ef5f934493f7c07e9d5902c) Importer(815301076,1909f56bfc062723c751e8b465ee728b)
Start importing Assets/Wand and Circles/Polygon City Free Pack - Environment and Interior/Prefabs/Props/Slate.prefab using Guid(730c2f644ef5f934493f7c07e9d5902c) Importer(815301076,1909f56bfc062723c751e8b465ee728b)  -> (artifact id: '7af8e2277eac82698cd23b0e08e3f01f') in 0.073457 seconds 
========================================================================
Received Import Request.
  Time since last request: 0.000044 seconds.
  path: Assets/Wand and Circles/Polygon City Free Pack - Environment and Interior/Prefabs/Props/Slate 1.prefab
  artifactKey: Guid(78fcb01a1a6de614b872ed0c56c677e7) Importer(815301076,1909f56bfc062723c751e8b465ee728b)
Start importing Assets/Wand and Circles/Polygon City Free Pack - Environment and Interior/Prefabs/Props/Slate 1.prefab using Guid(78fcb01a1a6de614b872ed0c56c677e7) Importer(815301076,1909f56bfc062723c751e8b465ee728b)  -> (artifact id: '5fbb579ffaefd350f911d4fd6c9cccaf') in 0.069830 seconds 
========================================================================
Received Import Request.
  Time since last request: 0.001739 seconds.
  path: Assets/Wand and Circles/Polygon City Free Pack - Environment and Interior/Prefabs/Props/Stand 1.prefab
  artifactKey: Guid(1a9dbdfb7024599499b52cc447be2950) Importer(815301076,1909f56bfc062723c751e8b465ee728b)
Start importing Assets/Wand and Circles/Polygon City Free Pack - Environment and Interior/Prefabs/Props/Stand 1.prefab using Guid(1a9dbdfb7024599499b52cc447be2950) Importer(815301076,1909f56bfc062723c751e8b465ee728b)  -> (artifact id: 'a6118b634bae9d268addba29905866c8') in 0.070717 seconds 
========================================================================
Received Import Request.
  Time since last request: 0.000050 seconds.
  path: Assets/Wand and Circles/Polygon City Free Pack - Environment and Interior/Prefabs/Props/Satellite antenna .prefab
  artifactKey: Guid(47c80eddf216c1b4f9a195f793074234) Importer(815301076,1909f56bfc062723c751e8b465ee728b)
Start importing Assets/Wand and Circles/Polygon City Free Pack - Environment and Interior/Prefabs/Props/Satellite antenna .prefab using Guid(47c80eddf216c1b4f9a195f793074234) Importer(815301076,1909f56bfc062723c751e8b465ee728b)  -> (artifact id: '8364d0f73d658ff1b0362599e23af8ff') in 0.052401 seconds 
========================================================================
Received Import Request.
  Time since last request: 0.288515 seconds.
  path: Assets/Wand and Circles/Polygon City Free Pack - Environment and Interior/Prefabs/Props/Tire.prefab
  artifactKey: Guid(a9053e10e3c69b4438a945f8d8aae733) Importer(815301076,1909f56bfc062723c751e8b465ee728b)
Start importing Assets/Wand and Circles/Polygon City Free Pack - Environment and Interior/Prefabs/Props/Tire.prefab using Guid(a9053e10e3c69b4438a945f8d8aae733) Importer(815301076,1909f56bfc062723c751e8b465ee728b)  -> (artifact id: '6a69741f1338ac8825ee0227c25ae1bc') in 0.075853 seconds 
========================================================================
Received Import Request.
  Time since last request: 0.000043 seconds.
  path: Assets/Wand and Circles/Polygon City Free Pack - Environment and Interior/Prefabs/Props/Wooden pillar 2.prefab
  artifactKey: Guid(644adee60207e524bbca7fdb31598b14) Importer(815301076,1909f56bfc062723c751e8b465ee728b)
Start importing Assets/Wand and Circles/Polygon City Free Pack - Environment and Interior/Prefabs/Props/Wooden pillar 2.prefab using Guid(644adee60207e524bbca7fdb31598b14) Importer(815301076,1909f56bfc062723c751e8b465ee728b)  -> (artifact id: 'e7bc9501aeab063e108fce9c1a3f5c91') in 0.050639 seconds 
Editor requested this worker to shutdown with reason: Scaling down because of idle timeout
AssetImportWorkerClient::OnTransportError - code=2 error=End of file
AssetImportWorker is now disconnected from the server
Process exiting
Exiting without the bug reporter. Application will terminate with return code 0