Unity Editor version:    2020.3.33f1 (915a7af8b0d5)
Branch:                  2020.3/staging
Build type:              Release
Batch mode:              YES
System name:             Linux
Distro version:          #123-Ubuntu SMP Fri Apr 8 09:10:54 UTC 2022
Kernel version:          5.4.0-109-generic
Architecture:            x86_64
Available memory:        15850 MB
Using pre-set license
Pro License: NO
Desktop is 1920 x 1080 @ 60 Hz

COMMAND LINE ARGUMENTS:
Unity
-adb2
-batchMode
-noUpm
-name
AssetImportWorker0
-projectPath
/media/hector/ing_inf/4º/CIIE/Prácticas/3D/FICGames/TheCode3D
-logFile
Logs/AssetImportWorker0.log
-srvPort
36939
Successfully changed project path to: /media/hector/ing_inf/4º/CIIE/Prácticas/3D/FICGames/TheCode3D
/media/hector/ing_inf/4º/CIIE/Prácticas/3D/FICGames/TheCode3D
Using Asset Import Pipeline V2.
Refreshing native plugins compatible for Editor in 33,62 ms, found 0 plugins.
Preloading 0 native plugins for Editor in 0,00 ms.
Initialize engine version: 2020.3.33f1 (915a7af8b0d5)
[Subsystems] Discovering subsystems at path /home/hector/Unity/Hub/Editor/2020.3.33f1/Editor/Data/Resources/UnitySubsystems
[Subsystems] Discovering subsystems at path /media/hector/ing_inf/4º/CIIE/Prácticas/3D/FICGames/TheCode3D/Assets
GLX Extensions: GLX_ARB_get_proc_address GLX_ARB_multisample GLX_EXT_visual_info GLX_EXT_visual_rating GLX_EXT_import_context GLX_SGI_video_sync GLX_SGIX_fbconfig GLX_SGIX_pbuffer GLX_SGI_swap_control GLX_EXT_swap_control GLX_EXT_swap_control_tear GLX_EXT_buffer_age GLX_ARB_create_context GLX_ARB_create_context_profile GLX_NV_float_buffer GLX_ARB_fbconfig_float GLX_EXT_texture_from_pixmap GLX_EXT_framebuffer_sRGB GLX_NV_copy_image GLX_EXT_create_context_es_profile GLX_EXT_create_context_es2_profile GLX_ARB_create_context_no_error GLX_ARB_create_context_robustness GLX_NV_delay_before_swap GLX_EXT_stereo_tree GLX_ARB_context_flush_control GLX_NV_robustness_video_memory_purge GLX_NV_multigpu_context 
Renderer: NVIDIA GeForce GTX 1070/PCIe/SSE2
Vendor:   NVIDIA Corporation
Version:  4.5.0 NVIDIA 470.103.01
GLES:     0
 GL_AMD_multi_draw_indirect GL_AMD_seamless_cubemap_per_texture GL_AMD_vertex_shader_viewport_index GL_AMD_vertex_shader_layer GL_ARB_arrays_of_arrays GL_ARB_base_instance GL_ARB_bindless_texture GL_ARB_blend_func_extended GL_ARB_buffer_storage GL_ARB_clear_buffer_object GL_ARB_clear_texture GL_ARB_clip_control GL_ARB_color_buffer_float GL_ARB_compressed_texture_pixel_storage GL_ARB_conservative_depth GL_ARB_compute_shader GL_ARB_compute_variable_group_size GL_ARB_conditional_render_inverted GL_ARB_copy_buffer GL_ARB_copy_image GL_ARB_cull_distance GL_ARB_debug_output GL_ARB_depth_buffer_float GL_ARB_depth_clamp GL_ARB_depth_texture GL_ARB_derivative_control GL_ARB_direct_state_access GL_ARB_draw_buffers GL_ARB_draw_buffers_blend GL_ARB_draw_indirect GL_ARB_draw_elements_base_vertex GL_ARB_draw_instanced GL_ARB_enhanced_layouts GL_ARB_ES2_compatibility GL_ARB_ES3_compatibility GL_ARB_ES3_1_compatibility GL_ARB_ES3_2_compatibility GL_ARB_explicit_attrib_location GL_ARB_explicit_uniform_location GL_ARB_fragmen
t_coord_conventions GL_ARB_fragment_layer_viewport GL_ARB_fragment_program GL_ARB_fragment_program_shadow GL_ARB_fragment_shader GL_ARB_fragment_shader_interlock GL_ARB_framebuffer_no_attachments GL_ARB_framebuffer_object GL_ARB_framebuffer_sRGB GL_ARB_geometry_shader4 GL_ARB_get_program_binary GL_ARB_get_texture_sub_image GL_ARB_gl_spirv GL_ARB_gpu_shader5 GL_ARB_gpu_shader_fp64 GL_ARB_gpu_shader_int64 GL_ARB_half_float_pixel GL_ARB_half_float_vertex GL_ARB_imaging GL_ARB_indirect_parameters GL_ARB_instanced_arrays GL_ARB_internalformat_query GL_ARB_internalformat_query2 GL_ARB_invalidate_subdata GL_ARB_map_buffer_alignment GL_ARB_map_buffer_range GL_ARB_multi_bind GL_ARB_multi_draw_indirect GL_ARB_multisample GL_ARB_multitexture GL_ARB_occlusion_query GL_ARB_occlusion_query2 GL_ARB_parallel_shader_compile GL_ARB_pipeline_statistics_query GL_ARB_pixel_buffer_object GL_ARB_point_parameters GL_ARB_point_sprite GL_ARB_polygon_offset_clamp GL_ARB_post_depth_coverage GL_ARB_program_interface_query GL_ARB_provoki
ng_vertex GL_ARB_query_buffer_object GL_ARB_robust_buffer_access_behavior GL_ARB_robustness GL_ARB_sample_locations GL_ARB_sample_shading GL_ARB_sampler_objects GL_ARB_seamless_cube_map GL_ARB_seamless_cubemap_per_texture GL_ARB_separate_shader_objects GL_ARB_shader_atomic_counter_ops GL_ARB_shader_atomic_counters GL_ARB_shader_ballot GL_ARB_shader_bit_encoding GL_ARB_shader_clock GL_ARB_shader_draw_parameters GL_ARB_shader_group_vote GL_ARB_shader_image_load_store GL_ARB_shader_image_size GL_ARB_shader_objects GL_ARB_shader_precision GL_ARB_shader_storage_buffer_object GL_ARB_shader_subroutine GL_ARB_shader_texture_image_samples GL_ARB_shader_texture_lod GL_ARB_shading_language_100 GL_ARB_shader_viewport_layer_array GL_ARB_shading_language_420pack GL_ARB_shading_language_include GL_ARB_shading_language_packing GL_ARB_shadow GL_ARB_sparse_buffer GL_ARB_sparse_texture GL_ARB_sparse_texture2 GL_ARB_sparse_texture_clamp GL_ARB_spirv_extensions GL_ARB_stencil_texturing GL_ARB_sync GL_ARB_tessellation_shader GL_A
RB_texture_barrier GL_ARB_texture_border_clamp GL_ARB_texture_buffer_object GL_ARB_texture_buffer_object_rgb32 GL_ARB_texture_buffer_range GL_ARB_texture_compression GL_ARB_texture_compression_bptc GL_ARB_texture_compression_rgtc GL_ARB_texture_cube_map GL_ARB_texture_cube_map_array GL_ARB_texture_env_add GL_ARB_texture_env_combine GL_ARB_texture_env_crossbar GL_ARB_texture_env_dot3 GL_ARB_texture_filter_anisotropic GL_ARB_texture_filter_minmax GL_ARB_texture_float GL_ARB_texture_gather GL_ARB_texture_mirror_clamp_to_edge GL_ARB_texture_mirrored_repeat GL_ARB_texture_multisample GL_ARB_texture_non_power_of_two GL_ARB_texture_query_levels GL_ARB_texture_query_lod GL_ARB_texture_rectangle GL_ARB_texture_rg GL_ARB_texture_rgb10_a2ui GL_ARB_texture_stencil8 GL_ARB_texture_storage GL_ARB_texture_storage_multisample GL_ARB_texture_swizzle GL_ARB_texture_view GL_ARB_timer_query GL_ARB_transform_feedback2 GL_ARB_transform_feedback3 GL_ARB_transform_feedback_instanced GL_ARB_transform_feedback_overflow_query GL_ARB_t
ranspose_matrix GL_ARB_uniform_buffer_object GL_ARB_vertex_array_bgra GL_ARB_vertex_array_object GL_ARB_vertex_attrib_64bit GL_ARB_vertex_attrib_binding GL_ARB_vertex_buffer_object GL_ARB_vertex_program GL_ARB_vertex_shader GL_ARB_vertex_type_10f_11f_11f_rev GL_ARB_vertex_type_2_10_10_10_rev GL_ARB_viewport_array GL_ARB_window_pos GL_ATI_draw_buffers GL_ATI_texture_float GL_ATI_texture_mirror_once GL_S3_s3tc GL_EXT_texture_env_add GL_EXT_abgr GL_EXT_bgra GL_EXT_bindable_uniform GL_EXT_blend_color GL_EXT_blend_equation_separate GL_EXT_blend_func_separate GL_EXT_blend_minmax GL_EXT_blend_subtract GL_EXT_compiled_vertex_array GL_EXT_Cg_shader GL_EXT_depth_bounds_test GL_EXT_direct_state_access GL_EXT_draw_buffers2 GL_EXT_draw_instanced GL_EXT_draw_range_elements GL_EXT_fog_coord GL_EXT_framebuffer_blit GL_EXT_framebuffer_multisample GL_EXTX_framebuffer_mixed_formats GL_EXT_framebuffer_multisample_blit_scaled GL_EXT_framebuffer_object GL_EXT_framebuffer_sRGB GL_EXT_geometry_shader4 GL_EXT_gpu_program_parameters 
GL_EXT_gpu_shader4 GL_EXT_multi_draw_arrays GL_EXT_multiview_texture_multisample GL_EXT_multiview_timer_query GL_EXT_packed_depth_stencil GL_EXT_packed_float GL_EXT_packed_pixels GL_EXT_pixel_buffer_object GL_EXT_point_parameters GL_EXT_polygon_offset_clamp GL_EXT_post_depth_coverage GL_EXT_provoking_vertex GL_EXT_raster_multisample GL_EXT_rescale_normal GL_EXT_secondary_color GL_EXT_separate_shader_objects GL_EXT_separate_specular_color GL_EXT_shader_image_load_formatted GL_EXT_shader_image_load_store GL_EXT_shader_integer_mix GL_EXT_shadow_funcs GL_EXT_sparse_texture2 GL_EXT_stencil_two_side GL_EXT_stencil_wrap GL_EXT_texture3D GL_EXT_texture_array GL_EXT_texture_buffer_object GL_EXT_texture_compression_dxt1 GL_EXT_texture_compression_latc GL_EXT_texture_compression_rgtc GL_EXT_texture_compression_s3tc GL_EXT_texture_cube_map GL_EXT_texture_edge_clamp GL_EXT_texture_env_combine GL_EXT_texture_env_dot3 GL_EXT_texture_filter_anisotropic GL_EXT_texture_filter_minmax GL_EXT_texture_integer GL_EXT_texture_lod G
L_EXT_texture_lod_bias GL_EXT_texture_mirror_clamp GL_EXT_texture_object GL_EXT_texture_shadow_lod GL_EXT_texture_shared_exponent GL_EXT_texture_sRGB GL_EXT_texture_sRGB_R8 GL_EXT_texture_sRGB_decode GL_EXT_texture_storage GL_EXT_texture_swizzle GL_EXT_timer_query GL_EXT_transform_feedback2 GL_EXT_vertex_array GL_EXT_vertex_array_bgra GL_EXT_vertex_attrib_64bit GL_EXT_window_rectangles GL_EXT_x11_sync_object GL_EXT_import_sync_object GL_NV_robustness_video_memory_purge GL_IBM_rasterpos_clip GL_IBM_texture_mirrored_repeat GL_KHR_context_flush_control GL_KHR_debug GL_EXT_memory_object GL_EXT_memory_object_fd GL_NV_memory_object_sparse GL_KHR_parallel_shader_compile GL_KHR_no_error GL_KHR_robust_buffer_access_behavior GL_KHR_robustness GL_EXT_semaphore GL_EXT_semaphore_fd GL_NV_timeline_semaphore GL_KHR_shader_subgroup GL_KTX_buffer_region GL_NV_alpha_to_coverage_dither_control GL_NV_bindless_multi_draw_indirect GL_NV_bindless_multi_draw_indirect_count GL_NV_bindless_texture GL_NV_blend_equation_advanced GL_NV_
blend_equation_advanced_coherent GL_NVX_blend_equation_advanced_multi_draw_buffers GL_NV_blend_minmax_factor GL_NV_blend_square GL_NV_clip_space_w_scaling GL_NV_command_list GL_NV_compute_program5 GL_NV_conditional_render GL_NV_conservative_raster GL_NV_conservative_raster_dilate GL_NV_conservative_raster_pre_snap_triangles GL_NV_copy_depth_to_color GL_NV_copy_image GL_NV_depth_buffer_float GL_NV_depth_clamp GL_NV_draw_texture GL_NV_draw_vulkan_image GL_NV_ES1_1_compatibility GL_NV_ES3_1_compatibility GL_NV_explicit_multisample GL_NV_feature_query GL_NV_fence GL_NV_fill_rectangle GL_NV_float_buffer GL_NV_fog_distance GL_NV_fragment_coverage_to_color GL_NV_fragment_program GL_NV_fragment_program_option GL_NV_fragment_program2 GL_NV_fragment_shader_interlock GL_NV_framebuffer_mixed_samples GL_NV_framebuffer_multisample_coverage GL_NV_geometry_shader4 GL_NV_geometry_shader_passthrough GL_NV_gpu_program4 GL_NV_internalformat_sample_query GL_NV_gpu_program4_1 GL_NV_gpu_program5 GL_NV_gpu_program5_mem_extended GL_
NV_gpu_program_fp64 GL_NV_gpu_shader5 GL_NV_half_float GL_NV_light_max_exponent GL_NV_memory_attachment GL_NV_multisample_coverage GL_NV_multisample_filter_hint GL_NV_occlusion_query GL_NV_packed_depth_stencil GL_NV_parameter_buffer_object GL_NV_parameter_buffer_object2 GL_NV_path_rendering GL_NV_path_rendering_shared_edge GL_NV_pixel_data_range GL_NV_point_sprite GL_NV_primitive_restart GL_NV_query_resource GL_NV_query_resource_tag GL_NV_register_combiners GL_NV_register_combiners2 GL_NV_sample_locations GL_NV_sample_mask_override_coverage GL_NV_shader_atomic_counters GL_NV_shader_atomic_float GL_NV_shader_atomic_float64 GL_NV_shader_atomic_fp16_vector GL_NV_shader_atomic_int64 GL_NV_shader_buffer_load GL_NV_shader_storage_buffer_object GL_NV_shader_subgroup_partitioned GL_NV_stereo_view_rendering GL_NV_texgen_reflection GL_NV_texture_barrier GL_NV_texture_compression_vtc GL_NV_texture_env_combine4 GL_NV_texture_multisample GL_NV_texture_rectangle GL_NV_texture_rectangle_compressed GL_NV_texture_shader GL_N
V_texture_shader2 GL_NV_texture_shader3 GL_NV_transform_feedback GL_NV_transform_feedback2 GL_NV_uniform_buffer_unified_memory GL_NV_vdpau_interop GL_NV_vdpau_interop2 GL_NV_vertex_array_range GL_NV_vertex_array_range2 GL_NV_vertex_attrib_integer_64bit GL_NV_vertex_buffer_unified_memory GL_NV_vertex_program GL_NV_vertex_program1_1 GL_NV_vertex_program2 GL_NV_vertex_program2_option GL_NV_vertex_program3 GL_NV_viewport_array2 GL_NV_viewport_swizzle GL_NVX_conditional_render GL_NV_gpu_multicast GL_NVX_progress_fence GL_NVX_gpu_memory_info GL_NVX_nvenc_interop GL_NV_shader_thread_group GL_NV_shader_thread_shuffle GL_KHR_blend_equation_advanced GL_KHR_blend_equation_advanced_coherent GL_OVR_multiview GL_OVR_multiview2 GL_SGIS_generate_mipmap GL_SGIS_texture_lod GL_SGIX_depth_texture GL_SGIX_shadow GL_SUN_slice_accum
OPENGL LOG: Creating OpenGL 4.5 graphics device ; Context level  <OpenGL 4.5> ; Context handle -1410047592
Initialize mono
Mono path[0] = '/home/hector/Unity/Hub/Editor/2020.3.33f1/Editor/Data/Managed'
Mono path[1] = '/home/hector/Unity/Hub/Editor/2020.3.33f1/Editor/Data/MonoBleedingEdge/lib/mono/unityjit'
Mono config path = '/home/hector/Unity/Hub/Editor/2020.3.33f1/Editor/Data/MonoBleedingEdge/etc'
Using monoOptions --debugger-agent=transport=dt_socket,embedding=1,server=y,suspend=n,address=127.0.0.1:56548
Begin MonoManager ReloadAssembly
Registering precompiled unity dll's ...
Register platform support module: /home/hector/Unity/Hub/Editor/2020.3.33f1/Editor/Data/PlaybackEngines/WebGLSupport/UnityEditor.WebGL.Extensions.dll
Register platform support module: /home/hector/Unity/Hub/Editor/2020.3.33f1/Editor/Data/PlaybackEngines/MacStandaloneSupport/UnityEditor.OSXStandalone.Extensions.dll
Register platform support module: /home/hector/Unity/Hub/Editor/2020.3.33f1/Editor/Data/PlaybackEngines/WindowsStandaloneSupport/UnityEditor.WindowsStandalone.Extensions.dll
Register platform support module: /home/hector/Unity/Hub/Editor/2020.3.33f1/Editor/Data/PlaybackEngines/LinuxStandaloneSupport/UnityEditor.LinuxStandalone.Extensions.dll
Registered in 0,001989 seconds.
Native extension for LinuxStandalone target not found
Native extension for WindowsStandalone target not found
Native extension for OSXStandalone target not found
Native extension for WebGL target not found
Refreshing native plugins compatible for Editor in 33,23 ms, found 0 plugins.
Preloading 0 native plugins for Editor in 0,00 ms.
Mono: successfully reloaded assembly
- Completed reload, in  0,569 seconds
Domain Reload Profiling:
	ReloadAssembly (569ms)
		BeginReloadAssembly (52ms)
			ExecutionOrderSort (0ms)
			DisableScriptedObjects (0ms)
			BackupInstance (0ms)
			ReleaseScriptingObjects (0ms)
			CreateAndSetChildDomain (1ms)
		EndReloadAssembly (454ms)
			LoadAssemblies (50ms)
			RebuildTransferFunctionScriptingTraits (0ms)
			SetupTypeCache (137ms)
			ReleaseScriptCaches (0ms)
			RebuildScriptCaches (32ms)
			SetupLoadedEditorAssemblies (200ms)
				LogAssemblyErrors (0ms)
				InitializePlatformSupportModulesInManaged (7ms)
				SetLoadedEditorAssemblies (1ms)
				RefreshPlugins (33ms)
				BeforeProcessingInitializeOnLoad (6ms)
				ProcessInitializeOnLoadAttributes (125ms)
				ProcessInitializeOnLoadMethodAttributes (28ms)
				AfterProcessingInitializeOnLoad (0ms)
				EditorAssembliesLoaded (0ms)
			ExecutionOrderSort2 (0ms)
			AwakeInstancesAfterBackupRestoration (0ms)
Platform modules already initialized, skipping
Registering precompiled user dll's ...
Registered in 0,003057 seconds.
Begin MonoManager ReloadAssembly
Symbol file LoadedFromMemory doesn't match image /media/hector/ing_inf/4º/CIIE/Prácticas/3D/FICGames/TheCode3D/Library/PackageCache/com.unity.collab-proxy@1.15.15/Lib/Editor/PlasticSCM/unityplastic.dll
Native extension for LinuxStandalone target not found
Native extension for WindowsStandalone target not found
Native extension for OSXStandalone target not found
Native extension for WebGL target not found
Refreshing native plugins compatible for Editor in 0,39 ms, found 0 plugins.
Preloading 0 native plugins for Editor in 0,00 ms.
Mono: successfully reloaded assembly
- Completed reload, in  0,984 seconds
Domain Reload Profiling:
	ReloadAssembly (985ms)
		BeginReloadAssembly (128ms)
			ExecutionOrderSort (0ms)
			DisableScriptedObjects (5ms)
			BackupInstance (0ms)
			ReleaseScriptingObjects (0ms)
			CreateAndSetChildDomain (16ms)
		EndReloadAssembly (804ms)
			LoadAssemblies (87ms)
			RebuildTransferFunctionScriptingTraits (0ms)
			SetupTypeCache (241ms)
			ReleaseScriptCaches (0ms)
			RebuildScriptCaches (43ms)
			SetupLoadedEditorAssemblies (349ms)
				LogAssemblyErrors (0ms)
				InitializePlatformSupportModulesInManaged (8ms)
				SetLoadedEditorAssemblies (1ms)
				RefreshPlugins (0ms)
				BeforeProcessingInitializeOnLoad (60ms)
				ProcessInitializeOnLoadAttributes (265ms)
				ProcessInitializeOnLoadMethodAttributes (11ms)
				AfterProcessingInitializeOnLoad (4ms)
				EditorAssembliesLoaded (0ms)
			ExecutionOrderSort2 (0ms)
			AwakeInstancesAfterBackupRestoration (9ms)
Platform modules already initialized, skipping
========================================================================
Worker process is ready to serve import requests
Launched and connected shader compiler UnityShaderCompiler after 0.01 seconds
Refreshing native plugins compatible for Editor in 0,35 ms, found 0 plugins.
Preloading 0 native plugins for Editor in 0,00 ms.
Unloading 1543 Unused Serialized files (Serialized files now loaded: 0)
System memory in use before: 77,7 MB.
System memory in use after: 77,8 MB.

Unloading 16 unused Assets to reduce memory usage. Loaded Objects now: 1995.
Total: 4,545877 ms (FindLiveObjects: 0,155090 ms CreateObjectMapping: 0,061565 ms MarkObjects: 4,161106 ms  DeleteObjects: 0,167263 ms)

AssetImportParameters requested are different than current active one (requested -> active):
  custom:video-decoder-ogg-theora: a1e56fd34408186e4bbccfd4996cb3dc -> 
  custom:container-muxer-webm: aa71ff27fc2769a1b78a27578f13a17b -> 
  custom:container-demuxer-webm: 4f35f7cbe854078d1ac9338744f61a02 -> 
  custom:container-demuxer-ogg: 62fdf1f143b41e24485cea50d1cbac27 -> 
  custom:video-encoder-webm-vp8: eb34c28f22e8b96e1ab97ce403110664 -> 
  custom:video-decoder-webm-vp8: 9c59270c3fd7afecdb556c50c9e8de78 -> 
  custom:audio-decoder-ogg-vorbis: bf7c407c2cedff20999df2af8eb42d56 -> 
  custom:audio-encoder-webm-vorbis: bf7c407c2cedff20999df2af8eb42d56 -> 
========================================================================
Received Import Request.
  path: Assets/Prefabs/Impact.prefab
  artifactKey: Guid(4c729d8d6bb4809c196e433fa55ea730) Importer(815301076,1909f56bfc062723c751e8b465ee728b)
Start importing Assets/Prefabs/Impact.prefab using Guid(4c729d8d6bb4809c196e433fa55ea730) Importer(815301076,1909f56bfc062723c751e8b465ee728b)  -> (artifact id: '7e0896827cd11e45a586f9db957e6039') in 0,078444 seconds 
========================================================================
Received Import Request.
  Time since last request: 13,644382 seconds.
  path: Assets/Wand and Circles/Polygon City Free Pack - Environment and Interior/Prefabs/Buildings/Modular/Roof prop.prefab
  artifactKey: Guid(11d95fcd76c7b5f4c992906ff3110001) Importer(815301076,1909f56bfc062723c751e8b465ee728b)
Start importing Assets/Wand and Circles/Polygon City Free Pack - Environment and Interior/Prefabs/Buildings/Modular/Roof prop.prefab using Guid(11d95fcd76c7b5f4c992906ff3110001) Importer(815301076,1909f56bfc062723c751e8b465ee728b)  -> (artifact id: '296024c8239cf5f6da9449171d523cab') in 0,074492 seconds 
========================================================================
Received Import Request.
  Time since last request: 0,000149 seconds.
  path: Assets/Wand and Circles/Polygon City Free Pack - Environment and Interior/Prefabs/Buildings/Modular/Roof prop_0.prefab
  artifactKey: Guid(31c273044d2c3c542aad6e951a78926e) Importer(815301076,1909f56bfc062723c751e8b465ee728b)
Start importing Assets/Wand and Circles/Polygon City Free Pack - Environment and Interior/Prefabs/Buildings/Modular/Roof prop_0.prefab using Guid(31c273044d2c3c542aad6e951a78926e) Importer(815301076,1909f56bfc062723c751e8b465ee728b)  -> (artifact id: 'b89a0f6264b7642d107255dfaa3ea845') in 0,007311 seconds 
========================================================================
Received Import Request.
  Time since last request: 0,000181 seconds.
  path: Assets/Wand and Circles/Polygon City Free Pack - Environment and Interior/Prefabs/Buildings/Modular/Roof prop_1.prefab
  artifactKey: Guid(6c0b99f345950b445b660a6886deae7f) Importer(815301076,1909f56bfc062723c751e8b465ee728b)
Start importing Assets/Wand and Circles/Polygon City Free Pack - Environment and Interior/Prefabs/Buildings/Modular/Roof prop_1.prefab using Guid(6c0b99f345950b445b660a6886deae7f) Importer(815301076,1909f56bfc062723c751e8b465ee728b)  -> (artifact id: 'f4cf327cc5110b339bb7e4f7e916be80') in 0,007969 seconds 
========================================================================
Received Import Request.
  Time since last request: 2,868906 seconds.
  path: Assets/GLASSOFCOINS - FPS low poly fps/shotgun2/shotgun2.fbx
  artifactKey: Guid(86b02dce0f932004fb0cc294ef8ba5e6) Importer(815301076,1909f56bfc062723c751e8b465ee728b)
Start importing Assets/GLASSOFCOINS - FPS low poly fps/shotgun2/shotgun2.fbx using Guid(86b02dce0f932004fb0cc294ef8ba5e6) Importer(815301076,1909f56bfc062723c751e8b465ee728b)  -> (artifact id: 'ad1a80148ab0a4ce26ae493d856deeda') in 1,253519 seconds 
========================================================================
Received Import Request.
  Time since last request: 0,000690 seconds.
  path: Assets/GLASSOFCOINS - FPS low poly fps/shotgun2/shotgun2_prefab/shotgun2_prefab.prefab
  artifactKey: Guid(2c2b686b68aae984d8e2e6761f2d2516) Importer(815301076,1909f56bfc062723c751e8b465ee728b)
Start importing Assets/GLASSOFCOINS - FPS low poly fps/shotgun2/shotgun2_prefab/shotgun2_prefab.prefab using Guid(2c2b686b68aae984d8e2e6761f2d2516) Importer(815301076,1909f56bfc062723c751e8b465ee728b)  -> (artifact id: '3b4540b5b4c1ea28206267f217dc5ba2') in 2,960586 seconds 
========================================================================
Received Import Request.
  Time since last request: 0,000739 seconds.
  path: Assets/GLASSOFCOINS - FPS low poly fps/throwables/Smoke_Granade_prefab.prefab
  artifactKey: Guid(f14ea60fe1e19e54abaffe9007fc13c6) Importer(815301076,1909f56bfc062723c751e8b465ee728b)
Start importing Assets/GLASSOFCOINS - FPS low poly fps/throwables/Smoke_Granade_prefab.prefab using Guid(f14ea60fe1e19e54abaffe9007fc13c6) Importer(815301076,1909f56bfc062723c751e8b465ee728b)  -> (artifact id: '35f6521dddd5688796202f3cdc480a27') in 0,736901 seconds 
========================================================================
Received Import Request.
  Time since last request: 0,000757 seconds.
  path: Assets/Wand and Circles/Polygon City Free Pack - Environment and Interior/Prefabs/Grass/Grass_5.prefab
  artifactKey: Guid(12b4eebf8d4563549ac51c8eea79737a) Importer(815301076,1909f56bfc062723c751e8b465ee728b)
Start importing Assets/Wand and Circles/Polygon City Free Pack - Environment and Interior/Prefabs/Grass/Grass_5.prefab using Guid(12b4eebf8d4563549ac51c8eea79737a) Importer(815301076,1909f56bfc062723c751e8b465ee728b)  -> (artifact id: '71d4694ddd23c77f88c22bad99b59f87') in 1,975578 seconds 
========================================================================
Received Import Request.
  Time since last request: 0,000349 seconds.
  path: Assets/Wand and Circles/Polygon City Free Pack - Environment and Interior/Prefabs/Grass/Grass_15.prefab
  artifactKey: Guid(43c2b40910fdc7347a9b24eaa8cf4a2e) Importer(815301076,1909f56bfc062723c751e8b465ee728b)
Start importing Assets/Wand and Circles/Polygon City Free Pack - Environment and Interior/Prefabs/Grass/Grass_15.prefab using Guid(43c2b40910fdc7347a9b24eaa8cf4a2e) Importer(815301076,1909f56bfc062723c751e8b465ee728b)  -> (artifact id: '106da5116500a6101db54de389e178a5') in 1,281390 seconds 
========================================================================
Received Import Request.
  Time since last request: 0,000531 seconds.
  path: Assets/Wand and Circles/Polygon City Free Pack - Environment and Interior/Prefabs/Grass/Grass_7.prefab
  artifactKey: Guid(9bc53fc656ad0c046b71755ba0218977) Importer(815301076,1909f56bfc062723c751e8b465ee728b)
Start importing Assets/Wand and Circles/Polygon City Free Pack - Environment and Interior/Prefabs/Grass/Grass_7.prefab using Guid(9bc53fc656ad0c046b71755ba0218977) Importer(815301076,1909f56bfc062723c751e8b465ee728b)  -> (artifact id: 'b522ccf1e84a41fdd85b5d03f9ab85da') in 0,520125 seconds 
========================================================================
Received Import Request.
  Time since last request: 0,000193 seconds.
  path: Assets/Wand and Circles/Polygon City Free Pack - Environment and Interior/Prefabs/Grass/Grass_13.prefab
  artifactKey: Guid(2f41411069fdac54a96b89d596a7a69a) Importer(815301076,1909f56bfc062723c751e8b465ee728b)
Start importing Assets/Wand and Circles/Polygon City Free Pack - Environment and Interior/Prefabs/Grass/Grass_13.prefab using Guid(2f41411069fdac54a96b89d596a7a69a) Importer(815301076,1909f56bfc062723c751e8b465ee728b)  -> (artifact id: '344858667831dcf3ff4213804d7ee3a2') in 0,608121 seconds 
========================================================================
Received Import Request.
  Time since last request: 0,000196 seconds.
  path: Assets/Wand and Circles/Polygon City Free Pack - Environment and Interior/Prefabs/Grass/Grass_2.prefab
  artifactKey: Guid(f5cbc603d4f99ea4986d8f2ec5a479ed) Importer(815301076,1909f56bfc062723c751e8b465ee728b)
Start importing Assets/Wand and Circles/Polygon City Free Pack - Environment and Interior/Prefabs/Grass/Grass_2.prefab using Guid(f5cbc603d4f99ea4986d8f2ec5a479ed) Importer(815301076,1909f56bfc062723c751e8b465ee728b)  -> (artifact id: '1acfa3e5c6d856f4ed2c833970da7f62') in 0,764022 seconds 
========================================================================
Received Import Request.
  Time since last request: 0,000514 seconds.
  path: Assets/Wand and Circles/Polygon City Free Pack - Environment and Interior/Prefabs/Grass/Grass_9.prefab
  artifactKey: Guid(49ef492c893e3e549a7d1f8983d641d2) Importer(815301076,1909f56bfc062723c751e8b465ee728b)
Start importing Assets/Wand and Circles/Polygon City Free Pack - Environment and Interior/Prefabs/Grass/Grass_9.prefab using Guid(49ef492c893e3e549a7d1f8983d641d2) Importer(815301076,1909f56bfc062723c751e8b465ee728b)  -> (artifact id: '5d226f2c4a6fb1df27da5012ac931847') in 1,134895 seconds 
========================================================================
Received Import Request.
  Time since last request: 0,000406 seconds.
  path: Assets/Wand and Circles/Polygon City Free Pack - Environment and Interior/Prefabs/Grass/Grass_14.prefab
  artifactKey: Guid(a69f6e3a9a6be3145848ddc4fe465b59) Importer(815301076,1909f56bfc062723c751e8b465ee728b)
Start importing Assets/Wand and Circles/Polygon City Free Pack - Environment and Interior/Prefabs/Grass/Grass_14.prefab using Guid(a69f6e3a9a6be3145848ddc4fe465b59) Importer(815301076,1909f56bfc062723c751e8b465ee728b)  -> (artifact id: '9ae01b7b02a2db398d6eac0e9a8380f8') in 0,188602 seconds 
========================================================================
Received Import Request.
  Time since last request: 0,000537 seconds.
  path: Assets/Wand and Circles/Polygon City Free Pack - Environment and Interior/Prefabs/Grass/Grass_11.prefab
  artifactKey: Guid(b20ee5f093f9aaa4eb816b2fe4bfb0a1) Importer(815301076,1909f56bfc062723c751e8b465ee728b)
Start importing Assets/Wand and Circles/Polygon City Free Pack - Environment and Interior/Prefabs/Grass/Grass_11.prefab using Guid(b20ee5f093f9aaa4eb816b2fe4bfb0a1) Importer(815301076,1909f56bfc062723c751e8b465ee728b)  -> (artifact id: '8a50785d39bda38e39306f14ad785b43') in 0,051875 seconds 
========================================================================
Received Import Request.
  Time since last request: 0,000256 seconds.
  path: Assets/Wand and Circles/Polygon City Free Pack - Environment and Interior/Prefabs/Grass/Grass_8.prefab
  artifactKey: Guid(80b515f23ae6a6544bca47008edf25b8) Importer(815301076,1909f56bfc062723c751e8b465ee728b)
Start importing Assets/Wand and Circles/Polygon City Free Pack - Environment and Interior/Prefabs/Grass/Grass_8.prefab using Guid(80b515f23ae6a6544bca47008edf25b8) Importer(815301076,1909f56bfc062723c751e8b465ee728b)  -> (artifact id: 'd40ec8b834a17aae9e411b35a2521c78') in 0,043557 seconds 
========================================================================
Received Import Request.
  Time since last request: 0,000225 seconds.
  path: Assets/GLASSOFCOINS - FPS low poly fps/attachements/attachments_prefabs/Sniper_Scope_prefab.prefab
  artifactKey: Guid(3edf8ca5424fc2345b6a1fe0a0475014) Importer(815301076,1909f56bfc062723c751e8b465ee728b)
Start importing Assets/GLASSOFCOINS - FPS low poly fps/attachements/attachments_prefabs/Sniper_Scope_prefab.prefab using Guid(3edf8ca5424fc2345b6a1fe0a0475014) Importer(815301076,1909f56bfc062723c751e8b465ee728b)  -> (artifact id: 'd1c17aa66d31e0f6179dd476b980e54e') in 0,031596 seconds 
========================================================================
Received Import Request.
  Time since last request: 0,000214 seconds.
  path: Assets/Wand and Circles/Polygon City Free Pack - Environment and Interior/Prefabs/Grass/Grass_10.prefab
  artifactKey: Guid(b8b5d1fbe7ab5304fa03f7fb6f486a59) Importer(815301076,1909f56bfc062723c751e8b465ee728b)
Start importing Assets/Wand and Circles/Polygon City Free Pack - Environment and Interior/Prefabs/Grass/Grass_10.prefab using Guid(b8b5d1fbe7ab5304fa03f7fb6f486a59) Importer(815301076,1909f56bfc062723c751e8b465ee728b)  -> (artifact id: '7230fbcfe5c56725b9474475388f980d') in 0,032007 seconds 
========================================================================
Received Import Request.
  Time since last request: 0,000195 seconds.
  path: Assets/GLASSOFCOINS - FPS low poly fps/smg2(sub-machine gun)/smg2(sub-machine gun).fbx
  artifactKey: Guid(9dc5517fd53dccb40b195e1098d5ebb4) Importer(815301076,1909f56bfc062723c751e8b465ee728b)
Start importing Assets/GLASSOFCOINS - FPS low poly fps/smg2(sub-machine gun)/smg2(sub-machine gun).fbx using Guid(9dc5517fd53dccb40b195e1098d5ebb4) Importer(815301076,1909f56bfc062723c751e8b465ee728b)  -> (artifact id: '62825ce76b6edb7bce5eeee3810a01db') in 0,100594 seconds 
========================================================================
Received Import Request.
  Time since last request: 0,000514 seconds.
  path: Assets/Wand and Circles/Polygon City Free Pack - Environment and Interior/Prefabs/Grass/Grass_6.prefab
  artifactKey: Guid(31347e402e4454040a611165ab198d94) Importer(815301076,1909f56bfc062723c751e8b465ee728b)
Start importing Assets/Wand and Circles/Polygon City Free Pack - Environment and Interior/Prefabs/Grass/Grass_6.prefab using Guid(31347e402e4454040a611165ab198d94) Importer(815301076,1909f56bfc062723c751e8b465ee728b)  -> (artifact id: '0ff4f07951960bac95228dc2db6b2a59') in 0,050893 seconds 
========================================================================
Received Import Request.
  Time since last request: 0,000240 seconds.
  path: Assets/Wand and Circles/Polygon City Free Pack - Environment and Interior/Prefabs/Grass/Grass_12.prefab
  artifactKey: Guid(0d3028055436e3449aea68abe0492d38) Importer(815301076,1909f56bfc062723c751e8b465ee728b)
Start importing Assets/Wand and Circles/Polygon City Free Pack - Environment and Interior/Prefabs/Grass/Grass_12.prefab using Guid(0d3028055436e3449aea68abe0492d38) Importer(815301076,1909f56bfc062723c751e8b465ee728b)  -> (artifact id: 'f51314c1119d0e74246c991c3a9f2f8d') in 0,031159 seconds 
========================================================================
Received Import Request.
  Time since last request: 0,000177 seconds.
  path: Assets/GLASSOFCOINS - FPS low poly fps/smg2(sub-machine gun)/smg2(sub-machine gun)_prefab/smg2(sub-machine gun)_prefab.prefab
  artifactKey: Guid(8ab77e6f6ff2a2f4dab767114124c086) Importer(815301076,1909f56bfc062723c751e8b465ee728b)
Start importing Assets/GLASSOFCOINS - FPS low poly fps/smg2(sub-machine gun)/smg2(sub-machine gun)_prefab/smg2(sub-machine gun)_prefab.prefab using Guid(8ab77e6f6ff2a2f4dab767114124c086) Importer(815301076,1909f56bfc062723c751e8b465ee728b)  -> (artifact id: 'bd7c0a085bab6abcac70977dc068cc46') in 0,032489 seconds 
========================================================================
Received Import Request.
  Time since last request: 0,000107 seconds.
  path: Assets/Wand and Circles/Polygon City Free Pack - Environment and Interior/Prefabs/Grass/Grass_4.prefab
  artifactKey: Guid(50ad029403f04aa42800c58723220bb1) Importer(815301076,1909f56bfc062723c751e8b465ee728b)
Start importing Assets/Wand and Circles/Polygon City Free Pack - Environment and Interior/Prefabs/Grass/Grass_4.prefab using Guid(50ad029403f04aa42800c58723220bb1) Importer(815301076,1909f56bfc062723c751e8b465ee728b)  -> (artifact id: 'c99e85c22aea4e9d43ae41b81f7345ac') in 0,036891 seconds 
========================================================================
Received Import Request.
  Time since last request: 0,000452 seconds.
  path: Assets/Wand and Circles/Polygon City Free Pack - Environment and Interior/Prefabs/Grass/Grass_3.prefab
  artifactKey: Guid(42b30bc62c7d1b84a96865dc9cf52934) Importer(815301076,1909f56bfc062723c751e8b465ee728b)
Start importing Assets/Wand and Circles/Polygon City Free Pack - Environment and Interior/Prefabs/Grass/Grass_3.prefab using Guid(42b30bc62c7d1b84a96865dc9cf52934) Importer(815301076,1909f56bfc062723c751e8b465ee728b)  -> (artifact id: '1cc701a457ec0a5eff62d324003c9a76') in 0,047790 seconds 
========================================================================
Received Import Request.
  Time since last request: 19,959647 seconds.
  path: Assets/Prefabs/Guns/ar1.prefab
  artifactKey: Guid(b67af9158b9e5448f80df25019a4dbe6) Importer(815301076,1909f56bfc062723c751e8b465ee728b)
Start importing Assets/Prefabs/Guns/ar1.prefab using Guid(b67af9158b9e5448f80df25019a4dbe6) Importer(815301076,1909f56bfc062723c751e8b465ee728b) Diagnostics callstack to track who triggered the sub-import:
 #5 ImportAsset(core::hash_map<AssetDatabase::ImporterID, ImporterInfo, core::hash<AssetDatabase::ImporterID>, std::equal_to<AssetDatabase::ImporterID> > const&, dynamic_array<PostprocessorInfo, 0ul> const&, AssetResolveTracker const&, ImportAssetInputs const&, ImportAssetOutputs&, IImportProgress*)
 #6 AssetImportWorker::Import(AssetResolver&, WorkerImportPayload const&, WorkerImportResponse&, IImportProgress*, bool*)
 #7 core::mutable_function<void ()>::DispatchT<IOService::PostHelper<AssetImportWorkerClient::HandleMessage(ImportRequestMessage const&)::$_6>(AssetImportWorkerClient::HandleMessage(ImportRequestMessage const&)::$_6&&, IOService::WrapCallableInFunctionTag)::{lambda()#1}>::Dispatch()
 #8 asio::detail::completion_handler<core::mutable_function<void ()> >::do_complete(asio::detail::task_io_service*, asio::detail::task_io_service_operation*, std::error_code const&, unsigned long)
 #9 asio::detail::task_io_service::do_run_one(asio::detail::scoped_lock<asio::detail::posix_mutex>&, asio::detail::task_io_service_thread_info&, std::error_code const&)
 #10 asio::detail::task_io_service::run(std::error_code&)
 #11 asio::io_service::run()
 #12 IOService::Run(bool)
 #13 RunAssetImporterV2()
 #14 Application::InitializeProject()
 #15 InitializeUnity(void*)
 #16 g_source_get_time
 #17 g_main_context_dispatch
 #18 g_main_context_dispatch
 #19 g_main_loop_run
 #20 gtk_main
 #21 main
 #22 __libc_start_main
 #23 _start

Requesting import of Guid(b67af9158b9e5448f80df25019a4dbe6) Importer(-1,00000000000000000000000000000000), Assets/Prefabs/Guns/ar1.prefab from editor
Resuming Guid(b67af9158b9e5448f80df25019a4dbe6) Importer(-1,00000000000000000000000000000000) -> 00000000000000000000000000000000 
VerifyArtifactRevisionIntegrity called with invalid artifact id
Assertion failed on expression: 'unsafeDependencies != nullptr'
Assertion failed on expression: 'unsafeDependencies != nullptr'
Assertion failed on expression: 'unsafeMetaInfo != nullptr'
Assertion failed on expression: 'safeMetaInfo != nullptr'
Assertion failed on expression: 'r.artifactID.IsValid() || r.abortImport'
Diagnostics callstack to track who triggered the sub-import:
 #5 ImportToObjects(core::basic_string<char, core::StringStorageDefault<char> > const&, core::hash_map<AssetDatabase::ImporterID, ImporterInfo, core::hash<AssetDatabase::ImporterID>, std::equal_to<AssetDatabase::ImporterID> > const&, dynamic_array<PostprocessorInfo, 0ul> const&, AssetResolveTracker const&, ImportAssetInputs const&, ImportAssetOutputs&, IImportProgress*)
 #6 ImportAsset(core::hash_map<AssetDatabase::ImporterID, ImporterInfo, core::hash<AssetDatabase::ImporterID>, std::equal_to<AssetDatabase::ImporterID> > const&, dynamic_array<PostprocessorInfo, 0ul> const&, AssetResolveTracker const&, ImportAssetInputs const&, ImportAssetOutputs&, IImportProgress*)
 #7 AssetImportWorker::Import(AssetResolver&, WorkerImportPayload const&, WorkerImportResponse&, IImportProgress*, bool*)
 #8 core::mutable_function<void ()>::DispatchT<IOService::PostHelper<AssetImportWorkerClient::HandleMessage(ImportRequestMessage const&)::$_6>(AssetImportWorkerClient::HandleMessage(ImportRequestMessage const&)::$_6&&, IOService::WrapCallableInFunctionTag)::{lambda()#1}>::Dispatch()
 #9 asio::detail::completion_handler<core::mutable_function<void ()> >::do_complete(asio::detail::task_io_service*, asio::detail::task_io_service_operation*, std::error_code const&, unsigned long)
 #10 asio::detail::task_io_service::do_run_one(asio::detail::scoped_lock<asio::detail::posix_mutex>&, asio::detail::task_io_service_thread_info&, std::error_code const&)
 #11 asio::detail::task_io_service::run(std::error_code&)
 #12 asio::io_service::run()
 #13 IOService::Run(bool)
 #14 RunAssetImporterV2()
 #15 Application::InitializeProject()
 #16 InitializeUnity(void*)
 #17 g_source_get_time
 #18 g_main_context_dispatch
 #19 g_main_context_dispatch
 #20 g_main_loop_run
 #21 gtk_main
 #22 main
 #23 __libc_start_main
 #24 _start

Sub-import of Guid(b67af9158b9e5448f80df25019a4dbe6) Importer(-1,00000000000000000000000000000000), Assets/Prefabs/Guns/ar1.prefab skipped because a previous one failed already
 -> (artifact id: '5d38bc2f4cf83e0712b7768e594884f8') in 0,043079 seconds 
AssetImportWorkerClient::OnTransportError - code=2 error=End of file
