Using pre-set license
Built from '2021.3/staging' branch; Version is '2021.3.0f1 (6eacc8284459) revision 7253192'; Using compiler version '192829333'; Build Type 'Release'
OS: 'Windows 11  (10.0.22000) 64bit Core' Language: 'es' Physical Memory: 16198 MB
BatchMode: 1, IsHumanControllingUs: 0, StartBugReporterOnCrash: 0, Is64bit: 1, IsPro: 1

COMMAND LINE ARGUMENTS:
C:\Program Files\Unity\Hub\Editor\2021.3.0f1\Editor\Unity.exe
-adb2
-batchMode
-noUpm
-name
AssetImportWorker3
-projectPath
C:/Users/artur/OneDrive/Escritorio/FICGames/TheCode3D
-logFile
Logs/AssetImportWorker3.log
-srvPort
15444
Successfully changed project path to: C:/Users/artur/OneDrive/Escritorio/FICGames/TheCode3D
C:/Users/artur/OneDrive/Escritorio/FICGames/TheCode3D
[UnityMemory] Configuration Parameters - Can be set up in boot.config
    "memorysetup-bucket-allocator-granularity=16"
    "memorysetup-bucket-allocator-bucket-count=8"
    "memorysetup-bucket-allocator-block-size=33554432"
    "memorysetup-bucket-allocator-block-count=8"
    "memorysetup-main-allocator-block-size=16777216"
    "memorysetup-thread-allocator-block-size=16777216"
    "memorysetup-gfx-main-allocator-block-size=16777216"
    "memorysetup-gfx-thread-allocator-block-size=16777216"
    "memorysetup-cache-allocator-block-size=4194304"
    "memorysetup-typetree-allocator-block-size=2097152"
    "memorysetup-profiler-bucket-allocator-granularity=16"
    "memorysetup-profiler-bucket-allocator-bucket-count=8"
    "memorysetup-profiler-bucket-allocator-block-size=33554432"
    "memorysetup-profiler-bucket-allocator-block-count=8"
    "memorysetup-profiler-allocator-block-size=16777216"
    "memorysetup-profiler-editor-allocator-block-size=1048576"
    "memorysetup-temp-allocator-size-main=16777216"
    "memorysetup-job-temp-allocator-block-size=2097152"
    "memorysetup-job-temp-allocator-block-size-background=1048576"
    "memorysetup-job-temp-allocator-reduction-small-platforms=262144"
    "memorysetup-temp-allocator-size-background-worker=32768"
    "memorysetup-temp-allocator-size-job-worker=262144"
    "memorysetup-temp-allocator-size-preload-manager=33554432"
    "memorysetup-temp-allocator-size-nav-mesh-worker=65536"
    "memorysetup-temp-allocator-size-audio-worker=65536"
    "memorysetup-temp-allocator-size-cloud-worker=32768"
    "memorysetup-temp-allocator-size-gi-baking-worker=262144"
    "memorysetup-temp-allocator-size-gfx=262144"
Refreshing native plugins compatible for Editor in 257.39 ms, found 2 plugins.
Preloading 0 native plugins for Editor in 0.00 ms.
Initialize engine version: 2021.3.0f1 (6eacc8284459)
[Subsystems] Discovering subsystems at path C:/Program Files/Unity/Hub/Editor/2021.3.0f1/Editor/Data/Resources/UnitySubsystems
[Subsystems] Discovering subsystems at path C:/Users/artur/OneDrive/Escritorio/FICGames/TheCode3D/Assets
GfxDevice: creating device client; threaded=0; jobified=0
Direct3D:
    Version:  Direct3D 11.0 [level 11.1]
    Renderer: NVIDIA GeForce GTX 1050 with Max-Q Design (ID=0x1c8d)
    Vendor:   NVIDIA
    VRAM:     1979 MB
    Driver:   27.21.14.6259
Initialize mono
Mono path[0] = 'C:/Program Files/Unity/Hub/Editor/2021.3.0f1/Editor/Data/Managed'
Mono path[1] = 'C:/Program Files/Unity/Hub/Editor/2021.3.0f1/Editor/Data/MonoBleedingEdge/lib/mono/unityjit-win32'
Mono config path = 'C:/Program Files/Unity/Hub/Editor/2021.3.0f1/Editor/Data/MonoBleedingEdge/etc'
Using monoOptions --debugger-agent=transport=dt_socket,embedding=1,server=y,suspend=n,address=127.0.0.1:56816
Begin MonoManager ReloadAssembly
Registering precompiled unity dll's ...
Register platform support module: C:/Program Files/Unity/Hub/Editor/2021.3.0f1/Editor/Data/PlaybackEngines/WindowsStandaloneSupport/UnityEditor.WindowsStandalone.Extensions.dll
Registered in 0.017309 seconds.
Native extension for WindowsStandalone target not found
Refreshing native plugins compatible for Editor in 96.15 ms, found 2 plugins.
Preloading 0 native plugins for Editor in 0.00 ms.
Mono: successfully reloaded assembly
- Completed reload, in  1.965 seconds
Domain Reload Profiling:
	ReloadAssembly (1967ms)
		BeginReloadAssembly (211ms)
			ExecutionOrderSort (0ms)
			DisableScriptedObjects (0ms)
			BackupInstance (0ms)
			ReleaseScriptingObjects (0ms)
			CreateAndSetChildDomain (2ms)
		EndReloadAssembly (1345ms)
			LoadAssemblies (205ms)
			RebuildTransferFunctionScriptingTraits (0ms)
			SetupTypeCache (349ms)
			ReleaseScriptCaches (0ms)
			RebuildScriptCaches (97ms)
			SetupLoadedEditorAssemblies (749ms)
				LogAssemblyErrors (0ms)
				InitializePlatformSupportModulesInManaged (23ms)
				SetLoadedEditorAssemblies (1ms)
				RefreshPlugins (96ms)
				BeforeProcessingInitializeOnLoad (4ms)
				ProcessInitializeOnLoadAttributes (476ms)
				ProcessInitializeOnLoadMethodAttributes (149ms)
				AfterProcessingInitializeOnLoad (0ms)
				EditorAssembliesLoaded (0ms)
			ExecutionOrderSort2 (0ms)
			AwakeInstancesAfterBackupRestoration (0ms)
Platform modules already initialized, skipping
Registering precompiled user dll's ...
Registered in 0.007113 seconds.
Begin MonoManager ReloadAssembly
Symbol file LoadedFromMemory is not a mono symbol file
Native extension for WindowsStandalone target not found
Refreshing native plugins compatible for Editor in 0.94 ms, found 2 plugins.
Preloading 0 native plugins for Editor in 0.00 ms.
Mono: successfully reloaded assembly
- Completed reload, in  2.570 seconds
Domain Reload Profiling:
	ReloadAssembly (2572ms)
		BeginReloadAssembly (328ms)
			ExecutionOrderSort (0ms)
			DisableScriptedObjects (18ms)
			BackupInstance (0ms)
			ReleaseScriptingObjects (0ms)
			CreateAndSetChildDomain (55ms)
		EndReloadAssembly (1890ms)
			LoadAssemblies (217ms)
			RebuildTransferFunctionScriptingTraits (0ms)
			SetupTypeCache (554ms)
			ReleaseScriptCaches (1ms)
			RebuildScriptCaches (131ms)
			SetupLoadedEditorAssemblies (865ms)
				LogAssemblyErrors (0ms)
				InitializePlatformSupportModulesInManaged (15ms)
				SetLoadedEditorAssemblies (1ms)
				RefreshPlugins (1ms)
				BeforeProcessingInitializeOnLoad (143ms)
				ProcessInitializeOnLoadAttributes (616ms)
				ProcessInitializeOnLoadMethodAttributes (73ms)
				AfterProcessingInitializeOnLoad (16ms)
				EditorAssembliesLoaded (0ms)
			ExecutionOrderSort2 (0ms)
			AwakeInstancesAfterBackupRestoration (19ms)
Platform modules already initialized, skipping
========================================================================
Worker process is ready to serve import requests
Launched and connected shader compiler UnityShaderCompiler.exe after 0.17 seconds
Refreshing native plugins compatible for Editor in 0.98 ms, found 2 plugins.
Preloading 0 native plugins for Editor in 0.00 ms.
Unloading 1544 Unused Serialized files (Serialized files now loaded: 0)
Unloading 16 unused Assets / (57.2 KB). Loaded Objects now: 2026.
Memory consumption went from 81.5 MB to 81.4 MB.
Total: 7.350200 ms (FindLiveObjects: 0.299500 ms CreateObjectMapping: 0.207900 ms MarkObjects: 6.647700 ms  DeleteObjects: 0.192900 ms)

AssetImportParameters requested are different than current active one (requested -> active):
  custom:video-decoder-ogg-theora: a1e56fd34408186e4bbccfd4996cb3dc -> 
  custom:container-muxer-webm: aa71ff27fc2769a1b78a27578f13a17b -> 
  custom:container-demuxer-webm: 4f35f7cbe854078d1ac9338744f61a02 -> 
  custom:video-encoder-webm-vp8: eb34c28f22e8b96e1ab97ce403110664 -> 
  custom:audio-encoder-webm-vorbis: bf7c407c2cedff20999df2af8eb42d56 -> 
  custom:framework-win-MediaFoundation: 216162199b28c13a410421893ffa2e32 -> 
  custom:container-demuxer-ogg: 62fdf1f143b41e24485cea50d1cbac27 -> 
  custom:video-decoder-webm-vp8: 9c59270c3fd7afecdb556c50c9e8de78 -> 
  custom:audio-decoder-ogg-vorbis: bf7c407c2cedff20999df2af8eb42d56 -> 
========================================================================
Received Import Request.
  Time since last request: 5023.043955 seconds.
  path: Assets/Wand and Circles/Polygon City Free Pack - Environment and Interior/Prefabs/Desks/Desk_0.prefab
  artifactKey: Guid(e6da1cacb5322814aa0d26dc3caf5a8e) Importer(815301076,1909f56bfc062723c751e8b465ee728b)
Start importing Assets/Wand and Circles/Polygon City Free Pack - Environment and Interior/Prefabs/Desks/Desk_0.prefab using Guid(e6da1cacb5322814aa0d26dc3caf5a8e) Importer(815301076,1909f56bfc062723c751e8b465ee728b)  -> (artifact id: '8aabe90ea5050dbbee9065d822dedfd5') in 0.551121 seconds 
========================================================================
Received Import Request.
  Time since last request: 1.114060 seconds.
  path: Assets/Wand and Circles/Polygon City Free Pack - Environment and Interior/Prefabs/Desks/Desk_9.prefab
  artifactKey: Guid(6bd930ad73b9ff84daa128f8c0f85b65) Importer(815301076,1909f56bfc062723c751e8b465ee728b)
Start importing Assets/Wand and Circles/Polygon City Free Pack - Environment and Interior/Prefabs/Desks/Desk_9.prefab using Guid(6bd930ad73b9ff84daa128f8c0f85b65) Importer(815301076,1909f56bfc062723c751e8b465ee728b)  -> (artifact id: '12002dbed1e1c85792ac8016a10083f0') in 0.050648 seconds 
========================================================================
Received Import Request.
  Time since last request: 1.198960 seconds.
  path: Assets/Wand and Circles/Polygon City Free Pack - Environment and Interior/Prefabs/Desks/Desk_13.prefab
  artifactKey: Guid(6e81d7f77fcd29545adbac3c59a3f90c) Importer(815301076,1909f56bfc062723c751e8b465ee728b)
Start importing Assets/Wand and Circles/Polygon City Free Pack - Environment and Interior/Prefabs/Desks/Desk_13.prefab using Guid(6e81d7f77fcd29545adbac3c59a3f90c) Importer(815301076,1909f56bfc062723c751e8b465ee728b)  -> (artifact id: '3db07bdf021e9c5811d00275498ab36a') in 0.061144 seconds 
========================================================================
Received Import Request.
  Time since last request: 0.003160 seconds.
  path: Assets/Wand and Circles/Polygon City Free Pack - Environment and Interior/Prefabs/Desks/Desk_15.prefab
  artifactKey: Guid(2ea8d1536187d2947bc1573e09187e7c) Importer(815301076,1909f56bfc062723c751e8b465ee728b)
Start importing Assets/Wand and Circles/Polygon City Free Pack - Environment and Interior/Prefabs/Desks/Desk_15.prefab using Guid(2ea8d1536187d2947bc1573e09187e7c) Importer(815301076,1909f56bfc062723c751e8b465ee728b)  -> (artifact id: 'b7ee6d9d1d609c1ea9fc5629b8d41ac5') in 0.072049 seconds 
========================================================================
Received Import Request.
  Time since last request: 0.000056 seconds.
  path: Assets/Wand and Circles/Polygon City Free Pack - Environment and Interior/Prefabs/Desks/Desk_17.prefab
  artifactKey: Guid(aa274f39c4ee85c428f8e61920935b5f) Importer(815301076,1909f56bfc062723c751e8b465ee728b)
Start importing Assets/Wand and Circles/Polygon City Free Pack - Environment and Interior/Prefabs/Desks/Desk_17.prefab using Guid(aa274f39c4ee85c428f8e61920935b5f) Importer(815301076,1909f56bfc062723c751e8b465ee728b)  -> (artifact id: '7d6e29f3ae09c61c7747b86f0c264203') in 0.046547 seconds 
========================================================================
Received Import Request.
  Time since last request: 0.000055 seconds.
  path: Assets/Wand and Circles/Polygon City Free Pack - Environment and Interior/Prefabs/Desks/Desk_19.prefab
  artifactKey: Guid(2924a7781a7fe4742903b8164b39ee3f) Importer(815301076,1909f56bfc062723c751e8b465ee728b)
Start importing Assets/Wand and Circles/Polygon City Free Pack - Environment and Interior/Prefabs/Desks/Desk_19.prefab using Guid(2924a7781a7fe4742903b8164b39ee3f) Importer(815301076,1909f56bfc062723c751e8b465ee728b)  -> (artifact id: '8662d646b0fc12cb5a554886ce4a43e4') in 0.072637 seconds 
========================================================================
Received Import Request.
  Time since last request: 0.000040 seconds.
  path: Assets/Wand and Circles/Polygon City Free Pack - Environment and Interior/Prefabs/Desks/Desk_20.prefab
  artifactKey: Guid(efe2e78b425f6eb4db3bb08c81ea1c9d) Importer(815301076,1909f56bfc062723c751e8b465ee728b)
Start importing Assets/Wand and Circles/Polygon City Free Pack - Environment and Interior/Prefabs/Desks/Desk_20.prefab using Guid(efe2e78b425f6eb4db3bb08c81ea1c9d) Importer(815301076,1909f56bfc062723c751e8b465ee728b)  -> (artifact id: '9d189b3bd5f0e78880b0d0274b47459d') in 0.068913 seconds 
========================================================================
Received Import Request.
  Time since last request: 0.352343 seconds.
  path: Assets/Wand and Circles/Polygon City Free Pack - Environment and Interior/Prefabs/Desks/Desk_25.prefab
  artifactKey: Guid(e083d28ffa768d84b80250e27bce1c19) Importer(815301076,1909f56bfc062723c751e8b465ee728b)
Start importing Assets/Wand and Circles/Polygon City Free Pack - Environment and Interior/Prefabs/Desks/Desk_25.prefab using Guid(e083d28ffa768d84b80250e27bce1c19) Importer(815301076,1909f56bfc062723c751e8b465ee728b)  -> (artifact id: '7a3d87c7c747c36a763eba0161e8fdab') in 0.056055 seconds 
========================================================================
Received Import Request.
  Time since last request: 0.000067 seconds.
  path: Assets/Wand and Circles/Polygon City Free Pack - Environment and Interior/Prefabs/Desks/Desk_27.prefab
  artifactKey: Guid(eb437304a2d3c9040bc027271179ef7f) Importer(815301076,1909f56bfc062723c751e8b465ee728b)
Start importing Assets/Wand and Circles/Polygon City Free Pack - Environment and Interior/Prefabs/Desks/Desk_27.prefab using Guid(eb437304a2d3c9040bc027271179ef7f) Importer(815301076,1909f56bfc062723c751e8b465ee728b)  -> (artifact id: 'bf4a0916fbd226264f5d4a9c9bb3d641') in 0.111931 seconds 
========================================================================
Received Import Request.
  Time since last request: 3.605402 seconds.
  path: Assets/Wand and Circles/Polygon City Free Pack - Environment and Interior/Prefabs/Fences/0/Fence_0.prefab
  artifactKey: Guid(67411d9fc275e104aaae9b68a9967500) Importer(815301076,1909f56bfc062723c751e8b465ee728b)
Start importing Assets/Wand and Circles/Polygon City Free Pack - Environment and Interior/Prefabs/Fences/0/Fence_0.prefab using Guid(67411d9fc275e104aaae9b68a9967500) Importer(815301076,1909f56bfc062723c751e8b465ee728b)  -> (artifact id: 'b635a771ae88f234501aaf553b73fd8c') in 0.040668 seconds 
========================================================================
Received Import Request.
  Time since last request: 0.000052 seconds.
  path: Assets/Wand and Circles/Polygon City Free Pack - Environment and Interior/Prefabs/Fences/0/Fence_1.prefab
  artifactKey: Guid(4b4568f3b92827c40a0a6ddd66253879) Importer(815301076,1909f56bfc062723c751e8b465ee728b)
Start importing Assets/Wand and Circles/Polygon City Free Pack - Environment and Interior/Prefabs/Fences/0/Fence_1.prefab using Guid(4b4568f3b92827c40a0a6ddd66253879) Importer(815301076,1909f56bfc062723c751e8b465ee728b)  -> (artifact id: '5e7cb427bd5d23b7dfea0d475e6b0909') in 0.055671 seconds 
========================================================================
Received Import Request.
  Time since last request: 7.119716 seconds.
  path: Assets/Wand and Circles/Polygon City Free Pack - Environment and Interior/Prefabs/Fences/1/Fence_1.prefab
  artifactKey: Guid(153da262b996bc44d905053f101d44f2) Importer(815301076,1909f56bfc062723c751e8b465ee728b)
Start importing Assets/Wand and Circles/Polygon City Free Pack - Environment and Interior/Prefabs/Fences/1/Fence_1.prefab using Guid(153da262b996bc44d905053f101d44f2) Importer(815301076,1909f56bfc062723c751e8b465ee728b)  -> (artifact id: '6ee91280f3441e7b048b2c7b14ab6f2e') in 0.036280 seconds 
========================================================================
Received Import Request.
  Time since last request: 0.000042 seconds.
  path: Assets/Wand and Circles/Polygon City Free Pack - Environment and Interior/Prefabs/Fences/1/Fence_2.prefab
  artifactKey: Guid(e9212b736d0ee064680b1e80b0d07ea1) Importer(815301076,1909f56bfc062723c751e8b465ee728b)
Start importing Assets/Wand and Circles/Polygon City Free Pack - Environment and Interior/Prefabs/Fences/1/Fence_2.prefab using Guid(e9212b736d0ee064680b1e80b0d07ea1) Importer(815301076,1909f56bfc062723c751e8b465ee728b)  -> (artifact id: '65f173e81fb6b82ae074a92ca2dd06ff') in 0.038239 seconds 
========================================================================
Received Import Request.
  Time since last request: 6.905114 seconds.
  path: Assets/Wand and Circles/Polygon City Free Pack - Environment and Interior/Prefabs/Trees/Tree_1.prefab
  artifactKey: Guid(f68ca928f6c76ca4993083296704ea01) Importer(815301076,1909f56bfc062723c751e8b465ee728b)
Start importing Assets/Wand and Circles/Polygon City Free Pack - Environment and Interior/Prefabs/Trees/Tree_1.prefab using Guid(f68ca928f6c76ca4993083296704ea01) Importer(815301076,1909f56bfc062723c751e8b465ee728b)  -> (artifact id: '9f83b6674f8ba8475d4af3ac9a070804') in 0.088778 seconds 
========================================================================
Received Import Request.
  Time since last request: 0.000034 seconds.
  path: Assets/Wand and Circles/Polygon City Free Pack - Environment and Interior/Prefabs/Trees/Tree_5.prefab
  artifactKey: Guid(671057bf3cea25e439249d518c9ab427) Importer(815301076,1909f56bfc062723c751e8b465ee728b)
Start importing Assets/Wand and Circles/Polygon City Free Pack - Environment and Interior/Prefabs/Trees/Tree_5.prefab using Guid(671057bf3cea25e439249d518c9ab427) Importer(815301076,1909f56bfc062723c751e8b465ee728b)  -> (artifact id: '012f7e9b0e3349ad6ca8c5f3ede1489c') in 0.075814 seconds 
========================================================================
Received Import Request.
  Time since last request: 3.159577 seconds.
  path: Assets/Wand and Circles/Polygon City Free Pack - Environment and Interior/Prefabs/Trees/Tree_21.prefab
  artifactKey: Guid(a243b9e001f8cac498844200c37de164) Importer(815301076,1909f56bfc062723c751e8b465ee728b)
Start importing Assets/Wand and Circles/Polygon City Free Pack - Environment and Interior/Prefabs/Trees/Tree_21.prefab using Guid(a243b9e001f8cac498844200c37de164) Importer(815301076,1909f56bfc062723c751e8b465ee728b)  -> (artifact id: '8ce61505e0d3ac87ea97cfd771a3b971') in 0.067702 seconds 
========================================================================
Received Import Request.
  Time since last request: 0.000068 seconds.
  path: Assets/Wand and Circles/Polygon City Free Pack - Environment and Interior/Prefabs/Trees/Tree_23.prefab
  artifactKey: Guid(c62714803f850ff4fbaad7aab670523f) Importer(815301076,1909f56bfc062723c751e8b465ee728b)
Start importing Assets/Wand and Circles/Polygon City Free Pack - Environment and Interior/Prefabs/Trees/Tree_23.prefab using Guid(c62714803f850ff4fbaad7aab670523f) Importer(815301076,1909f56bfc062723c751e8b465ee728b)  -> (artifact id: '2cdf60447a8556b4696beaff778eb334') in 0.071198 seconds 
========================================================================
Received Import Request.
  Time since last request: 0.000043 seconds.
  path: Assets/Wand and Circles/Polygon City Free Pack - Environment and Interior/Prefabs/Trees/Tree_26.prefab
  artifactKey: Guid(720c1bb08de9cd049a23fc71b46211e7) Importer(815301076,1909f56bfc062723c751e8b465ee728b)
Start importing Assets/Wand and Circles/Polygon City Free Pack - Environment and Interior/Prefabs/Trees/Tree_26.prefab using Guid(720c1bb08de9cd049a23fc71b46211e7) Importer(815301076,1909f56bfc062723c751e8b465ee728b)  -> (artifact id: '6342480305392480ac3c5065cd860d00') in 0.072676 seconds 
========================================================================
Received Import Request.
  Time since last request: 0.000071 seconds.
  path: Assets/Wand and Circles/Polygon City Free Pack - Environment and Interior/Prefabs/Trees/Tree_33.prefab
  artifactKey: Guid(55e2779e6396fa24289e5aaef0069acb) Importer(815301076,1909f56bfc062723c751e8b465ee728b)
Start importing Assets/Wand and Circles/Polygon City Free Pack - Environment and Interior/Prefabs/Trees/Tree_33.prefab using Guid(55e2779e6396fa24289e5aaef0069acb) Importer(815301076,1909f56bfc062723c751e8b465ee728b)  -> (artifact id: '71cfc96e168e9becf5749a47514ca4c9') in 0.056346 seconds 
========================================================================
Received Import Request.
  Time since last request: 0.000039 seconds.
  path: Assets/Wand and Circles/Polygon City Free Pack - Environment and Interior/Prefabs/Trees/Tree_32.prefab
  artifactKey: Guid(28baadc9ea818dc44bf4d83596a82f5f) Importer(815301076,1909f56bfc062723c751e8b465ee728b)
Start importing Assets/Wand and Circles/Polygon City Free Pack - Environment and Interior/Prefabs/Trees/Tree_32.prefab using Guid(28baadc9ea818dc44bf4d83596a82f5f) Importer(815301076,1909f56bfc062723c751e8b465ee728b)  -> (artifact id: 'f1ac276c7562a6e6014e5a293b68bba7') in 0.053255 seconds 
========================================================================
Received Import Request.
  Time since last request: 0.000054 seconds.
  path: Assets/Wand and Circles/Polygon City Free Pack - Environment and Interior/Prefabs/Trees/Tree_35.prefab
  artifactKey: Guid(7e975e51b19bd0e4aba434b404243d30) Importer(815301076,1909f56bfc062723c751e8b465ee728b)
Start importing Assets/Wand and Circles/Polygon City Free Pack - Environment and Interior/Prefabs/Trees/Tree_35.prefab using Guid(7e975e51b19bd0e4aba434b404243d30) Importer(815301076,1909f56bfc062723c751e8b465ee728b)  -> (artifact id: 'cb26f79a351b4b524236b9c0e9e1936f') in 0.050174 seconds 
========================================================================
Received Import Request.
  Time since last request: 249.342279 seconds.
  path: Assets/Wand and Circles/Polygon City Free Pack - Environment and Interior/Prefabs/Grass/Grass_0.prefab
  artifactKey: Guid(a604e8291c5d427499509c842df584f2) Importer(815301076,1909f56bfc062723c751e8b465ee728b)
Start importing Assets/Wand and Circles/Polygon City Free Pack - Environment and Interior/Prefabs/Grass/Grass_0.prefab using Guid(a604e8291c5d427499509c842df584f2) Importer(815301076,1909f56bfc062723c751e8b465ee728b)  -> (artifact id: 'bfb37bf9cbe0eeba787043fc2fb18b5d') in 0.130684 seconds 
========================================================================
Received Import Request.
  Time since last request: 0.000376 seconds.
  path: Assets/Wand and Circles/Polygon City Free Pack - Environment and Interior/Prefabs/Grass/Grass_2.prefab
  artifactKey: Guid(f5cbc603d4f99ea4986d8f2ec5a479ed) Importer(815301076,1909f56bfc062723c751e8b465ee728b)
Start importing Assets/Wand and Circles/Polygon City Free Pack - Environment and Interior/Prefabs/Grass/Grass_2.prefab using Guid(f5cbc603d4f99ea4986d8f2ec5a479ed) Importer(815301076,1909f56bfc062723c751e8b465ee728b)  -> (artifact id: '8506dcc2d9f7368b1554eca5b0caacbf') in 0.053479 seconds 
========================================================================
Received Import Request.
  Time since last request: 0.001411 seconds.
  path: Assets/Wand and Circles/Polygon City Free Pack - Environment and Interior/Prefabs/Grass/Grass_4.prefab
  artifactKey: Guid(50ad029403f04aa42800c58723220bb1) Importer(815301076,1909f56bfc062723c751e8b465ee728b)
Start importing Assets/Wand and Circles/Polygon City Free Pack - Environment and Interior/Prefabs/Grass/Grass_4.prefab using Guid(50ad029403f04aa42800c58723220bb1) Importer(815301076,1909f56bfc062723c751e8b465ee728b)  -> (artifact id: 'e0517705880432df1d7f17222e94dcc4') in 0.047633 seconds 
========================================================================
Received Import Request.
  Time since last request: 1.201693 seconds.
  path: Assets/Wand and Circles/Polygon City Free Pack - Environment and Interior/Prefabs/Grass/Grass_8.prefab
  artifactKey: Guid(80b515f23ae6a6544bca47008edf25b8) Importer(815301076,1909f56bfc062723c751e8b465ee728b)
Start importing Assets/Wand and Circles/Polygon City Free Pack - Environment and Interior/Prefabs/Grass/Grass_8.prefab using Guid(80b515f23ae6a6544bca47008edf25b8) Importer(815301076,1909f56bfc062723c751e8b465ee728b)  -> (artifact id: '168a16abb5b790771543afe52f8cf2de') in 0.038753 seconds 
========================================================================
Received Import Request.
  Time since last request: 0.276092 seconds.
  path: Assets/Wand and Circles/Polygon City Free Pack - Environment and Interior/Prefabs/Grass/Grass_10.prefab
  artifactKey: Guid(b8b5d1fbe7ab5304fa03f7fb6f486a59) Importer(815301076,1909f56bfc062723c751e8b465ee728b)
Start importing Assets/Wand and Circles/Polygon City Free Pack - Environment and Interior/Prefabs/Grass/Grass_10.prefab using Guid(b8b5d1fbe7ab5304fa03f7fb6f486a59) Importer(815301076,1909f56bfc062723c751e8b465ee728b)  -> (artifact id: '1940016599981997c47479e36e7b7374') in 0.066237 seconds 
========================================================================
Received Import Request.
  Time since last request: 0.000045 seconds.
  path: Assets/Wand and Circles/Polygon City Free Pack - Environment and Interior/Prefabs/Grass/Grass_11.prefab
  artifactKey: Guid(b20ee5f093f9aaa4eb816b2fe4bfb0a1) Importer(815301076,1909f56bfc062723c751e8b465ee728b)
Start importing Assets/Wand and Circles/Polygon City Free Pack - Environment and Interior/Prefabs/Grass/Grass_11.prefab using Guid(b20ee5f093f9aaa4eb816b2fe4bfb0a1) Importer(815301076,1909f56bfc062723c751e8b465ee728b)  -> (artifact id: '623c4e3016a1630a3ab93d98bf6110c1') in 0.058111 seconds 
========================================================================
Received Import Request.
  Time since last request: 11.710055 seconds.
  path: Assets/Wand and Circles/Polygon City Free Pack - Environment and Interior/Prefabs/Grass/Grass_14.prefab
  artifactKey: Guid(a69f6e3a9a6be3145848ddc4fe465b59) Importer(815301076,1909f56bfc062723c751e8b465ee728b)
Start importing Assets/Wand and Circles/Polygon City Free Pack - Environment and Interior/Prefabs/Grass/Grass_14.prefab using Guid(a69f6e3a9a6be3145848ddc4fe465b59) Importer(815301076,1909f56bfc062723c751e8b465ee728b)  -> (artifact id: '3ba134c9558b4cbb1b4b765dad51a769') in 0.087912 seconds 
========================================================================
Received Import Request.
  Time since last request: 0.480078 seconds.
  path: Assets/Wand and Circles/Polygon City Free Pack - Environment and Interior/Prefabs/Grass/Grass_18.prefab
  artifactKey: Guid(4fe7feb7f1e5c214da1654bd07e57807) Importer(815301076,1909f56bfc062723c751e8b465ee728b)
Start importing Assets/Wand and Circles/Polygon City Free Pack - Environment and Interior/Prefabs/Grass/Grass_18.prefab using Guid(4fe7feb7f1e5c214da1654bd07e57807) Importer(815301076,1909f56bfc062723c751e8b465ee728b)  -> (artifact id: '671f4d841ee786d95867c2b94f15877f') in 0.050690 seconds 
========================================================================
Received Import Request.
  Time since last request: 0.681229 seconds.
  path: Assets/Wand and Circles/Polygon City Free Pack - Environment and Interior/Prefabs/Grass/Grass_20.prefab
  artifactKey: Guid(c8c87c0ac98f9a2458b83a50f789d70d) Importer(815301076,1909f56bfc062723c751e8b465ee728b)
Start importing Assets/Wand and Circles/Polygon City Free Pack - Environment and Interior/Prefabs/Grass/Grass_20.prefab using Guid(c8c87c0ac98f9a2458b83a50f789d70d) Importer(815301076,1909f56bfc062723c751e8b465ee728b)  -> (artifact id: 'fbfb21b6cf903f71a27512e31deb917a') in 0.101694 seconds 
========================================================================
Received Import Request.
  Time since last request: 0.000161 seconds.
  path: Assets/Wand and Circles/Polygon City Free Pack - Environment and Interior/Prefabs/Grass/Grass_25.prefab
  artifactKey: Guid(4362c5a9df5e48040bdfb79a25df45bb) Importer(815301076,1909f56bfc062723c751e8b465ee728b)
Start importing Assets/Wand and Circles/Polygon City Free Pack - Environment and Interior/Prefabs/Grass/Grass_25.prefab using Guid(4362c5a9df5e48040bdfb79a25df45bb) Importer(815301076,1909f56bfc062723c751e8b465ee728b)  -> (artifact id: 'f0f006ab281c70eac7d73dc27fc38572') in 0.114402 seconds 
========================================================================
Received Import Request.
  Time since last request: 3.185357 seconds.
  path: Assets/Wand and Circles/Polygon City Free Pack - Environment and Interior/Prefabs/Props/Chair.prefab
  artifactKey: Guid(599e8e453ec32e34dac9e5ad2435e71c) Importer(815301076,1909f56bfc062723c751e8b465ee728b)
Start importing Assets/Wand and Circles/Polygon City Free Pack - Environment and Interior/Prefabs/Props/Chair.prefab using Guid(599e8e453ec32e34dac9e5ad2435e71c) Importer(815301076,1909f56bfc062723c751e8b465ee728b)  -> (artifact id: 'd6721030a8c2d3b215fcca357c5537af') in 0.056426 seconds 
========================================================================
Received Import Request.
  Time since last request: 0.000039 seconds.
  path: Assets/Wand and Circles/Polygon City Free Pack - Environment and Interior/Prefabs/Props/Cupboard 2.prefab
  artifactKey: Guid(446a8e23d121b8e4f937369a5a80006b) Importer(815301076,1909f56bfc062723c751e8b465ee728b)
Start importing Assets/Wand and Circles/Polygon City Free Pack - Environment and Interior/Prefabs/Props/Cupboard 2.prefab using Guid(446a8e23d121b8e4f937369a5a80006b) Importer(815301076,1909f56bfc062723c751e8b465ee728b)  -> (artifact id: '8bc8d0ba29fbc84b0cc4fd6b7cfc9745') in 0.061935 seconds 
========================================================================
Received Import Request.
  Time since last request: 5.414670 seconds.
  path: Assets/Wand and Circles/Polygon City Free Pack - Environment and Interior/Prefabs/Props/Awning 2.prefab
  artifactKey: Guid(2f44a6ca4e2a56c42afd9783843dc4d6) Importer(815301076,1909f56bfc062723c751e8b465ee728b)
Start importing Assets/Wand and Circles/Polygon City Free Pack - Environment and Interior/Prefabs/Props/Awning 2.prefab using Guid(2f44a6ca4e2a56c42afd9783843dc4d6) Importer(815301076,1909f56bfc062723c751e8b465ee728b)  -> (artifact id: '677c2d5186d7b0a5b6ef432a7866a507') in 0.113929 seconds 
========================================================================
Received Import Request.
  Time since last request: 0.000641 seconds.
  path: Assets/Wand and Circles/Polygon City Free Pack - Environment and Interior/Prefabs/Props/Barrel 2.prefab
  artifactKey: Guid(672f2b4a110ae8441b9e2f69e9012e67) Importer(815301076,1909f56bfc062723c751e8b465ee728b)
Start importing Assets/Wand and Circles/Polygon City Free Pack - Environment and Interior/Prefabs/Props/Barrel 2.prefab using Guid(672f2b4a110ae8441b9e2f69e9012e67) Importer(815301076,1909f56bfc062723c751e8b465ee728b)  -> (artifact id: '8975e2cfd9755e4e25e1b6135e47eeba') in 0.078294 seconds 
========================================================================
Received Import Request.
  Time since last request: 1.544181 seconds.
  path: Assets/Wand and Circles/Polygon City Free Pack - Environment and Interior/Prefabs/Props/Bath.prefab
  artifactKey: Guid(7fb2cfb6c1dd3524abc5badb8f7da2fc) Importer(815301076,1909f56bfc062723c751e8b465ee728b)
Start importing Assets/Wand and Circles/Polygon City Free Pack - Environment and Interior/Prefabs/Props/Bath.prefab using Guid(7fb2cfb6c1dd3524abc5badb8f7da2fc) Importer(815301076,1909f56bfc062723c751e8b465ee728b)  -> (artifact id: 'e63b0a53e2034f27334d768d67a28a6f') in 0.066958 seconds 
========================================================================
Received Import Request.
  Time since last request: 0.000049 seconds.
  path: Assets/Wand and Circles/Polygon City Free Pack - Environment and Interior/Prefabs/Props/Book.prefab
  artifactKey: Guid(1e8790faf0b1ad046b1707b8700fa39b) Importer(815301076,1909f56bfc062723c751e8b465ee728b)
Start importing Assets/Wand and Circles/Polygon City Free Pack - Environment and Interior/Prefabs/Props/Book.prefab using Guid(1e8790faf0b1ad046b1707b8700fa39b) Importer(815301076,1909f56bfc062723c751e8b465ee728b)  -> (artifact id: '2ac8e5636f4e61e0a2a19a831a47adf0') in 0.095286 seconds 
========================================================================
Received Import Request.
  Time since last request: 0.000945 seconds.
  path: Assets/Wand and Circles/Polygon City Free Pack - Environment and Interior/Prefabs/Props/List 2.prefab
  artifactKey: Guid(a1837989c0c20f94d960005dbada7b17) Importer(815301076,1909f56bfc062723c751e8b465ee728b)
Start importing Assets/Wand and Circles/Polygon City Free Pack - Environment and Interior/Prefabs/Props/List 2.prefab using Guid(a1837989c0c20f94d960005dbada7b17) Importer(815301076,1909f56bfc062723c751e8b465ee728b)  -> (artifact id: 'e0e90e07a513c9fe4bb054e4211ae49d') in 0.070453 seconds 
========================================================================
Received Import Request.
  Time since last request: 0.000040 seconds.
  path: Assets/Wand and Circles/Polygon City Free Pack - Environment and Interior/Prefabs/Props/List.prefab
  artifactKey: Guid(8f4992e6d713061488856f69359b99ad) Importer(815301076,1909f56bfc062723c751e8b465ee728b)
Start importing Assets/Wand and Circles/Polygon City Free Pack - Environment and Interior/Prefabs/Props/List.prefab using Guid(8f4992e6d713061488856f69359b99ad) Importer(815301076,1909f56bfc062723c751e8b465ee728b)  -> (artifact id: '510cebc376687d4d4b286401e85eba94') in 0.069341 seconds 
========================================================================
Received Import Request.
  Time since last request: 0.000053 seconds.
  path: Assets/Wand and Circles/Polygon City Free Pack - Environment and Interior/Prefabs/Props/List 5.prefab
  artifactKey: Guid(04afd6bbd04c75b4f9f689f86f59c1bb) Importer(815301076,1909f56bfc062723c751e8b465ee728b)
Start importing Assets/Wand and Circles/Polygon City Free Pack - Environment and Interior/Prefabs/Props/List 5.prefab using Guid(04afd6bbd04c75b4f9f689f86f59c1bb) Importer(815301076,1909f56bfc062723c751e8b465ee728b)  -> (artifact id: 'b30024f4cb43cfb37793ae5453297643') in 0.055566 seconds 
========================================================================
Received Import Request.
  Time since last request: 0.000043 seconds.
  path: Assets/Wand and Circles/Polygon City Free Pack - Environment and Interior/Prefabs/Props/Curtains 2.prefab
  artifactKey: Guid(33784599152868242bc30cb73069fe1d) Importer(815301076,1909f56bfc062723c751e8b465ee728b)
Start importing Assets/Wand and Circles/Polygon City Free Pack - Environment and Interior/Prefabs/Props/Curtains 2.prefab using Guid(33784599152868242bc30cb73069fe1d) Importer(815301076,1909f56bfc062723c751e8b465ee728b)  -> (artifact id: '0c34a78f12495e69bfc0b8c31bb5af79') in 0.066790 seconds 
========================================================================
Received Import Request.
  Time since last request: 0.002612 seconds.
  path: Assets/Wand and Circles/Polygon City Free Pack - Environment and Interior/Prefabs/Props/Ladder 1.prefab
  artifactKey: Guid(a4eb2a9ddd78eb34e966a129ad2a37af) Importer(815301076,1909f56bfc062723c751e8b465ee728b)
Start importing Assets/Wand and Circles/Polygon City Free Pack - Environment and Interior/Prefabs/Props/Ladder 1.prefab using Guid(a4eb2a9ddd78eb34e966a129ad2a37af) Importer(815301076,1909f56bfc062723c751e8b465ee728b)  -> (artifact id: 'c00fccf332a5bdd565e83fb1996ddca5') in 0.065443 seconds 
========================================================================
Received Import Request.
  Time since last request: 0.000039 seconds.
  path: Assets/Wand and Circles/Polygon City Free Pack - Environment and Interior/Prefabs/Props/Light 2.prefab
  artifactKey: Guid(ead7f388e5a66514680d441dfd972d27) Importer(815301076,1909f56bfc062723c751e8b465ee728b)
Start importing Assets/Wand and Circles/Polygon City Free Pack - Environment and Interior/Prefabs/Props/Light 2.prefab using Guid(ead7f388e5a66514680d441dfd972d27) Importer(815301076,1909f56bfc062723c751e8b465ee728b)  -> (artifact id: '73e5070bba6f0df513a77f25d964d903') in 0.068279 seconds 
========================================================================
Received Import Request.
  Time since last request: 0.004215 seconds.
  path: Assets/Wand and Circles/Polygon City Free Pack - Environment and Interior/Prefabs/Props/Box 1.prefab
  artifactKey: Guid(03696568ac2c4044b987f5a9954f80c1) Importer(815301076,1909f56bfc062723c751e8b465ee728b)
Start importing Assets/Wand and Circles/Polygon City Free Pack - Environment and Interior/Prefabs/Props/Box 1.prefab using Guid(03696568ac2c4044b987f5a9954f80c1) Importer(815301076,1909f56bfc062723c751e8b465ee728b)  -> (artifact id: '5afab8dfff84ac95dea8e325fe2be728') in 0.054853 seconds 
========================================================================
Received Import Request.
  Time since last request: 0.000044 seconds.
  path: Assets/Wand and Circles/Polygon City Free Pack - Environment and Interior/Prefabs/Props/List 1.prefab
  artifactKey: Guid(c7f2f2722fcee0c40ad2d9868fdca70e) Importer(815301076,1909f56bfc062723c751e8b465ee728b)
Start importing Assets/Wand and Circles/Polygon City Free Pack - Environment and Interior/Prefabs/Props/List 1.prefab using Guid(c7f2f2722fcee0c40ad2d9868fdca70e) Importer(815301076,1909f56bfc062723c751e8b465ee728b)  -> (artifact id: 'ae8394e2285236ff43244608b547df31') in 0.070873 seconds 
========================================================================
Received Import Request.
  Time since last request: 0.004652 seconds.
  path: Assets/Wand and Circles/Polygon City Free Pack - Environment and Interior/Prefabs/Props/Curtains.prefab
  artifactKey: Guid(2390c2ff1c5e2254fbb93756767c6fb8) Importer(815301076,1909f56bfc062723c751e8b465ee728b)
Start importing Assets/Wand and Circles/Polygon City Free Pack - Environment and Interior/Prefabs/Props/Curtains.prefab using Guid(2390c2ff1c5e2254fbb93756767c6fb8) Importer(815301076,1909f56bfc062723c751e8b465ee728b)  -> (artifact id: 'b09feb228f53f24151ca3f585555b7e9') in 0.088308 seconds 
========================================================================
Received Import Request.
  Time since last request: 0.000034 seconds.
  path: Assets/Wand and Circles/Polygon City Free Pack - Environment and Interior/Prefabs/Props/Bench.prefab
  artifactKey: Guid(9176f5462c21b344998c3c078c3661f6) Importer(815301076,1909f56bfc062723c751e8b465ee728b)
Start importing Assets/Wand and Circles/Polygon City Free Pack - Environment and Interior/Prefabs/Props/Bench.prefab using Guid(9176f5462c21b344998c3c078c3661f6) Importer(815301076,1909f56bfc062723c751e8b465ee728b)  -> (artifact id: '3b1f15cb92daa9be8a4f21286290285e') in 0.041019 seconds 
========================================================================
Received Import Request.
  Time since last request: 0.040385 seconds.
  path: Assets/Wand and Circles/Polygon City Free Pack - Environment and Interior/Prefabs/Props/Nightstand 1.prefab
  artifactKey: Guid(8f8a21499f9d629448e89209e679ffb6) Importer(815301076,1909f56bfc062723c751e8b465ee728b)
Start importing Assets/Wand and Circles/Polygon City Free Pack - Environment and Interior/Prefabs/Props/Nightstand 1.prefab using Guid(8f8a21499f9d629448e89209e679ffb6) Importer(815301076,1909f56bfc062723c751e8b465ee728b)  -> (artifact id: '497d8946a1f6c4315fe907bf536c428d') in 0.076330 seconds 
========================================================================
Received Import Request.
  Time since last request: 0.000056 seconds.
  path: Assets/Wand and Circles/Polygon City Free Pack - Environment and Interior/Prefabs/Props/Sink.prefab
  artifactKey: Guid(8384570be1cda2f469fe9fb0cfa14dcf) Importer(815301076,1909f56bfc062723c751e8b465ee728b)
Start importing Assets/Wand and Circles/Polygon City Free Pack - Environment and Interior/Prefabs/Props/Sink.prefab using Guid(8384570be1cda2f469fe9fb0cfa14dcf) Importer(815301076,1909f56bfc062723c751e8b465ee728b)  -> (artifact id: '2217b99fc2705bbd50919c7bc8bd2f41') in 0.047522 seconds 
========================================================================
Received Import Request.
  Time since last request: 0.000068 seconds.
  path: Assets/Wand and Circles/Polygon City Free Pack - Environment and Interior/Prefabs/Props/Picture 2.prefab
  artifactKey: Guid(ed7027d3f6ab4d741a09fa5ee55187de) Importer(815301076,1909f56bfc062723c751e8b465ee728b)
Start importing Assets/Wand and Circles/Polygon City Free Pack - Environment and Interior/Prefabs/Props/Picture 2.prefab using Guid(ed7027d3f6ab4d741a09fa5ee55187de) Importer(815301076,1909f56bfc062723c751e8b465ee728b)  -> (artifact id: '4634aa8e2ae00a73a3065bba6c3ce773') in 0.063104 seconds 
========================================================================
Received Import Request.
  Time since last request: 0.003723 seconds.
  path: Assets/Wand and Circles/Polygon City Free Pack - Environment and Interior/Prefabs/Props/Nightstand.prefab
  artifactKey: Guid(35e6f7766184fad4bb4d90c201beee78) Importer(815301076,1909f56bfc062723c751e8b465ee728b)
Start importing Assets/Wand and Circles/Polygon City Free Pack - Environment and Interior/Prefabs/Props/Nightstand.prefab using Guid(35e6f7766184fad4bb4d90c201beee78) Importer(815301076,1909f56bfc062723c751e8b465ee728b)  -> (artifact id: 'bc1c44006b97c5885bf38f16079d6d9c') in 0.065607 seconds 
========================================================================
Received Import Request.
  Time since last request: 0.002784 seconds.
  path: Assets/Wand and Circles/Polygon City Free Pack - Environment and Interior/Prefabs/Props/Table 3.prefab
  artifactKey: Guid(bcf11769da9171e4988a45bebf019cbc) Importer(815301076,1909f56bfc062723c751e8b465ee728b)
Start importing Assets/Wand and Circles/Polygon City Free Pack - Environment and Interior/Prefabs/Props/Table 3.prefab using Guid(bcf11769da9171e4988a45bebf019cbc) Importer(815301076,1909f56bfc062723c751e8b465ee728b)  -> (artifact id: '2b4ee9b91ebad92ff72064e3e501cf99') in 0.065235 seconds 
========================================================================
Received Import Request.
  Time since last request: 0.000045 seconds.
  path: Assets/Wand and Circles/Polygon City Free Pack - Environment and Interior/Prefabs/Props/Table 2.prefab
  artifactKey: Guid(dddb89b0373ae404e8e394dbdc7271e5) Importer(815301076,1909f56bfc062723c751e8b465ee728b)
Start importing Assets/Wand and Circles/Polygon City Free Pack - Environment and Interior/Prefabs/Props/Table 2.prefab using Guid(dddb89b0373ae404e8e394dbdc7271e5) Importer(815301076,1909f56bfc062723c751e8b465ee728b)  -> (artifact id: '7f2d5c3467fa3e43f313d755d9c488a7') in 0.046909 seconds 
========================================================================
Received Import Request.
  Time since last request: 0.000045 seconds.
  path: Assets/Wand and Circles/Polygon City Free Pack - Environment and Interior/Prefabs/Props/Slate 3.prefab
  artifactKey: Guid(7b8fdd4cf565a3c4daa4539e54d5098e) Importer(815301076,1909f56bfc062723c751e8b465ee728b)
Start importing Assets/Wand and Circles/Polygon City Free Pack - Environment and Interior/Prefabs/Props/Slate 3.prefab using Guid(7b8fdd4cf565a3c4daa4539e54d5098e) Importer(815301076,1909f56bfc062723c751e8b465ee728b)  -> (artifact id: '365b64cb0721548ffda78bcf3992eda0') in 0.057946 seconds 
========================================================================
Received Import Request.
  Time since last request: 0.000059 seconds.
  path: Assets/Wand and Circles/Polygon City Free Pack - Environment and Interior/Prefabs/Props/Stand.prefab
  artifactKey: Guid(f5d68353c9f009543bb651fc62240e3f) Importer(815301076,1909f56bfc062723c751e8b465ee728b)
Start importing Assets/Wand and Circles/Polygon City Free Pack - Environment and Interior/Prefabs/Props/Stand.prefab using Guid(f5d68353c9f009543bb651fc62240e3f) Importer(815301076,1909f56bfc062723c751e8b465ee728b)  -> (artifact id: '11e929202acbf60389446ae9d700f5f6') in 0.112482 seconds 
========================================================================
Received Import Request.
  Time since last request: 0.253231 seconds.
  path: Assets/Wand and Circles/Polygon City Free Pack - Environment and Interior/Prefabs/Props/Table.prefab
  artifactKey: Guid(e129e60cf32107d4d93ed950b970343b) Importer(815301076,1909f56bfc062723c751e8b465ee728b)
Start importing Assets/Wand and Circles/Polygon City Free Pack - Environment and Interior/Prefabs/Props/Table.prefab using Guid(e129e60cf32107d4d93ed950b970343b) Importer(815301076,1909f56bfc062723c751e8b465ee728b)  -> (artifact id: '769a8cda22460f2781abd0f1b587ffba') in 0.137233 seconds 
========================================================================
Received Import Request.
  Time since last request: 0.000081 seconds.
  path: Assets/Wand and Circles/Polygon City Free Pack - Environment and Interior/Prefabs/Props/Wooden pillar 1.prefab
  artifactKey: Guid(703867816858af04cad41372e6d1490d) Importer(815301076,1909f56bfc062723c751e8b465ee728b)
Start importing Assets/Wand and Circles/Polygon City Free Pack - Environment and Interior/Prefabs/Props/Wooden pillar 1.prefab using Guid(703867816858af04cad41372e6d1490d) Importer(815301076,1909f56bfc062723c751e8b465ee728b)  -> (artifact id: 'a07d9ef3aecb67997629ea7382804275') in 0.071310 seconds 
========================================================================
Received Import Request.
  Time since last request: 171.866103 seconds.
  path: Assets/Wand and Circles/Polygon City Free Pack - Environment and Interior/Prefabs/Stones/Big Stones/Big stone_1.prefab
  artifactKey: Guid(b23e5be9ef1ac4c45b532fb7fb0f7edf) Importer(815301076,1909f56bfc062723c751e8b465ee728b)
Start importing Assets/Wand and Circles/Polygon City Free Pack - Environment and Interior/Prefabs/Stones/Big Stones/Big stone_1.prefab using Guid(b23e5be9ef1ac4c45b532fb7fb0f7edf) Importer(815301076,1909f56bfc062723c751e8b465ee728b)  -> (artifact id: '8ad0561876529ab8f9171ec0c4a2bb7f') in 0.087505 seconds 
========================================================================
Received Import Request.
  Time since last request: 0.004422 seconds.
  path: Assets/Wand and Circles/Polygon City Free Pack - Environment and Interior/Prefabs/Stones/Big Stones/Big stone_4.prefab
  artifactKey: Guid(21166f7b1dcc13b4ba7e0f0c79c705eb) Importer(815301076,1909f56bfc062723c751e8b465ee728b)
Start importing Assets/Wand and Circles/Polygon City Free Pack - Environment and Interior/Prefabs/Stones/Big Stones/Big stone_4.prefab using Guid(21166f7b1dcc13b4ba7e0f0c79c705eb) Importer(815301076,1909f56bfc062723c751e8b465ee728b)  -> (artifact id: '71ab4904c92f06953304c6eb5e083c19') in 0.065384 seconds 
========================================================================
Received Import Request.
  Time since last request: 9.650044 seconds.
  path: Assets/Wand and Circles/Polygon City Free Pack - Environment and Interior/Prefabs/Stones/Little Stones/Little Stone_2.prefab
  artifactKey: Guid(62c408e5e0c457c40a67970ef12af9d7) Importer(815301076,1909f56bfc062723c751e8b465ee728b)
Start importing Assets/Wand and Circles/Polygon City Free Pack - Environment and Interior/Prefabs/Stones/Little Stones/Little Stone_2.prefab using Guid(62c408e5e0c457c40a67970ef12af9d7) Importer(815301076,1909f56bfc062723c751e8b465ee728b)  -> (artifact id: '695c5a54e112e4f0d17465f98e9ecf8b') in 0.040002 seconds 
========================================================================
Received Import Request.
  Time since last request: 0.000046 seconds.
  path: Assets/Wand and Circles/Polygon City Free Pack - Environment and Interior/Prefabs/Stones/Little Stones/Little Stone_5.prefab
  artifactKey: Guid(a255add9260ac074a8d3988a3a856d3e) Importer(815301076,1909f56bfc062723c751e8b465ee728b)
Start importing Assets/Wand and Circles/Polygon City Free Pack - Environment and Interior/Prefabs/Stones/Little Stones/Little Stone_5.prefab using Guid(a255add9260ac074a8d3988a3a856d3e) Importer(815301076,1909f56bfc062723c751e8b465ee728b)  -> (artifact id: '9c44d228fa273a044eb502765da1e506') in 0.097844 seconds 
========================================================================
Received Import Request.
  Time since last request: 0.008577 seconds.
  path: Assets/Wand and Circles/Polygon City Free Pack - Environment and Interior/Prefabs/Stones/Little Stones/Little Stone_4.prefab
  artifactKey: Guid(aa075fb6fa08ec943a041798e793583c) Importer(815301076,1909f56bfc062723c751e8b465ee728b)
Start importing Assets/Wand and Circles/Polygon City Free Pack - Environment and Interior/Prefabs/Stones/Little Stones/Little Stone_4.prefab using Guid(aa075fb6fa08ec943a041798e793583c) Importer(815301076,1909f56bfc062723c751e8b465ee728b)  -> (artifact id: 'ca7ffa041e005527768207b97c355439') in 0.092516 seconds 
Editor requested this worker to shutdown with reason: Scaling down because of idle timeout
AssetImportWorker is now disconnected from the server
Process exiting
Exiting without the bug reporter. Application will terminate with return code 0